#
# A fatal error has been detected by the Java Runtime Environment:
#
#  SIGSEGV (0xb) at pc=0x00007fee09e689c0, pid=6744, tid=6750
#
# JRE version: OpenJDK Runtime Environment Temurin-17.0.4.1+1 (17.0.4.1+1) (build 17.0.4.1+1)
# Java VM: OpenJDK 64-Bit Server VM Temurin-17.0.4.1+1 (17.0.4.1+1, mixed mode, tiered, compressed oops, compressed class ptrs, g1 gc, linux-amd64)
# Problematic frame:
# V  [libjvm.so+0x28a9c0]  AccessInternal::PostRuntimeDispatch<G1BarrierSet::AccessBarrier<548964ul, G1BarrierSet>, (AccessInternal::BarrierType)2, 548964ul>::oop_access_barrier(void*)+0x0
#
# Core dump will be written. Default location: Core dumps may be processed with "/usr/share/apport/apport -p%p -s%s -c%c -d%d -P%P -u%u -g%g -- %E" (or dumping to /home/fabian/Dokumente/Github/Background-Worker/backgroundworker/core.6744)
#
# If you would like to submit a bug report, please visit:
#   https://github.com/adoptium/adoptium-support/issues
#

---------------  S U M M A R Y ------------

Command Line: -Dfile.encoding=UTF-8 -XX:+ShowCodeDetailsInExceptionMessages com.fabian.backgroundworker.App

Host: Intel(R) Core(TM) i7-8750H CPU @ 2.20GHz, 12 cores, 31G, Ubuntu 22.04.1 LTS
Time: Tue Nov  8 15:07:40 2022 CET elapsed time: 1.768645 seconds (0d 0h 0m 1s)

---------------  T H R E A D  ---------------

Current thread (0x00007fee04024630):  JavaThread "main" [_thread_in_vm, id=6750, stack(0x00007fee099f2000,0x00007fee09af2000)]

Stack: [0x00007fee099f2000,0x00007fee09af2000],  sp=0x00007fee09af0618,  free space=1017k
Native frames: (J=compiled Java code, j=interpreted, Vv=VM code, C=native code)
V  [libjvm.so+0x28a9c0]  AccessInternal::PostRuntimeDispatch<G1BarrierSet::AccessBarrier<548964ul, G1BarrierSet>, (AccessInternal::BarrierType)2, 548964ul>::oop_access_barrier(void*)+0x0

Java frames: (J=compiled Java code, j=interpreted, Vv=VM code)
j  com.fazecast.jSerialComm.SerialPort.readBytes(J[BJJII)I+0
j  com.fazecast.jSerialComm.SerialPort.readBytes([BJ)I+25
j  handlers.SerialHandler.setupConnection()V+210
j  com.fabian.backgroundworker.App.main([Ljava/lang/String;)V+59
v  ~StubRoutines::call_stub

siginfo: si_signo: 11 (SIGSEGV), si_code: 1 (SEGV_MAPERR), si_addr: 0x0000000000000000

Register to memory mapping:

RAX=0x0 is NULL
RBX=0x000000000000001d is an unknown value
RCX=0x000000000000001d is an unknown value
RDX=0x0 is NULL
RSP=0x00007fee09af0618 is pointing into the stack for thread: 0x00007fee04024630
RBP=0x00007fee09af0680 is pointing into the stack for thread: 0x00007fee04024630
RSI=0x0 is NULL
RDI=0x0 is NULL
R8 =0x00007fee0420fee0 points into unknown readable memory: 0x46560a31302e4d45 | 45 4d 2e 30 31 0a 56 46
R9 =0x00007fee0420fee0 points into unknown readable memory: 0x46560a31302e4d45 | 45 4d 2e 30 31 0a 56 46
R10=0x00007fee04352af0 points into unknown readable memory: 0x00007fe9fad392f2 | f2 92 d3 fa e9 7f 00 00
R11=0x0000000000000246 is an unknown value
R12=0x00007fee04024630 is a thread
R13=0x0 is NULL
R14=0x00007fee040248d8 points into unknown readable memory: 0x00007fee0ae924a0 | a0 24 e9 0a ee 7f 00 00
R15=0x0 is NULL


Registers:
RAX=0x0000000000000000, RBX=0x000000000000001d, RCX=0x000000000000001d, RDX=0x0000000000000000
RSP=0x00007fee09af0618, RBP=0x00007fee09af0680, RSI=0x0000000000000000, RDI=0x0000000000000000
R8 =0x00007fee0420fee0, R9 =0x00007fee0420fee0, R10=0x00007fee04352af0, R11=0x0000000000000246
R12=0x00007fee04024630, R13=0x0000000000000000, R14=0x00007fee040248d8, R15=0x0000000000000000
RIP=0x00007fee09e689c0, EFLAGS=0x0000000000010246, CSGSFS=0x002b000000000033, ERR=0x0000000000000004
  TRAPNO=0x000000000000000e

Top of Stack: (sp=0x00007fee09af0618)
0x00007fee09af0618:   00007fee0a4a49d9 0000000000000020
0x00007fee09af0628:   00007fee0420fee0 00007fee04024630
0x00007fee09af0638:   0000000000000000 00007feddc40a2f8
0x00007fee09af0648:   00007fee04024630 00007feddc40a2f8 

Instructions: (pc=0x00007fee09e689c0)
0x00007fee09e688c0:   85 ff 74 09 ff 15 46 37 02 01 48 89 c7 48 89 7b
0x00007fee09e688d0:   e0 48 83 c4 18 5b 41 5c 41 5d 41 5e 41 5f 5d c3
0x00007fee09e688e0:   49 8b 44 24 20 4c 89 e7 4c 89 45 c8 48 8d 58 10
0x00007fee09e688f0:   e8 5b 92 43 00 4c 8b 45 c8 48 39 c3 75 97 48 8b
0x00007fee09e68900:   45 18 4d 63 ed 4c 89 e7 48 8b 00 4a 8d 34 e8 e8
0x00007fee09e68910:   4c 92 43 00 4c 8b 45 c8 e9 78 ff ff ff 90 66 90
0x00007fee09e68920:   83 ef 04 83 ff 0a 77 10 48 8d 05 71 fd cd 00 8b
0x00007fee09e68930:   04 b8 c3 0f 1f 44 00 00 48 8d 05 09 7a 02 01 55
0x00007fee09e68940:   be 9c 00 00 00 48 8d 3d 24 fd cd 00 48 8b 00 48
0x00007fee09e68950:   89 e5 c6 00 58 e8 36 8f 37 00 e8 51 61 98 00 31
0x00007fee09e68960:   c0 5d c3 90 66 66 2e 0f 1f 84 00 00 00 00 00 90
0x00007fee09e68970:   48 8b 47 08 0f b7 50 28 0f b7 40 2a 8d 44 02 19
0x00007fee09e68980:   c3 66 2e 0f 1f 84 00 00 00 00 00 0f 1f 44 00 00
0x00007fee09e68990:   8b 47 08 c1 f8 03 c3 66 0f 1f 84 00 00 00 00 00
0x00007fee09e689a0:   48 8b 07 c3 66 2e 0f 1f 84 00 00 00 00 00 66 90
0x00007fee09e689b0:   48 8b 07 c3 66 2e 0f 1f 84 00 00 00 00 00 66 90
0x00007fee09e689c0:   48 8b 07 c3 66 2e 0f 1f 84 00 00 00 00 00 66 90
0x00007fee09e689d0:   48 8b 07 c3 66 2e 0f 1f 84 00 00 00 00 00 66 90
0x00007fee09e689e0:   48 8b 07 c3 66 2e 0f 1f 84 00 00 00 00 00 66 90
0x00007fee09e689f0:   48 8b 07 c3 66 2e 0f 1f 84 00 00 00 00 00 66 90
0x00007fee09e68a00:   55 48 89 e5 41 55 41 54 53 48 83 ec 08 48 8b 1f
0x00007fee09e68a10:   4c 8d 2d 69 f4 0a 01 48 89 da 49 23 55 00 48 89
0x00007fee09e68a20:   d8 75 0d 48 83 c4 08 5b 41 5c 41 5d 5d c3 66 90
0x00007fee09e68a30:   49 89 fc 48 89 df e8 85 6d c8 00 48 89 c2 48 85
0x00007fee09e68a40:   c0 74 05 4d 85 e4 75 1e 48 83 c4 08 48 89 d0 5b
0x00007fee09e68a50:   41 5c 41 5d 5d c3 66 2e 0f 1f 84 00 00 00 00 00
0x00007fee09e68a60:   49 23 45 00 74 e2 48 89 d9 48 89 d8 f0 49 0f b1
0x00007fee09e68a70:   14 24 48 89 c3 48 39 c8 75 e6 eb cc 0f 1f 40 00
0x00007fee09e68a80:   55 48 89 e5 41 54 49 89 fc 48 83 ec 08 48 8d 05
0x00007fee09e68a90:   dc c5 05 01 48 8d 15 93 e5 06 01 48 8b 00 80 3a
0x00007fee09e68aa0:   00 8b 40 10 74 1a 83 f8 05 0f 87 dd 00 00 00 48
0x00007fee09e68ab0:   8d 15 3e fb cd 00 48 63 04 82 48 01 d0 ff e0 90 


Stack slot to memory mapping:
stack at sp + 0 slots: 0x00007fee0a4a49d9: <offset 0x00000000008c69d9> in /home/fabian/.p2/pool/plugins/org.eclipse.justj.openjdk.hotspot.jre.full.linux.x86_64_17.0.4.v20220903-1038/jre/lib/server/libjvm.so at 0x00007fee09bde000
stack at sp + 1 slots: 0x0000000000000020 is an unknown value
stack at sp + 2 slots: 0x00007fee0420fee0 points into unknown readable memory: 0x46560a31302e4d45 | 45 4d 2e 30 31 0a 56 46
stack at sp + 3 slots: 0x00007fee04024630 is a thread
stack at sp + 4 slots: 0x0 is NULL
stack at sp + 5 slots: {method} {0x00007feddc40a2f8} 'equals' '(Ljava/lang/Object;)Z' in 'java/lang/String'
stack at sp + 6 slots: 0x00007fee04024630 is a thread
stack at sp + 7 slots: {method} {0x00007feddc40a2f8} 'equals' '(Ljava/lang/Object;)Z' in 'java/lang/String'


---------------  P R O C E S S  ---------------

Threads class SMR info:
_java_thread_list=0x00007fed8c005070, length=15, elements={
0x00007fee04024630, 0x00007fee041b9f50, 0x00007fee041bb5a0, 0x00007fee041e02c0,
0x00007fee041e1670, 0x00007fee041e2a80, 0x00007fee041e4100, 0x00007fee041e55e0,
0x00007fee041e6a50, 0x00007fee0427fe00, 0x00007fee04287f80, 0x00007fed9001bfc0,
0x00007fed9001e6a0, 0x00007fed9001f8d0, 0x00007fed84002a50
}

Java Threads: ( => current thread )
=>0x00007fee04024630 JavaThread "main" [_thread_in_vm, id=6750, stack(0x00007fee099f2000,0x00007fee09af2000)]
  0x00007fee041b9f50 JavaThread "Reference Handler" daemon [_thread_blocked, id=6757, stack(0x00007feddc300000,0x00007feddc400000)]
  0x00007fee041bb5a0 JavaThread "Finalizer" daemon [_thread_blocked, id=6758, stack(0x00007feddc200000,0x00007feddc300000)]
  0x00007fee041e02c0 JavaThread "Signal Dispatcher" daemon [_thread_blocked, id=6759, stack(0x00007feddc100000,0x00007feddc200000)]
  0x00007fee041e1670 JavaThread "Service Thread" daemon [_thread_blocked, id=6760, stack(0x00007feddc000000,0x00007feddc100000)]
  0x00007fee041e2a80 JavaThread "Monitor Deflation Thread" daemon [_thread_blocked, id=6761, stack(0x00007fedbf119000,0x00007fedbf219000)]
  0x00007fee041e4100 JavaThread "C2 CompilerThread0" daemon [_thread_blocked, id=6762, stack(0x00007fedbf019000,0x00007fedbf119000)]
  0x00007fee041e55e0 JavaThread "C1 CompilerThread0" daemon [_thread_blocked, id=6763, stack(0x00007fedbef19000,0x00007fedbf019000)]
  0x00007fee041e6a50 JavaThread "Sweeper thread" daemon [_thread_blocked, id=6764, stack(0x00007fedbee19000,0x00007fedbef19000)]
  0x00007fee0427fe00 JavaThread "Notification Thread" daemon [_thread_blocked, id=6765, stack(0x00007fedbed19000,0x00007fedbee19000)]
  0x00007fee04287f80 JavaThread "Common-Cleaner" daemon [_thread_blocked, id=6767, stack(0x00007fedbeb17000,0x00007fedbec17000)]
  0x00007fed9001bfc0 JavaThread "MQTT Rec: backgroundworker" [_thread_in_native, id=6770, stack(0x00007fedbe817000,0x00007fedbe917000)]
  0x00007fed9001e6a0 JavaThread "MQTT Snd: backgroundworker" [_thread_blocked, id=6778, stack(0x00007fedbdf00000,0x00007fedbe000000)]
  0x00007fed9001f8d0 JavaThread "MQTT Call: backgroundworker" [_thread_blocked, id=6779, stack(0x00007fedbde00000,0x00007fedbdf00000)]
  0x00007fed84002a50 JavaThread "MQTT Ping: backgroundworker" [_thread_blocked, id=6780, stack(0x00007fedbe917000,0x00007fedbea17000)]

Other Threads:
  0x00007fee0416a560 VMThread "VM Thread" [stack: 0x00007feddcc63000,0x00007feddcd63000] [id=6756]
  0x00007fee0420c2b0 WatcherThread [stack: 0x00007fedbec19000,0x00007fedbed19000] [id=6766]
  0x00007fee04053150 GCTaskThread "GC Thread#0" [stack: 0x00007fee08bbe000,0x00007fee08cbe000] [id=6751]
  0x00007fee040640c0 ConcurrentGCThread "G1 Main Marker" [stack: 0x00007fee08abc000,0x00007fee08bbc000] [id=6752]
  0x00007fee04064fb0 ConcurrentGCThread "G1 Conc#0" [stack: 0x00007fee089ba000,0x00007fee08aba000] [id=6753]
  0x00007fee041224c0 ConcurrentGCThread "G1 Refine#0" [stack: 0x00007feddcee8000,0x00007feddcfe8000] [id=6754]
  0x00007fee041233b0 ConcurrentGCThread "G1 Service" [stack: 0x00007feddcde6000,0x00007feddcee6000] [id=6755]

Threads with active compile tasks:

VM state: not at safepoint (normal execution)

VM Mutex/Monitor currently owned by a thread: None

Heap address: 0x000000060c400000, size: 7996 MB, Compressed Oops mode: Zero based, Oop shift amount: 3

CDS archive(s) not mapped
Compressed class space mapped at: 0x0000000800000000-0x0000000840000000, reserved size: 1073741824
Narrow klass base: 0x0000000800000000, Narrow klass shift: 0, Narrow klass range: 0x40000000

GC Precious Log:
 CPUs: 12 total, 12 available
 Memory: 31979M
 Large Page Support: Disabled
 NUMA Support: Disabled
 Compressed Oops: Enabled (Zero based)
 Heap Region Size: 4M
 Heap Min Capacity: 8M
 Heap Initial Capacity: 500M
 Heap Max Capacity: 7996M
 Pre-touch: Disabled
 Parallel Workers: 10
 Concurrent Workers: 3
 Concurrent Refinement Workers: 10
 Periodic GC: Disabled

Heap:
 garbage-first heap   total 512000K, used 8192K [0x000000060c400000, 0x0000000800000000)
  region size 4096K, 3 young (12288K), 0 survivors (0K)
 Metaspace       used 12016K, committed 12160K, reserved 1064960K
  class space    used 1130K, committed 1216K, reserved 1048576K

Heap Regions: E=young(eden), S=young(survivor), O=old, HS=humongous(starts), HC=humongous(continues), CS=collection set, F=free, OA=open archive, CA=closed archive, TAMS=top-at-mark-start (previous, next)
|   0|0x000000060c400000, 0x000000060c400000, 0x000000060c800000|  0%| F|  |TAMS 0x000000060c400000, 0x000000060c400000| Untracked 
|   1|0x000000060c800000, 0x000000060c800000, 0x000000060cc00000|  0%| F|  |TAMS 0x000000060c800000, 0x000000060c800000| Untracked 
|   2|0x000000060cc00000, 0x000000060cc00000, 0x000000060d000000|  0%| F|  |TAMS 0x000000060cc00000, 0x000000060cc00000| Untracked 
|   3|0x000000060d000000, 0x000000060d000000, 0x000000060d400000|  0%| F|  |TAMS 0x000000060d000000, 0x000000060d000000| Untracked 
|   4|0x000000060d400000, 0x000000060d400000, 0x000000060d800000|  0%| F|  |TAMS 0x000000060d400000, 0x000000060d400000| Untracked 
|   5|0x000000060d800000, 0x000000060d800000, 0x000000060dc00000|  0%| F|  |TAMS 0x000000060d800000, 0x000000060d800000| Untracked 
|   6|0x000000060dc00000, 0x000000060dc00000, 0x000000060e000000|  0%| F|  |TAMS 0x000000060dc00000, 0x000000060dc00000| Untracked 
|   7|0x000000060e000000, 0x000000060e000000, 0x000000060e400000|  0%| F|  |TAMS 0x000000060e000000, 0x000000060e000000| Untracked 
|   8|0x000000060e400000, 0x000000060e400000, 0x000000060e800000|  0%| F|  |TAMS 0x000000060e400000, 0x000000060e400000| Untracked 
|   9|0x000000060e800000, 0x000000060e800000, 0x000000060ec00000|  0%| F|  |TAMS 0x000000060e800000, 0x000000060e800000| Untracked 
|  10|0x000000060ec00000, 0x000000060ec00000, 0x000000060f000000|  0%| F|  |TAMS 0x000000060ec00000, 0x000000060ec00000| Untracked 
|  11|0x000000060f000000, 0x000000060f000000, 0x000000060f400000|  0%| F|  |TAMS 0x000000060f000000, 0x000000060f000000| Untracked 
|  12|0x000000060f400000, 0x000000060f400000, 0x000000060f800000|  0%| F|  |TAMS 0x000000060f400000, 0x000000060f400000| Untracked 
|  13|0x000000060f800000, 0x000000060f800000, 0x000000060fc00000|  0%| F|  |TAMS 0x000000060f800000, 0x000000060f800000| Untracked 
|  14|0x000000060fc00000, 0x000000060fc00000, 0x0000000610000000|  0%| F|  |TAMS 0x000000060fc00000, 0x000000060fc00000| Untracked 
|  15|0x0000000610000000, 0x0000000610000000, 0x0000000610400000|  0%| F|  |TAMS 0x0000000610000000, 0x0000000610000000| Untracked 
|  16|0x0000000610400000, 0x0000000610400000, 0x0000000610800000|  0%| F|  |TAMS 0x0000000610400000, 0x0000000610400000| Untracked 
|  17|0x0000000610800000, 0x0000000610800000, 0x0000000610c00000|  0%| F|  |TAMS 0x0000000610800000, 0x0000000610800000| Untracked 
|  18|0x0000000610c00000, 0x0000000610c00000, 0x0000000611000000|  0%| F|  |TAMS 0x0000000610c00000, 0x0000000610c00000| Untracked 
|  19|0x0000000611000000, 0x0000000611000000, 0x0000000611400000|  0%| F|  |TAMS 0x0000000611000000, 0x0000000611000000| Untracked 
|  20|0x0000000611400000, 0x0000000611400000, 0x0000000611800000|  0%| F|  |TAMS 0x0000000611400000, 0x0000000611400000| Untracked 
|  21|0x0000000611800000, 0x0000000611800000, 0x0000000611c00000|  0%| F|  |TAMS 0x0000000611800000, 0x0000000611800000| Untracked 
|  22|0x0000000611c00000, 0x0000000611c00000, 0x0000000612000000|  0%| F|  |TAMS 0x0000000611c00000, 0x0000000611c00000| Untracked 
|  23|0x0000000612000000, 0x0000000612000000, 0x0000000612400000|  0%| F|  |TAMS 0x0000000612000000, 0x0000000612000000| Untracked 
|  24|0x0000000612400000, 0x0000000612400000, 0x0000000612800000|  0%| F|  |TAMS 0x0000000612400000, 0x0000000612400000| Untracked 
|  25|0x0000000612800000, 0x0000000612800000, 0x0000000612c00000|  0%| F|  |TAMS 0x0000000612800000, 0x0000000612800000| Untracked 
|  26|0x0000000612c00000, 0x0000000612c00000, 0x0000000613000000|  0%| F|  |TAMS 0x0000000612c00000, 0x0000000612c00000| Untracked 
|  27|0x0000000613000000, 0x0000000613000000, 0x0000000613400000|  0%| F|  |TAMS 0x0000000613000000, 0x0000000613000000| Untracked 
|  28|0x0000000613400000, 0x0000000613400000, 0x0000000613800000|  0%| F|  |TAMS 0x0000000613400000, 0x0000000613400000| Untracked 
|  29|0x0000000613800000, 0x0000000613800000, 0x0000000613c00000|  0%| F|  |TAMS 0x0000000613800000, 0x0000000613800000| Untracked 
|  30|0x0000000613c00000, 0x0000000613c00000, 0x0000000614000000|  0%| F|  |TAMS 0x0000000613c00000, 0x0000000613c00000| Untracked 
|  31|0x0000000614000000, 0x0000000614000000, 0x0000000614400000|  0%| F|  |TAMS 0x0000000614000000, 0x0000000614000000| Untracked 
|  32|0x0000000614400000, 0x0000000614400000, 0x0000000614800000|  0%| F|  |TAMS 0x0000000614400000, 0x0000000614400000| Untracked 
|  33|0x0000000614800000, 0x0000000614800000, 0x0000000614c00000|  0%| F|  |TAMS 0x0000000614800000, 0x0000000614800000| Untracked 
|  34|0x0000000614c00000, 0x0000000614c00000, 0x0000000615000000|  0%| F|  |TAMS 0x0000000614c00000, 0x0000000614c00000| Untracked 
|  35|0x0000000615000000, 0x0000000615000000, 0x0000000615400000|  0%| F|  |TAMS 0x0000000615000000, 0x0000000615000000| Untracked 
|  36|0x0000000615400000, 0x0000000615400000, 0x0000000615800000|  0%| F|  |TAMS 0x0000000615400000, 0x0000000615400000| Untracked 
|  37|0x0000000615800000, 0x0000000615800000, 0x0000000615c00000|  0%| F|  |TAMS 0x0000000615800000, 0x0000000615800000| Untracked 
|  38|0x0000000615c00000, 0x0000000615c00000, 0x0000000616000000|  0%| F|  |TAMS 0x0000000615c00000, 0x0000000615c00000| Untracked 
|  39|0x0000000616000000, 0x0000000616000000, 0x0000000616400000|  0%| F|  |TAMS 0x0000000616000000, 0x0000000616000000| Untracked 
|  40|0x0000000616400000, 0x0000000616400000, 0x0000000616800000|  0%| F|  |TAMS 0x0000000616400000, 0x0000000616400000| Untracked 
|  41|0x0000000616800000, 0x0000000616800000, 0x0000000616c00000|  0%| F|  |TAMS 0x0000000616800000, 0x0000000616800000| Untracked 
|  42|0x0000000616c00000, 0x0000000616c00000, 0x0000000617000000|  0%| F|  |TAMS 0x0000000616c00000, 0x0000000616c00000| Untracked 
|  43|0x0000000617000000, 0x0000000617000000, 0x0000000617400000|  0%| F|  |TAMS 0x0000000617000000, 0x0000000617000000| Untracked 
|  44|0x0000000617400000, 0x0000000617400000, 0x0000000617800000|  0%| F|  |TAMS 0x0000000617400000, 0x0000000617400000| Untracked 
|  45|0x0000000617800000, 0x0000000617800000, 0x0000000617c00000|  0%| F|  |TAMS 0x0000000617800000, 0x0000000617800000| Untracked 
|  46|0x0000000617c00000, 0x0000000617c00000, 0x0000000618000000|  0%| F|  |TAMS 0x0000000617c00000, 0x0000000617c00000| Untracked 
|  47|0x0000000618000000, 0x0000000618000000, 0x0000000618400000|  0%| F|  |TAMS 0x0000000618000000, 0x0000000618000000| Untracked 
|  48|0x0000000618400000, 0x0000000618400000, 0x0000000618800000|  0%| F|  |TAMS 0x0000000618400000, 0x0000000618400000| Untracked 
|  49|0x0000000618800000, 0x0000000618800000, 0x0000000618c00000|  0%| F|  |TAMS 0x0000000618800000, 0x0000000618800000| Untracked 
|  50|0x0000000618c00000, 0x0000000618c00000, 0x0000000619000000|  0%| F|  |TAMS 0x0000000618c00000, 0x0000000618c00000| Untracked 
|  51|0x0000000619000000, 0x0000000619000000, 0x0000000619400000|  0%| F|  |TAMS 0x0000000619000000, 0x0000000619000000| Untracked 
|  52|0x0000000619400000, 0x0000000619400000, 0x0000000619800000|  0%| F|  |TAMS 0x0000000619400000, 0x0000000619400000| Untracked 
|  53|0x0000000619800000, 0x0000000619800000, 0x0000000619c00000|  0%| F|  |TAMS 0x0000000619800000, 0x0000000619800000| Untracked 
|  54|0x0000000619c00000, 0x0000000619c00000, 0x000000061a000000|  0%| F|  |TAMS 0x0000000619c00000, 0x0000000619c00000| Untracked 
|  55|0x000000061a000000, 0x000000061a000000, 0x000000061a400000|  0%| F|  |TAMS 0x000000061a000000, 0x000000061a000000| Untracked 
|  56|0x000000061a400000, 0x000000061a400000, 0x000000061a800000|  0%| F|  |TAMS 0x000000061a400000, 0x000000061a400000| Untracked 
|  57|0x000000061a800000, 0x000000061a800000, 0x000000061ac00000|  0%| F|  |TAMS 0x000000061a800000, 0x000000061a800000| Untracked 
|  58|0x000000061ac00000, 0x000000061ac00000, 0x000000061b000000|  0%| F|  |TAMS 0x000000061ac00000, 0x000000061ac00000| Untracked 
|  59|0x000000061b000000, 0x000000061b000000, 0x000000061b400000|  0%| F|  |TAMS 0x000000061b000000, 0x000000061b000000| Untracked 
|  60|0x000000061b400000, 0x000000061b400000, 0x000000061b800000|  0%| F|  |TAMS 0x000000061b400000, 0x000000061b400000| Untracked 
|  61|0x000000061b800000, 0x000000061b800000, 0x000000061bc00000|  0%| F|  |TAMS 0x000000061b800000, 0x000000061b800000| Untracked 
|  62|0x000000061bc00000, 0x000000061bc00000, 0x000000061c000000|  0%| F|  |TAMS 0x000000061bc00000, 0x000000061bc00000| Untracked 
|  63|0x000000061c000000, 0x000000061c000000, 0x000000061c400000|  0%| F|  |TAMS 0x000000061c000000, 0x000000061c000000| Untracked 
|  64|0x000000061c400000, 0x000000061c400000, 0x000000061c800000|  0%| F|  |TAMS 0x000000061c400000, 0x000000061c400000| Untracked 
|  65|0x000000061c800000, 0x000000061c800000, 0x000000061cc00000|  0%| F|  |TAMS 0x000000061c800000, 0x000000061c800000| Untracked 
|  66|0x000000061cc00000, 0x000000061cc00000, 0x000000061d000000|  0%| F|  |TAMS 0x000000061cc00000, 0x000000061cc00000| Untracked 
|  67|0x000000061d000000, 0x000000061d000000, 0x000000061d400000|  0%| F|  |TAMS 0x000000061d000000, 0x000000061d000000| Untracked 
|  68|0x000000061d400000, 0x000000061d400000, 0x000000061d800000|  0%| F|  |TAMS 0x000000061d400000, 0x000000061d400000| Untracked 
|  69|0x000000061d800000, 0x000000061d800000, 0x000000061dc00000|  0%| F|  |TAMS 0x000000061d800000, 0x000000061d800000| Untracked 
|  70|0x000000061dc00000, 0x000000061dc00000, 0x000000061e000000|  0%| F|  |TAMS 0x000000061dc00000, 0x000000061dc00000| Untracked 
|  71|0x000000061e000000, 0x000000061e000000, 0x000000061e400000|  0%| F|  |TAMS 0x000000061e000000, 0x000000061e000000| Untracked 
|  72|0x000000061e400000, 0x000000061e400000, 0x000000061e800000|  0%| F|  |TAMS 0x000000061e400000, 0x000000061e400000| Untracked 
|  73|0x000000061e800000, 0x000000061e800000, 0x000000061ec00000|  0%| F|  |TAMS 0x000000061e800000, 0x000000061e800000| Untracked 
|  74|0x000000061ec00000, 0x000000061ec00000, 0x000000061f000000|  0%| F|  |TAMS 0x000000061ec00000, 0x000000061ec00000| Untracked 
|  75|0x000000061f000000, 0x000000061f000000, 0x000000061f400000|  0%| F|  |TAMS 0x000000061f000000, 0x000000061f000000| Untracked 
|  76|0x000000061f400000, 0x000000061f400000, 0x000000061f800000|  0%| F|  |TAMS 0x000000061f400000, 0x000000061f400000| Untracked 
|  77|0x000000061f800000, 0x000000061f800000, 0x000000061fc00000|  0%| F|  |TAMS 0x000000061f800000, 0x000000061f800000| Untracked 
|  78|0x000000061fc00000, 0x000000061fc00000, 0x0000000620000000|  0%| F|  |TAMS 0x000000061fc00000, 0x000000061fc00000| Untracked 
|  79|0x0000000620000000, 0x0000000620000000, 0x0000000620400000|  0%| F|  |TAMS 0x0000000620000000, 0x0000000620000000| Untracked 
|  80|0x0000000620400000, 0x0000000620400000, 0x0000000620800000|  0%| F|  |TAMS 0x0000000620400000, 0x0000000620400000| Untracked 
|  81|0x0000000620800000, 0x0000000620800000, 0x0000000620c00000|  0%| F|  |TAMS 0x0000000620800000, 0x0000000620800000| Untracked 
|  82|0x0000000620c00000, 0x0000000620c00000, 0x0000000621000000|  0%| F|  |TAMS 0x0000000620c00000, 0x0000000620c00000| Untracked 
|  83|0x0000000621000000, 0x0000000621000000, 0x0000000621400000|  0%| F|  |TAMS 0x0000000621000000, 0x0000000621000000| Untracked 
|  84|0x0000000621400000, 0x0000000621400000, 0x0000000621800000|  0%| F|  |TAMS 0x0000000621400000, 0x0000000621400000| Untracked 
|  85|0x0000000621800000, 0x0000000621800000, 0x0000000621c00000|  0%| F|  |TAMS 0x0000000621800000, 0x0000000621800000| Untracked 
|  86|0x0000000621c00000, 0x0000000621c00000, 0x0000000622000000|  0%| F|  |TAMS 0x0000000621c00000, 0x0000000621c00000| Untracked 
|  87|0x0000000622000000, 0x0000000622000000, 0x0000000622400000|  0%| F|  |TAMS 0x0000000622000000, 0x0000000622000000| Untracked 
|  88|0x0000000622400000, 0x0000000622400000, 0x0000000622800000|  0%| F|  |TAMS 0x0000000622400000, 0x0000000622400000| Untracked 
|  89|0x0000000622800000, 0x0000000622800000, 0x0000000622c00000|  0%| F|  |TAMS 0x0000000622800000, 0x0000000622800000| Untracked 
|  90|0x0000000622c00000, 0x0000000622c00000, 0x0000000623000000|  0%| F|  |TAMS 0x0000000622c00000, 0x0000000622c00000| Untracked 
|  91|0x0000000623000000, 0x0000000623000000, 0x0000000623400000|  0%| F|  |TAMS 0x0000000623000000, 0x0000000623000000| Untracked 
|  92|0x0000000623400000, 0x0000000623400000, 0x0000000623800000|  0%| F|  |TAMS 0x0000000623400000, 0x0000000623400000| Untracked 
|  93|0x0000000623800000, 0x0000000623800000, 0x0000000623c00000|  0%| F|  |TAMS 0x0000000623800000, 0x0000000623800000| Untracked 
|  94|0x0000000623c00000, 0x0000000623c00000, 0x0000000624000000|  0%| F|  |TAMS 0x0000000623c00000, 0x0000000623c00000| Untracked 
|  95|0x0000000624000000, 0x0000000624000000, 0x0000000624400000|  0%| F|  |TAMS 0x0000000624000000, 0x0000000624000000| Untracked 
|  96|0x0000000624400000, 0x0000000624400000, 0x0000000624800000|  0%| F|  |TAMS 0x0000000624400000, 0x0000000624400000| Untracked 
|  97|0x0000000624800000, 0x0000000624800000, 0x0000000624c00000|  0%| F|  |TAMS 0x0000000624800000, 0x0000000624800000| Untracked 
|  98|0x0000000624c00000, 0x0000000624c00000, 0x0000000625000000|  0%| F|  |TAMS 0x0000000624c00000, 0x0000000624c00000| Untracked 
|  99|0x0000000625000000, 0x0000000625000000, 0x0000000625400000|  0%| F|  |TAMS 0x0000000625000000, 0x0000000625000000| Untracked 
| 100|0x0000000625400000, 0x0000000625400000, 0x0000000625800000|  0%| F|  |TAMS 0x0000000625400000, 0x0000000625400000| Untracked 
| 101|0x0000000625800000, 0x0000000625800000, 0x0000000625c00000|  0%| F|  |TAMS 0x0000000625800000, 0x0000000625800000| Untracked 
| 102|0x0000000625c00000, 0x0000000625c00000, 0x0000000626000000|  0%| F|  |TAMS 0x0000000625c00000, 0x0000000625c00000| Untracked 
| 103|0x0000000626000000, 0x0000000626000000, 0x0000000626400000|  0%| F|  |TAMS 0x0000000626000000, 0x0000000626000000| Untracked 
| 104|0x0000000626400000, 0x0000000626400000, 0x0000000626800000|  0%| F|  |TAMS 0x0000000626400000, 0x0000000626400000| Untracked 
| 105|0x0000000626800000, 0x0000000626800000, 0x0000000626c00000|  0%| F|  |TAMS 0x0000000626800000, 0x0000000626800000| Untracked 
| 106|0x0000000626c00000, 0x0000000626c00000, 0x0000000627000000|  0%| F|  |TAMS 0x0000000626c00000, 0x0000000626c00000| Untracked 
| 107|0x0000000627000000, 0x0000000627000000, 0x0000000627400000|  0%| F|  |TAMS 0x0000000627000000, 0x0000000627000000| Untracked 
| 108|0x0000000627400000, 0x0000000627400000, 0x0000000627800000|  0%| F|  |TAMS 0x0000000627400000, 0x0000000627400000| Untracked 
| 109|0x0000000627800000, 0x0000000627800000, 0x0000000627c00000|  0%| F|  |TAMS 0x0000000627800000, 0x0000000627800000| Untracked 
| 110|0x0000000627c00000, 0x0000000627c00000, 0x0000000628000000|  0%| F|  |TAMS 0x0000000627c00000, 0x0000000627c00000| Untracked 
| 111|0x0000000628000000, 0x0000000628000000, 0x0000000628400000|  0%| F|  |TAMS 0x0000000628000000, 0x0000000628000000| Untracked 
| 112|0x0000000628400000, 0x0000000628400000, 0x0000000628800000|  0%| F|  |TAMS 0x0000000628400000, 0x0000000628400000| Untracked 
| 113|0x0000000628800000, 0x0000000628800000, 0x0000000628c00000|  0%| F|  |TAMS 0x0000000628800000, 0x0000000628800000| Untracked 
| 114|0x0000000628c00000, 0x0000000628c00000, 0x0000000629000000|  0%| F|  |TAMS 0x0000000628c00000, 0x0000000628c00000| Untracked 
| 115|0x0000000629000000, 0x0000000629000000, 0x0000000629400000|  0%| F|  |TAMS 0x0000000629000000, 0x0000000629000000| Untracked 
| 116|0x0000000629400000, 0x0000000629400000, 0x0000000629800000|  0%| F|  |TAMS 0x0000000629400000, 0x0000000629400000| Untracked 
| 117|0x0000000629800000, 0x0000000629800000, 0x0000000629c00000|  0%| F|  |TAMS 0x0000000629800000, 0x0000000629800000| Untracked 
| 118|0x0000000629c00000, 0x0000000629c00000, 0x000000062a000000|  0%| F|  |TAMS 0x0000000629c00000, 0x0000000629c00000| Untracked 
| 119|0x000000062a000000, 0x000000062a000000, 0x000000062a400000|  0%| F|  |TAMS 0x000000062a000000, 0x000000062a000000| Untracked 
| 120|0x000000062a400000, 0x000000062a400000, 0x000000062a800000|  0%| F|  |TAMS 0x000000062a400000, 0x000000062a400000| Untracked 
| 121|0x000000062a800000, 0x000000062a800000, 0x000000062ac00000|  0%| F|  |TAMS 0x000000062a800000, 0x000000062a800000| Untracked 
| 122|0x000000062ac00000, 0x000000062adefbc8, 0x000000062b000000| 48%| E|  |TAMS 0x000000062ac00000, 0x000000062ac00000| Complete 
| 123|0x000000062b000000, 0x000000062b400000, 0x000000062b400000|100%| E|CS|TAMS 0x000000062b000000, 0x000000062b000000| Complete 
| 124|0x000000062b400000, 0x000000062b800000, 0x000000062b800000|100%| E|CS|TAMS 0x000000062b400000, 0x000000062b400000| Complete 

Card table byte_map: [0x00007fedefa67000,0x00007fedf0a05000] _byte_map_base: 0x00007fedeca05000

Marking Bits (Prev, Next): (CMBitMap*) 0x00007fee04053b60, (CMBitMap*) 0x00007fee04053ba0
 Prev Bits: [0x00007fede6dd9000, 0x00007fedeeac9000)
 Next Bits: [0x00007feddf0e9000, 0x00007fede6dd9000)

Polling page: 0x00007fee0b192000

Metaspace:

Usage:
  Non-class:     10,63 MB used.
      Class:      1,10 MB used.
       Both:     11,74 MB used.

Virtual space:
  Non-class space:       16,00 MB reserved,      10,69 MB ( 67%) committed,  2 nodes.
      Class space:        1,00 GB reserved,       1,19 MB ( <1%) committed,  1 nodes.
             Both:        1,02 GB reserved,      11,88 MB (  1%) committed. 

Chunk freelists:
   Non-Class:  672,00 KB
       Class:  2,67 MB
        Both:  3,33 MB

MaxMetaspaceSize: unlimited
CompressedClassSpaceSize: 1,00 GB
Initial GC threshold: 21,00 MB
Current GC threshold: 21,00 MB
CDS: off
MetaspaceReclaimPolicy: balanced
 - commit_granule_bytes: 65536.
 - commit_granule_words: 8192.
 - virtual_space_node_default_size: 1048576.
 - enlarge_chunks_in_place: 1.
 - new_chunks_are_fully_committed: 0.
 - uncommit_free_chunks: 1.
 - use_allocation_guard: 0.
 - handle_deallocations: 1.


Internal statistics:

num_allocs_failed_limit: 0.
num_arena_births: 18.
num_arena_deaths: 0.
num_vsnodes_births: 3.
num_vsnodes_deaths: 0.
num_space_committed: 190.
num_space_uncommitted: 0.
num_chunks_returned_to_freelist: 0.
num_chunks_taken_from_freelist: 97.
num_chunk_merges: 0.
num_chunk_splits: 50.
num_chunks_enlarged: 37.
num_purges: 0.
num_inconsistent_stats: 0.

CodeHeap 'non-profiled nmethods': size=120028Kb used=189Kb max_used=189Kb free=119838Kb
 bounds [0x00007fedf946c000, 0x00007fedf96dc000, 0x00007fee009a3000]
CodeHeap 'profiled nmethods': size=120028Kb used=1059Kb max_used=1059Kb free=118968Kb
 bounds [0x00007fedf1f35000, 0x00007fedf21a5000, 0x00007fedf946c000]
CodeHeap 'non-nmethods': size=5704Kb used=1140Kb max_used=1154Kb free=4563Kb
 bounds [0x00007fedf19a3000, 0x00007fedf1c13000, 0x00007fedf1f35000]
 total_blobs=1041 nmethods=609 adapters=346
 compilation: enabled
              stopped_count=0, restarted_count=0
 full_count=0

Compilation events (20 events):
Event: 0,633 Thread 0x00007fee041e55e0  602       3       sun.net.www.ParseUtil::encodePath (41 bytes)
Event: 0,633 Thread 0x00007fee041e55e0 nmethod 602 0x00007fedf2038490 code [0x00007fedf2038660, 0x00007fedf2038870]
Event: 0,633 Thread 0x00007fee041e55e0  595       3       jdk.internal.ref.CleanerFactory::cleaner (4 bytes)
Event: 0,633 Thread 0x00007fee041e55e0 nmethod 595 0x00007fedf2038910 code [0x00007fedf2038aa0, 0x00007fedf2038b90]
Event: 0,633 Thread 0x00007fee041e55e0  597       3       java.util.ArrayList::<init> (61 bytes)
Event: 0,634 Thread 0x00007fee041e55e0 nmethod 597 0x00007fedf2038c10 code [0x00007fedf2038e80, 0x00007fedf20397f0]
Event: 0,634 Thread 0x00007fee041e55e0  603       3       java.security.CodeSource::getCertificates (98 bytes)
Event: 0,634 Thread 0x00007fee041e55e0 nmethod 603 0x00007fedf2039b10 code [0x00007fedf2039d80, 0x00007fedf203a930]
Event: 0,634 Thread 0x00007fee041e55e0  605       3       java.util.HashSet::<init> (16 bytes)
Event: 0,635 Thread 0x00007fee041e55e0 nmethod 605 0x00007fedf203ac10 code [0x00007fedf203ade0, 0x00007fedf203b1f0]
Event: 0,635 Thread 0x00007fee041e55e0  606       3       java.net.URLStreamHandler::setURL (73 bytes)
Event: 0,636 Thread 0x00007fee041e55e0 nmethod 606 0x00007fedf203b390 code [0x00007fedf203b680, 0x00007fedf203c4f0]
Event: 0,636 Thread 0x00007fee041e55e0  609  s    3       jdk.internal.loader.Resource::cachedInputStream (20 bytes)
Event: 0,636 Thread 0x00007fee041e55e0 nmethod 609 0x00007fedf203ca10 code [0x00007fedf203cbc0, 0x00007fedf203cee0]
Event: 0,636 Thread 0x00007fee041e55e0  607       3       java.io.UnixFileSystem::prefixLength (15 bytes)
Event: 0,636 Thread 0x00007fee041e55e0 nmethod 607 0x00007fedf203cf90 code [0x00007fedf203d140, 0x00007fedf203d360]
Event: 0,636 Thread 0x00007fee041e55e0  608       1       com.google.gson.reflect.TypeToken::getRawType (5 bytes)
Event: 0,636 Thread 0x00007fee041e55e0 nmethod 608 0x00007fedf949b410 code [0x00007fedf949b5a0, 0x00007fedf949b670]
Event: 0,636 Thread 0x00007fee041e55e0  610       3       java.io.UnixFileSystem::normalize (41 bytes)
Event: 0,636 Thread 0x00007fee041e55e0 nmethod 610 0x00007fedf203d490 code [0x00007fedf203d6c0, 0x00007fedf203dcf0]

GC Heap History (0 events):
No events

Deoptimization events (20 events):
Event: 0,274 Thread 0x00007fee043fe950 Uncommon trap: trap_request=0xffffff45 fr.pc=0x00007fedf94800d8 relative=0x00000000000000b8
Event: 0,274 Thread 0x00007fee043fe950 Uncommon trap: reason=unstable_if action=reinterpret pc=0x00007fedf94800d8 method=java.lang.invoke.VarHandle.checkExactAccessMode(Ljava/lang/invoke/VarHandle$AccessDescriptor;)V @ 4 c2
Event: 0,274 Thread 0x00007fee043fe950 DEOPT PACKING pc=0x00007fedf94800d8 sp=0x00007fedbea15290
Event: 0,274 Thread 0x00007fee043fe950 DEOPT UNPACKING pc=0x00007fedf19f5099 sp=0x00007fedbea15270 mode 2
Event: 0,274 Thread 0x00007fee043fe950 Uncommon trap: trap_request=0xffffff45 fr.pc=0x00007fedf947fd2c relative=0x000000000000008c
Event: 0,274 Thread 0x00007fee043fe950 Uncommon trap: reason=unstable_if action=reinterpret pc=0x00007fedf947fd2c method=java.lang.invoke.VarForm.getMemberName(I)Ljava/lang/invoke/MemberName; @ 8 c2
Event: 0,274 Thread 0x00007fee043fe950 DEOPT PACKING pc=0x00007fedf947fd2c sp=0x00007fedbea15290
Event: 0,274 Thread 0x00007fee043fe950 DEOPT UNPACKING pc=0x00007fedf19f5099 sp=0x00007fedbea15248 mode 2
Event: 0,596 Thread 0x00007fee04024630 DEOPT PACKING pc=0x00007fedf1fa47ee sp=0x00007fee09aec0a0
Event: 0,596 Thread 0x00007fee04024630 DEOPT UNPACKING pc=0x00007fedf19f582f sp=0x00007fee09aeb510 mode 0
Event: 0,601 Thread 0x00007fee04024630 DEOPT PACKING pc=0x00007fedf1fa47ee sp=0x00007fee09aec130
Event: 0,601 Thread 0x00007fee04024630 DEOPT UNPACKING pc=0x00007fedf19f582f sp=0x00007fee09aeb5c8 mode 0
Event: 0,620 Thread 0x00007fee04024630 Uncommon trap: trap_request=0xffffff45 fr.pc=0x00007fedf947d814 relative=0x0000000000000074
Event: 0,620 Thread 0x00007fee04024630 Uncommon trap: reason=unstable_if action=reinterpret pc=0x00007fedf947d814 method=jdk.internal.misc.Unsafe.convEndian(ZI)I @ 4 c2
Event: 0,620 Thread 0x00007fee04024630 DEOPT PACKING pc=0x00007fedf947d814 sp=0x00007fee09aebcf0
Event: 0,620 Thread 0x00007fee04024630 DEOPT UNPACKING pc=0x00007fedf19f5099 sp=0x00007fee09aebc40 mode 2
Event: 0,620 Thread 0x00007fee04024630 Uncommon trap: trap_request=0xffffff45 fr.pc=0x00007fedf9481b38 relative=0x0000000000000038
Event: 0,620 Thread 0x00007fee04024630 Uncommon trap: reason=unstable_if action=reinterpret pc=0x00007fedf9481b38 method=jdk.internal.misc.Unsafe.convEndian(ZI)I @ 4 c2
Event: 0,620 Thread 0x00007fee04024630 DEOPT PACKING pc=0x00007fedf9481b38 sp=0x00007fee09aebc80
Event: 0,620 Thread 0x00007fee04024630 DEOPT UNPACKING pc=0x00007fedf19f5099 sp=0x00007fee09aebc38 mode 2

Classes unloaded (0 events):
No events

Classes redefined (0 events):
No events

Internal exceptions (3 events):
Event: 0,213 Thread 0x00007fee04024630 Exception <a 'java/lang/NoSuchMethodError'{0x000000062b051770}: 'java.lang.Object java.lang.invoke.DirectMethodHandle$Holder.invokeStaticInit(java.lang.Object)'> (0x000000062b051770) 
thrown [src/hotspot/share/interpreter/linkResolver.cpp, line 758]
Event: 0,218 Thread 0x00007fee04024630 Exception <a 'java/lang/NoSuchMethodError'{0x000000062b05ced0}: 'java.lang.Object java.lang.invoke.DirectMethodHandle$Holder.invokeInterface(java.lang.Object, java.lang.Object)'> (0x000000062b05ced0) 
thrown [src/hotspot/share/interpreter/linkResolver.cpp, line 758]
Event: 0,280 Thread 0x00007fee043fe950 Exception <a 'java/lang/NoSuchMethodError'{0x000000062b2fce58}: 'void java.lang.invoke.DirectMethodHandle$Holder.invokeStatic(java.lang.Object, java.lang.Object)'> (0x000000062b2fce58) 
thrown [src/hotspot/share/interpreter/linkResolver.cpp, line 758]

VM Operations (6 events):
Event: 0,101 Executing VM operation: HandshakeAllThreads
Event: 0,102 Executing VM operation: HandshakeAllThreads done
Event: 0,271 Executing VM operation: HandshakeAllThreads
Event: 0,271 Executing VM operation: HandshakeAllThreads done
Event: 1,271 Executing VM operation: Cleanup
Event: 1,272 Executing VM operation: Cleanup done

Events (20 events):
Event: 0,632 loading class java/time/temporal/TemporalAdjuster
Event: 0,632 loading class java/time/temporal/TemporalAdjuster done
Event: 0,632 loading class java/time/chrono/ChronoLocalDate
Event: 0,632 loading class java/time/chrono/ChronoLocalDate done
Event: 0,632 loading class java/time/LocalDate done
Event: 0,632 loading class java/time/LocalTime
Event: 0,632 loading class java/time/LocalTime done
Event: 0,632 loading class java/time/Duration
Event: 0,633 loading class java/time/temporal/TemporalAmount
Event: 0,633 loading class java/time/temporal/TemporalAmount done
Event: 0,633 loading class java/time/Duration done
Event: 0,633 loading class java/lang/reflect/InvocationTargetException
Event: 0,633 loading class java/lang/reflect/InvocationTargetException done
Event: 0,634 loading class java/util/Collections$SingletonList
Event: 0,634 loading class java/util/Collections$SingletonList done
Event: 0,635 loading class sun/reflect/generics/repository/FieldRepository
Event: 0,635 loading class sun/reflect/generics/repository/FieldRepository done
Event: 0,637 loading class java/lang/UnsatisfiedLinkError
Event: 0,637 loading class java/lang/UnsatisfiedLinkError done
Event: 0,639 Loaded shared library /tmp/jSerialComm/2.9.2/libjSerialComm.so


Dynamic libraries:
60c400000-62b800000 rw-p 00000000 00:00 0 
62b800000-800000000 ---p 00000000 00:00 0 
800000000-800020000 rw-p 00000000 00:00 0 
800020000-800040000 rw-p 00000000 00:00 0 
800040000-8000e0000 rw-p 00000000 00:00 0 
8000e0000-800120000 rw-p 00000000 00:00 0 
800120000-800140000 ---p 00000000 00:00 0 
800140000-800150000 rw-p 00000000 00:00 0 
800150000-840000000 ---p 00000000 00:00 0 
5621284fb000-5621284fc000 r--p 00000000 08:04 13634073                   /home/fabian/.p2/pool/plugins/org.eclipse.justj.openjdk.hotspot.jre.full.linux.x86_64_17.0.4.v20220903-1038/jre/bin/java
5621284fc000-5621284fd000 r-xp 00001000 08:04 13634073                   /home/fabian/.p2/pool/plugins/org.eclipse.justj.openjdk.hotspot.jre.full.linux.x86_64_17.0.4.v20220903-1038/jre/bin/java
5621284fd000-5621284fe000 r--p 00002000 08:04 13634073                   /home/fabian/.p2/pool/plugins/org.eclipse.justj.openjdk.hotspot.jre.full.linux.x86_64_17.0.4.v20220903-1038/jre/bin/java
5621284fe000-5621284ff000 r--p 00002000 08:04 13634073                   /home/fabian/.p2/pool/plugins/org.eclipse.justj.openjdk.hotspot.jre.full.linux.x86_64_17.0.4.v20220903-1038/jre/bin/java
5621284ff000-562128500000 rw-p 00003000 08:04 13634073                   /home/fabian/.p2/pool/plugins/org.eclipse.justj.openjdk.hotspot.jre.full.linux.x86_64_17.0.4.v20220903-1038/jre/bin/java
56212a337000-56212a358000 rw-p 00000000 00:00 0                          [heap]
7fed7c000000-7fed7c021000 rw-p 00000000 00:00 0 
7fed7c021000-7fed80000000 ---p 00000000 00:00 0 
7fed84000000-7fed84021000 rw-p 00000000 00:00 0 
7fed84021000-7fed88000000 ---p 00000000 00:00 0 
7fed88000000-7fed88021000 rw-p 00000000 00:00 0 
7fed88021000-7fed8c000000 ---p 00000000 00:00 0 
7fed8c000000-7fed8c046000 rw-p 00000000 00:00 0 
7fed8c046000-7fed90000000 ---p 00000000 00:00 0 
7fed90000000-7fed90023000 rw-p 00000000 00:00 0 
7fed90023000-7fed94000000 ---p 00000000 00:00 0 
7fed94000000-7fed94021000 rw-p 00000000 00:00 0 
7fed94021000-7fed98000000 ---p 00000000 00:00 0 
7fed98000000-7fed98021000 rw-p 00000000 00:00 0 
7fed98021000-7fed9c000000 ---p 00000000 00:00 0 
7fed9c000000-7fed9c021000 rw-p 00000000 00:00 0 
7fed9c021000-7feda0000000 ---p 00000000 00:00 0 
7feda0000000-7feda0021000 rw-p 00000000 00:00 0 
7feda0021000-7feda4000000 ---p 00000000 00:00 0 
7feda4000000-7feda4298000 rw-p 00000000 00:00 0 
7feda4298000-7feda8000000 ---p 00000000 00:00 0 
7feda8000000-7feda83a7000 rw-p 00000000 00:00 0 
7feda83a7000-7fedac000000 ---p 00000000 00:00 0 
7fedac000000-7fedac021000 rw-p 00000000 00:00 0 
7fedac021000-7fedb0000000 ---p 00000000 00:00 0 
7fedb0000000-7fedb0021000 rw-p 00000000 00:00 0 
7fedb0021000-7fedb4000000 ---p 00000000 00:00 0 
7fedb4000000-7fedb4021000 rw-p 00000000 00:00 0 
7fedb4021000-7fedb8000000 ---p 00000000 00:00 0 
7fedb8000000-7fedb8021000 rw-p 00000000 00:00 0 
7fedb8021000-7fedbc000000 ---p 00000000 00:00 0 
7fedbda15000-7fedbde00000 rw-p 00000000 00:00 0 
7fedbde00000-7fedbde04000 ---p 00000000 00:00 0 
7fedbde04000-7fedbdf00000 rw-p 00000000 00:00 0 
7fedbdf00000-7fedbdf04000 ---p 00000000 00:00 0 
7fedbdf04000-7fedbe080000 rw-p 00000000 00:00 0 
7fedbe080000-7fedbe100000 rw-p 00000000 00:00 0 
7fedbe100000-7fedbe260000 rw-p 00000000 00:00 0 
7fedbe260000-7fedbe300000 ---p 00000000 00:00 0 
7fedbe300000-7fedbe350000 rw-p 00000000 00:00 0 
7fedbe350000-7fedbe800000 ---p 00000000 00:00 0 
7fedbe810000-7fedbe817000 r--s 00000000 08:04 4329321                    /usr/lib/x86_64-linux-gnu/gconv/gconv-modules.cache
7fedbe817000-7fedbe81b000 ---p 00000000 00:00 0 
7fedbe81b000-7fedbe917000 rw-p 00000000 00:00 0 
7fedbe917000-7fedbe91b000 ---p 00000000 00:00 0 
7fedbe91b000-7fedbea17000 rw-p 00000000 00:00 0 
7fedbea17000-7fedbea1b000 ---p 00000000 00:00 0 
7fedbea1b000-7fedbeb17000 rw-p 00000000 00:00 0 
7fedbeb17000-7fedbeb1b000 ---p 00000000 00:00 0 
7fedbeb1b000-7fedbec17000 rw-p 00000000 00:00 0 
7fedbec17000-7fedbec18000 ---p 00000000 00:00 0 
7fedbec18000-7fedbed19000 rw-p 00000000 00:00 0 
7fedbed19000-7fedbed1d000 ---p 00000000 00:00 0 
7fedbed1d000-7fedbee19000 rw-p 00000000 00:00 0 
7fedbee19000-7fedbee1d000 ---p 00000000 00:00 0 
7fedbee1d000-7fedbef19000 rw-p 00000000 00:00 0 
7fedbef19000-7fedbef1d000 ---p 00000000 00:00 0 
7fedbef1d000-7fedbf019000 rw-p 00000000 00:00 0 
7fedbf019000-7fedbf01d000 ---p 00000000 00:00 0 
7fedbf01d000-7fedbf119000 rw-p 00000000 00:00 0 
7fedbf119000-7fedbf11d000 ---p 00000000 00:00 0 
7fedbf11d000-7fedbf219000 rw-p 00000000 00:00 0 
7fedbf219000-7fedc0000000 r--p 00000000 08:04 3675468                    /usr/lib/locale/locale-archive
7fedc0000000-7fedc0021000 rw-p 00000000 00:00 0 
7fedc0021000-7fedc4000000 ---p 00000000 00:00 0 
7fedc4000000-7fedc4021000 rw-p 00000000 00:00 0 
7fedc4021000-7fedc8000000 ---p 00000000 00:00 0 
7fedc8000000-7fedc8021000 rw-p 00000000 00:00 0 
7fedc8021000-7fedcc000000 ---p 00000000 00:00 0 
7fedcc000000-7fedcc021000 rw-p 00000000 00:00 0 
7fedcc021000-7fedd0000000 ---p 00000000 00:00 0 
7fedd0000000-7fedd0021000 rw-p 00000000 00:00 0 
7fedd0021000-7fedd4000000 ---p 00000000 00:00 0 
7fedd4000000-7fedd4021000 rw-p 00000000 00:00 0 
7fedd4021000-7fedd8000000 ---p 00000000 00:00 0 
7fedd8000000-7fedd8021000 rw-p 00000000 00:00 0 
7fedd8021000-7feddc000000 ---p 00000000 00:00 0 
7feddc000000-7feddc004000 ---p 00000000 00:00 0 
7feddc004000-7feddc100000 rw-p 00000000 00:00 0 
7feddc100000-7feddc104000 ---p 00000000 00:00 0 
7feddc104000-7feddc200000 rw-p 00000000 00:00 0 
7feddc200000-7feddc204000 ---p 00000000 00:00 0 
7feddc204000-7feddc300000 rw-p 00000000 00:00 0 
7feddc300000-7feddc304000 ---p 00000000 00:00 0 
7feddc304000-7feddc800000 rw-p 00000000 00:00 0 
7feddc800000-7feddc820000 rw-p 00000000 00:00 0 
7feddc820000-7feddc840000 rw-p 00000000 00:00 0 
7feddc840000-7feddc880000 rw-p 00000000 00:00 0 
7feddc880000-7feddc900000 rw-p 00000000 00:00 0 
7feddc900000-7feddcc00000 rw-p 00000000 00:00 0 
7feddcc01000-7feddcc32000 rw-p 00000000 00:00 0 
7feddcc32000-7feddcc36000 r--p 00000000 08:04 13634458                   /home/fabian/.p2/pool/plugins/org.eclipse.justj.openjdk.hotspot.jre.full.linux.x86_64_17.0.4.v20220903-1038/jre/lib/libnet.so
7feddcc36000-7feddcc44000 r-xp 00004000 08:04 13634458                   /home/fabian/.p2/pool/plugins/org.eclipse.justj.openjdk.hotspot.jre.full.linux.x86_64_17.0.4.v20220903-1038/jre/lib/libnet.so
7feddcc44000-7feddcc48000 r--p 00012000 08:04 13634458                   /home/fabian/.p2/pool/plugins/org.eclipse.justj.openjdk.hotspot.jre.full.linux.x86_64_17.0.4.v20220903-1038/jre/lib/libnet.so
7feddcc48000-7feddcc49000 r--p 00015000 08:04 13634458                   /home/fabian/.p2/pool/plugins/org.eclipse.justj.openjdk.hotspot.jre.full.linux.x86_64_17.0.4.v20220903-1038/jre/lib/libnet.so
7feddcc49000-7feddcc4a000 rw-p 00016000 08:04 13634458                   /home/fabian/.p2/pool/plugins/org.eclipse.justj.openjdk.hotspot.jre.full.linux.x86_64_17.0.4.v20220903-1038/jre/lib/libnet.so
7feddcc4a000-7feddcc51000 r--p 00000000 08:04 13634459                   /home/fabian/.p2/pool/plugins/org.eclipse.justj.openjdk.hotspot.jre.full.linux.x86_64_17.0.4.v20220903-1038/jre/lib/libnio.so
7feddcc51000-7feddcc5a000 r-xp 00007000 08:04 13634459                   /home/fabian/.p2/pool/plugins/org.eclipse.justj.openjdk.hotspot.jre.full.linux.x86_64_17.0.4.v20220903-1038/jre/lib/libnio.so
7feddcc5a000-7feddcc5e000 r--p 00010000 08:04 13634459                   /home/fabian/.p2/pool/plugins/org.eclipse.justj.openjdk.hotspot.jre.full.linux.x86_64_17.0.4.v20220903-1038/jre/lib/libnio.so
7feddcc5e000-7feddcc5f000 ---p 00014000 08:04 13634459                   /home/fabian/.p2/pool/plugins/org.eclipse.justj.openjdk.hotspot.jre.full.linux.x86_64_17.0.4.v20220903-1038/jre/lib/libnio.so
7feddcc5f000-7feddcc60000 r--p 00014000 08:04 13634459                   /home/fabian/.p2/pool/plugins/org.eclipse.justj.openjdk.hotspot.jre.full.linux.x86_64_17.0.4.v20220903-1038/jre/lib/libnio.so
7feddcc60000-7feddcc61000 rw-p 00015000 08:04 13634459                   /home/fabian/.p2/pool/plugins/org.eclipse.justj.openjdk.hotspot.jre.full.linux.x86_64_17.0.4.v20220903-1038/jre/lib/libnio.so
7feddcc61000-7feddcc62000 ---p 00000000 00:00 0 
7feddcc62000-7feddcde4000 rw-p 00000000 00:00 0 
7feddcde4000-7feddcde5000 ---p 00000000 00:00 0 
7feddcde5000-7feddcee6000 rw-p 00000000 00:00 0 
7feddcee6000-7feddcee7000 ---p 00000000 00:00 0 
7feddcee7000-7feddf8b9000 rw-p 00000000 00:00 0 
7feddf8b9000-7fede6dd9000 ---p 00000000 00:00 0 
7fede6dd9000-7fede75a9000 rw-p 00000000 00:00 0 
7fede75a9000-7fedeeac9000 ---p 00000000 00:00 0 
7fedeeac9000-7fedeebc3000 rw-p 00000000 00:00 0 
7fedeebc3000-7fedefa67000 ---p 00000000 00:00 0 
7fedefa67000-7fedefb61000 rw-p 00000000 00:00 0 
7fedefb61000-7fedf0a05000 ---p 00000000 00:00 0 
7fedf0a05000-7fedf0aff000 rw-p 00000000 00:00 0 
7fedf0aff000-7fedf19a3000 ---p 00000000 00:00 0 
7fedf19a3000-7fedf1c13000 rwxp 00000000 00:00 0 
7fedf1c13000-7fedf1f35000 ---p 00000000 00:00 0 
7fedf1f35000-7fedf21a5000 rwxp 00000000 00:00 0 
7fedf21a5000-7fedf946c000 ---p 00000000 00:00 0 
7fedf946c000-7fedf96dc000 rwxp 00000000 00:00 0 
7fedf96dc000-7fee009a3000 ---p 00000000 00:00 0 
7fee009a3000-7fee04000000 r--s 00000000 08:04 13634449                   /home/fabian/.p2/pool/plugins/org.eclipse.justj.openjdk.hotspot.jre.full.linux.x86_64_17.0.4.v20220903-1038/jre/lib/modules
7fee04000000-7fee044a5000 rw-p 00000000 00:00 0 
7fee044a5000-7fee08000000 ---p 00000000 00:00 0 
7fee08001000-7fee08005000 r--p 00000000 08:04 11010325                   /tmp/jSerialComm/2.9.2/libjSerialComm.so
7fee08005000-7fee0800a000 r-xp 00004000 08:04 11010325                   /tmp/jSerialComm/2.9.2/libjSerialComm.so
7fee0800a000-7fee0800b000 r--p 00009000 08:04 11010325                   /tmp/jSerialComm/2.9.2/libjSerialComm.so
7fee0800b000-7fee0800c000 ---p 0000a000 08:04 11010325                   /tmp/jSerialComm/2.9.2/libjSerialComm.so
7fee0800c000-7fee0800d000 r--p 0000a000 08:04 11010325                   /tmp/jSerialComm/2.9.2/libjSerialComm.so
7fee0800d000-7fee0800e000 rw-p 0000b000 08:04 11010325                   /tmp/jSerialComm/2.9.2/libjSerialComm.so
7fee0800e000-7fee0800f000 r--p 00000000 08:04 13634489                   /home/fabian/.p2/pool/plugins/org.eclipse.justj.openjdk.hotspot.jre.full.linux.x86_64_17.0.4.v20220903-1038/jre/lib/libextnet.so
7fee0800f000-7fee08010000 r-xp 00001000 08:04 13634489                   /home/fabian/.p2/pool/plugins/org.eclipse.justj.openjdk.hotspot.jre.full.linux.x86_64_17.0.4.v20220903-1038/jre/lib/libextnet.so
7fee08010000-7fee08011000 r--p 00002000 08:04 13634489                   /home/fabian/.p2/pool/plugins/org.eclipse.justj.openjdk.hotspot.jre.full.linux.x86_64_17.0.4.v20220903-1038/jre/lib/libextnet.so
7fee08011000-7fee08012000 r--p 00002000 08:04 13634489                   /home/fabian/.p2/pool/plugins/org.eclipse.justj.openjdk.hotspot.jre.full.linux.x86_64_17.0.4.v20220903-1038/jre/lib/libextnet.so
7fee08012000-7fee08013000 rw-p 00003000 08:04 13634489                   /home/fabian/.p2/pool/plugins/org.eclipse.justj.openjdk.hotspot.jre.full.linux.x86_64_17.0.4.v20220903-1038/jre/lib/libextnet.so
7fee08013000-7fee089b8000 rw-p 00000000 00:00 0 
7fee089b8000-7fee089b9000 ---p 00000000 00:00 0 
7fee089b9000-7fee08aba000 rw-p 00000000 00:00 0 
7fee08aba000-7fee08abb000 ---p 00000000 00:00 0 
7fee08abb000-7fee08bbc000 rw-p 00000000 00:00 0 
7fee08bbc000-7fee08bbd000 ---p 00000000 00:00 0 
7fee08bbd000-7fee097cc000 rw-p 00000000 00:00 0 
7fee097cc000-7fee098b2000 ---p 00000000 00:00 0 
7fee098b2000-7fee098b7000 rw-p 00000000 00:00 0 
7fee098b7000-7fee0999d000 ---p 00000000 00:00 0 
7fee0999d000-7fee099a2000 rw-p 00000000 00:00 0 
7fee099a2000-7fee099a9000 ---p 00000000 00:00 0 
7fee099a9000-7fee099b6000 r--p 00000000 08:04 13634454                   /home/fabian/.p2/pool/plugins/org.eclipse.justj.openjdk.hotspot.jre.full.linux.x86_64_17.0.4.v20220903-1038/jre/lib/libjava.so
7fee099b6000-7fee099c8000 r-xp 0000d000 08:04 13634454                   /home/fabian/.p2/pool/plugins/org.eclipse.justj.openjdk.hotspot.jre.full.linux.x86_64_17.0.4.v20220903-1038/jre/lib/libjava.so
7fee099c8000-7fee099ce000 r--p 0001f000 08:04 13634454                   /home/fabian/.p2/pool/plugins/org.eclipse.justj.openjdk.hotspot.jre.full.linux.x86_64_17.0.4.v20220903-1038/jre/lib/libjava.so
7fee099ce000-7fee099cf000 ---p 00025000 08:04 13634454                   /home/fabian/.p2/pool/plugins/org.eclipse.justj.openjdk.hotspot.jre.full.linux.x86_64_17.0.4.v20220903-1038/jre/lib/libjava.so
7fee099cf000-7fee099d0000 r--p 00025000 08:04 13634454                   /home/fabian/.p2/pool/plugins/org.eclipse.justj.openjdk.hotspot.jre.full.linux.x86_64_17.0.4.v20220903-1038/jre/lib/libjava.so
7fee099d0000-7fee099d1000 rw-p 00026000 08:04 13634454                   /home/fabian/.p2/pool/plugins/org.eclipse.justj.openjdk.hotspot.jre.full.linux.x86_64_17.0.4.v20220903-1038/jre/lib/libjava.so
7fee099d1000-7fee099d2000 rw-p 00000000 00:00 0 
7fee099d2000-7fee099d6000 r--p 00000000 08:04 13634455                   /home/fabian/.p2/pool/plugins/org.eclipse.justj.openjdk.hotspot.jre.full.linux.x86_64_17.0.4.v20220903-1038/jre/lib/libjimage.so
7fee099d6000-7fee099e9000 r-xp 00004000 08:04 13634455                   /home/fabian/.p2/pool/plugins/org.eclipse.justj.openjdk.hotspot.jre.full.linux.x86_64_17.0.4.v20220903-1038/jre/lib/libjimage.so
7fee099e9000-7fee099ef000 r--p 00017000 08:04 13634455                   /home/fabian/.p2/pool/plugins/org.eclipse.justj.openjdk.hotspot.jre.full.linux.x86_64_17.0.4.v20220903-1038/jre/lib/libjimage.so
7fee099ef000-7fee099f1000 r--p 0001c000 08:04 13634455                   /home/fabian/.p2/pool/plugins/org.eclipse.justj.openjdk.hotspot.jre.full.linux.x86_64_17.0.4.v20220903-1038/jre/lib/libjimage.so
7fee099f1000-7fee099f2000 rw-p 0001e000 08:04 13634455                   /home/fabian/.p2/pool/plugins/org.eclipse.justj.openjdk.hotspot.jre.full.linux.x86_64_17.0.4.v20220903-1038/jre/lib/libjimage.so
7fee099f2000-7fee099f6000 ---p 00000000 00:00 0 
7fee099f6000-7fee09af2000 rw-p 00000000 00:00 0 
7fee09af2000-7fee09b00000 r--p 00000000 08:04 3677161                    /usr/lib/x86_64-linux-gnu/libm.so.6
7fee09b00000-7fee09b7c000 r-xp 0000e000 08:04 3677161                    /usr/lib/x86_64-linux-gnu/libm.so.6
7fee09b7c000-7fee09bd7000 r--p 0008a000 08:04 3677161                    /usr/lib/x86_64-linux-gnu/libm.so.6
7fee09bd7000-7fee09bd8000 r--p 000e4000 08:04 3677161                    /usr/lib/x86_64-linux-gnu/libm.so.6
7fee09bd8000-7fee09bd9000 rw-p 000e5000 08:04 3677161                    /usr/lib/x86_64-linux-gnu/libm.so.6
7fee09bd9000-7fee09bda000 r--p 00000000 08:04 3677486                    /usr/lib/x86_64-linux-gnu/librt.so.1
7fee09bda000-7fee09bdb000 r-xp 00001000 08:04 3677486                    /usr/lib/x86_64-linux-gnu/librt.so.1
7fee09bdb000-7fee09bdc000 r--p 00002000 08:04 3677486                    /usr/lib/x86_64-linux-gnu/librt.so.1
7fee09bdc000-7fee09bdd000 r--p 00002000 08:04 3677486                    /usr/lib/x86_64-linux-gnu/librt.so.1
7fee09bdd000-7fee09bde000 rw-p 00003000 08:04 3677486                    /usr/lib/x86_64-linux-gnu/librt.so.1
7fee09bde000-7fee09e2f000 r--p 00000000 08:04 13634445                   /home/fabian/.p2/pool/plugins/org.eclipse.justj.openjdk.hotspot.jre.full.linux.x86_64_17.0.4.v20220903-1038/jre/lib/server/libjvm.so
7fee09e2f000-7fee0ab48000 r-xp 00251000 08:04 13634445                   /home/fabian/.p2/pool/plugins/org.eclipse.justj.openjdk.hotspot.jre.full.linux.x86_64_17.0.4.v20220903-1038/jre/lib/server/libjvm.so
7fee0ab48000-7fee0add3000 r--p 00f6a000 08:04 13634445                   /home/fabian/.p2/pool/plugins/org.eclipse.justj.openjdk.hotspot.jre.full.linux.x86_64_17.0.4.v20220903-1038/jre/lib/server/libjvm.so
7fee0add3000-7fee0ae8c000 r--p 011f4000 08:04 13634445                   /home/fabian/.p2/pool/plugins/org.eclipse.justj.openjdk.hotspot.jre.full.linux.x86_64_17.0.4.v20220903-1038/jre/lib/server/libjvm.so
7fee0ae8c000-7fee0aec1000 rw-p 012ad000 08:04 13634445                   /home/fabian/.p2/pool/plugins/org.eclipse.justj.openjdk.hotspot.jre.full.linux.x86_64_17.0.4.v20220903-1038/jre/lib/server/libjvm.so
7fee0aec1000-7fee0af1e000 rw-p 00000000 00:00 0 
7fee0af1e000-7fee0af46000 r--p 00000000 08:04 3676510                    /usr/lib/x86_64-linux-gnu/libc.so.6
7fee0af46000-7fee0b0db000 r-xp 00028000 08:04 3676510                    /usr/lib/x86_64-linux-gnu/libc.so.6
7fee0b0db000-7fee0b133000 r--p 001bd000 08:04 3676510                    /usr/lib/x86_64-linux-gnu/libc.so.6
7fee0b133000-7fee0b137000 r--p 00214000 08:04 3676510                    /usr/lib/x86_64-linux-gnu/libc.so.6
7fee0b137000-7fee0b139000 rw-p 00218000 08:04 3676510                    /usr/lib/x86_64-linux-gnu/libc.so.6
7fee0b139000-7fee0b146000 rw-p 00000000 00:00 0 
7fee0b146000-7fee0b147000 r--p 00000000 08:04 3676652                    /usr/lib/x86_64-linux-gnu/libdl.so.2
7fee0b147000-7fee0b148000 r-xp 00001000 08:04 3676652                    /usr/lib/x86_64-linux-gnu/libdl.so.2
7fee0b148000-7fee0b149000 r--p 00002000 08:04 3676652                    /usr/lib/x86_64-linux-gnu/libdl.so.2
7fee0b149000-7fee0b14a000 r--p 00002000 08:04 3676652                    /usr/lib/x86_64-linux-gnu/libdl.so.2
7fee0b14a000-7fee0b14b000 rw-p 00003000 08:04 3676652                    /usr/lib/x86_64-linux-gnu/libdl.so.2
7fee0b14b000-7fee0b14c000 r--p 00000000 08:04 3677430                    /usr/lib/x86_64-linux-gnu/libpthread.so.0
7fee0b14c000-7fee0b14d000 r-xp 00001000 08:04 3677430                    /usr/lib/x86_64-linux-gnu/libpthread.so.0
7fee0b14d000-7fee0b14e000 r--p 00002000 08:04 3677430                    /usr/lib/x86_64-linux-gnu/libpthread.so.0
7fee0b14e000-7fee0b14f000 r--p 00002000 08:04 3677430                    /usr/lib/x86_64-linux-gnu/libpthread.so.0
7fee0b14f000-7fee0b150000 rw-p 00003000 08:04 3677430                    /usr/lib/x86_64-linux-gnu/libpthread.so.0
7fee0b150000-7fee0b153000 r--p 00000000 08:04 13634456                   /home/fabian/.p2/pool/plugins/org.eclipse.justj.openjdk.hotspot.jre.full.linux.x86_64_17.0.4.v20220903-1038/jre/lib/libjli.so
7fee0b153000-7fee0b15d000 r-xp 00003000 08:04 13634456                   /home/fabian/.p2/pool/plugins/org.eclipse.justj.openjdk.hotspot.jre.full.linux.x86_64_17.0.4.v20220903-1038/jre/lib/libjli.so
7fee0b15d000-7fee0b160000 r--p 0000d000 08:04 13634456                   /home/fabian/.p2/pool/plugins/org.eclipse.justj.openjdk.hotspot.jre.full.linux.x86_64_17.0.4.v20220903-1038/jre/lib/libjli.so
7fee0b160000-7fee0b161000 ---p 00010000 08:04 13634456                   /home/fabian/.p2/pool/plugins/org.eclipse.justj.openjdk.hotspot.jre.full.linux.x86_64_17.0.4.v20220903-1038/jre/lib/libjli.so
7fee0b161000-7fee0b162000 r--p 00010000 08:04 13634456                   /home/fabian/.p2/pool/plugins/org.eclipse.justj.openjdk.hotspot.jre.full.linux.x86_64_17.0.4.v20220903-1038/jre/lib/libjli.so
7fee0b162000-7fee0b163000 rw-p 00011000 08:04 13634456                   /home/fabian/.p2/pool/plugins/org.eclipse.justj.openjdk.hotspot.jre.full.linux.x86_64_17.0.4.v20220903-1038/jre/lib/libjli.so
7fee0b163000-7fee0b165000 r--p 00000000 08:04 3699171                    /usr/lib/x86_64-linux-gnu/libz.so.1.2.11
7fee0b165000-7fee0b176000 r-xp 00002000 08:04 3699171                    /usr/lib/x86_64-linux-gnu/libz.so.1.2.11
7fee0b176000-7fee0b17c000 r--p 00013000 08:04 3699171                    /usr/lib/x86_64-linux-gnu/libz.so.1.2.11
7fee0b17c000-7fee0b17d000 ---p 00019000 08:04 3699171                    /usr/lib/x86_64-linux-gnu/libz.so.1.2.11
7fee0b17d000-7fee0b17e000 r--p 00019000 08:04 3699171                    /usr/lib/x86_64-linux-gnu/libz.so.1.2.11
7fee0b17e000-7fee0b17f000 rw-p 0001a000 08:04 3699171                    /usr/lib/x86_64-linux-gnu/libz.so.1.2.11
7fee0b180000-7fee0b182000 r--p 00000000 08:04 13634461                   /home/fabian/.p2/pool/plugins/org.eclipse.justj.openjdk.hotspot.jre.full.linux.x86_64_17.0.4.v20220903-1038/jre/lib/libzip.so
7fee0b182000-7fee0b186000 r-xp 00002000 08:04 13634461                   /home/fabian/.p2/pool/plugins/org.eclipse.justj.openjdk.hotspot.jre.full.linux.x86_64_17.0.4.v20220903-1038/jre/lib/libzip.so
7fee0b186000-7fee0b188000 r--p 00006000 08:04 13634461                   /home/fabian/.p2/pool/plugins/org.eclipse.justj.openjdk.hotspot.jre.full.linux.x86_64_17.0.4.v20220903-1038/jre/lib/libzip.so
7fee0b188000-7fee0b189000 r--p 00007000 08:04 13634461                   /home/fabian/.p2/pool/plugins/org.eclipse.justj.openjdk.hotspot.jre.full.linux.x86_64_17.0.4.v20220903-1038/jre/lib/libzip.so
7fee0b189000-7fee0b18a000 rw-p 00008000 08:04 13634461                   /home/fabian/.p2/pool/plugins/org.eclipse.justj.openjdk.hotspot.jre.full.linux.x86_64_17.0.4.v20220903-1038/jre/lib/libzip.so
7fee0b18a000-7fee0b192000 rw-s 00000000 08:04 11010326                   /tmp/hsperfdata_fabian/6744
7fee0b192000-7fee0b193000 ---p 00000000 00:00 0 
7fee0b193000-7fee0b194000 r--p 00000000 00:00 0 
7fee0b194000-7fee0b196000 rw-p 00000000 00:00 0 
7fee0b196000-7fee0b198000 r--p 00000000 08:04 3676173                    /usr/lib/x86_64-linux-gnu/ld-linux-x86-64.so.2
7fee0b198000-7fee0b1c2000 r-xp 00002000 08:04 3676173                    /usr/lib/x86_64-linux-gnu/ld-linux-x86-64.so.2
7fee0b1c2000-7fee0b1cd000 r--p 0002c000 08:04 3676173                    /usr/lib/x86_64-linux-gnu/ld-linux-x86-64.so.2
7fee0b1cd000-7fee0b1ce000 ---p 00000000 00:00 0 
7fee0b1ce000-7fee0b1d0000 r--p 00037000 08:04 3676173                    /usr/lib/x86_64-linux-gnu/ld-linux-x86-64.so.2
7fee0b1d0000-7fee0b1d2000 rw-p 00039000 08:04 3676173                    /usr/lib/x86_64-linux-gnu/ld-linux-x86-64.so.2
7fffc83fe000-7fffc841f000 rw-p 00000000 00:00 0                          [stack]
7fffc848e000-7fffc8492000 r--p 00000000 00:00 0                          [vvar]
7fffc8492000-7fffc8494000 r-xp 00000000 00:00 0                          [vdso]
ffffffffff600000-ffffffffff601000 --xp 00000000 00:00 0                  [vsyscall]


VM Arguments:
jvm_args: -Dfile.encoding=UTF-8 -XX:+ShowCodeDetailsInExceptionMessages 
java_command: com.fabian.backgroundworker.App
java_class_path (initial): /home/fabian/Dokumente/Github/Background-Worker/backgroundworker/target/classes:/home/fabian/.m2/repository/org/eclipse/paho/org.eclipse.paho.client.mqttv3/1.2.2/org.eclipse.paho.client.mqttv3-1.2.2.jar:/home/fabian/.m2/repository/com/google/code/gson/gson/2.8.7/gson-2.8.7.jar:/home/fabian/.m2/repository/com/fazecast/jSerialComm/2.9.2/jSerialComm-2.9.2.jar
Launcher Type: SUN_STANDARD

[Global flags]
     intx CICompilerCount                          = 4                                         {product} {ergonomic}
     uint ConcGCThreads                            = 3                                         {product} {ergonomic}
     uint G1ConcRefinementThreads                  = 10                                        {product} {ergonomic}
   size_t G1HeapRegionSize                         = 4194304                                   {product} {ergonomic}
    uintx GCDrainStackTargetSize                   = 64                                        {product} {ergonomic}
   size_t InitialHeapSize                          = 524288000                                 {product} {ergonomic}
   size_t MarkStackSize                            = 4194304                                   {product} {ergonomic}
   size_t MaxHeapSize                              = 8384413696                                {product} {ergonomic}
   size_t MaxNewSize                               = 5028970496                                {product} {ergonomic}
   size_t MinHeapDeltaBytes                        = 4194304                                   {product} {ergonomic}
   size_t MinHeapSize                              = 8388608                                   {product} {ergonomic}
    uintx NonNMethodCodeHeapSize                   = 5839372                                {pd product} {ergonomic}
    uintx NonProfiledCodeHeapSize                  = 122909434                              {pd product} {ergonomic}
    uintx ProfiledCodeHeapSize                     = 122909434                              {pd product} {ergonomic}
    uintx ReservedCodeCacheSize                    = 251658240                              {pd product} {ergonomic}
     bool SegmentedCodeCache                       = true                                      {product} {ergonomic}
     bool ShowCodeDetailsInExceptionMessages       = true                                   {manageable} {command line}
   size_t SoftMaxHeapSize                          = 8384413696                             {manageable} {ergonomic}
     bool UseCompressedClassPointers               = true                           {product lp64_product} {ergonomic}
     bool UseCompressedOops                        = true                           {product lp64_product} {ergonomic}
     bool UseG1GC                                  = true                                      {product} {ergonomic}

Logging:
Log output configuration:
 #0: stdout all=warning uptime,level,tags
 #1: stderr all=off uptime,level,tags

Environment Variables:
PATH=/usr/local/sbin:/usr/local/bin:/usr/sbin:/usr/bin:/sbin:/bin:/usr/games:/usr/local/games:/snap/bin:/snap/bin
USERNAME=fabian
SHELL=/bin/bash
DISPLAY=:1
LANG=de_AT.UTF-8

Signal Handlers:
   SIGSEGV: crash_handler in libjvm.so, mask=11100100010111111101111111111110, flags=SA_RESTART|SA_SIGINFO
    SIGBUS: crash_handler in libjvm.so, mask=11100100010111111101111111111110, flags=SA_RESTART|SA_SIGINFO
    SIGFPE: crash_handler in libjvm.so, mask=11100100010111111101111111111110, flags=SA_RESTART|SA_SIGINFO
   SIGPIPE: javaSignalHandler in libjvm.so, mask=11100100010111111101111111111110, flags=SA_RESTART|SA_SIGINFO
   SIGXFSZ: javaSignalHandler in libjvm.so, mask=11100100010111111101111111111110, flags=SA_RESTART|SA_SIGINFO
    SIGILL: crash_handler in libjvm.so, mask=11100100010111111101111111111110, flags=SA_RESTART|SA_SIGINFO
   SIGUSR2: SIG_IGN, mask=00000000000000000000000000000000, flags=none
  *** Handler was modified!
  *** Expected: SR_handler in libjvm.so, mask=00100000000000000000000000000000, flags=SA_RESTART|SA_SIGINFO
    SIGHUP: SIG_IGN, mask=00000000000000000000000000000000, flags=none
    SIGINT: UserHandler in libjvm.so, mask=11100100010111111101111111111110, flags=SA_RESTART|SA_SIGINFO
   SIGTERM: UserHandler in libjvm.so, mask=11100100010111111101111111111110, flags=SA_RESTART|SA_SIGINFO
   SIGQUIT: UserHandler in libjvm.so, mask=11100100010111111101111111111110, flags=SA_RESTART|SA_SIGINFO
  *** Handler was modified!
  *** Expected: javaSignalHandler in libjvm.so, mask=11100100110111111111111111111110, flags=SA_RESTART|SA_SIGINFO
   SIGTRAP: crash_handler in libjvm.so, mask=11100100010111111101111111111110, flags=SA_RESTART|SA_SIGINFO


---------------  S Y S T E M  ---------------

OS:
DISTRIB_ID=Ubuntu
DISTRIB_RELEASE=22.04
DISTRIB_CODENAME=jammy
DISTRIB_DESCRIPTION="Ubuntu 22.04.1 LTS"
uname: Linux 5.15.0-52-generic #58-Ubuntu SMP Thu Oct 13 08:03:55 UTC 2022 x86_64
OS uptime: 0 days 0:08 hours
libc: glibc 2.35 NPTL 2.35 
rlimit (soft/hard): STACK 8192k/infinity , CORE 0k/infinity , NPROC 127640/127640 , NOFILE 1048576/1048576 , AS infinity/infinity , CPU infinity/infinity , DATA infinity/infinity , FSIZE infinity/infinity , MEMLOCK 4093344k/4093344k
load average: 1,52 2,78 1,90

/proc/meminfo:
MemTotal:       32746760 kB
MemFree:        25684740 kB
MemAvailable:   28023580 kB
Buffers:          103500 kB
Cached:          2586024 kB
SwapCached:            0 kB
Active:           975008 kB
Inactive:        5430164 kB
Active(anon):       2352 kB
Inactive(anon):  3752264 kB
Active(file):     972656 kB
Inactive(file):  1677900 kB
Unevictable:          80 kB
Mlocked:              80 kB
SwapTotal:       2097148 kB
SwapFree:        2097148 kB
Dirty:               564 kB
Writeback:             0 kB
AnonPages:       3701952 kB
Mapped:           966012 kB
Shmem:             58716 kB
KReclaimable:     118584 kB
Slab:             307440 kB
SReclaimable:     118584 kB
SUnreclaim:       188856 kB
KernelStack:       19696 kB
PageTables:        47132 kB
NFS_Unstable:          0 kB
Bounce:                0 kB
WritebackTmp:          0 kB
CommitLimit:    18470528 kB
Committed_AS:   13978248 kB
VmallocTotal:   34359738367 kB
VmallocUsed:       92280 kB
VmallocChunk:          0 kB
Percpu:            18432 kB
HardwareCorrupted:     0 kB
AnonHugePages:     22528 kB
ShmemHugePages:        0 kB
ShmemPmdMapped:        0 kB
FileHugePages:         0 kB
FilePmdMapped:         0 kB
HugePages_Total:       0
HugePages_Free:        0
HugePages_Rsvd:        0
HugePages_Surp:        0
Hugepagesize:       2048 kB
Hugetlb:               0 kB
DirectMap4k:      586084 kB
DirectMap2M:     8724480 kB
DirectMap1G:    25165824 kB

/sys/kernel/mm/transparent_hugepage/enabled: always [madvise] never
/sys/kernel/mm/transparent_hugepage/defrag (defrag/compaction efforts parameter): always defer defer+madvise [madvise] never

Process Memory:
Virtual Size: 11489244K (peak: 11550688K)
Resident Set Size: 70148K (peak: 70148K) (anon: 42424K, file: 27724K, shmem: 0K)
Swapped out: 0K
C-Heap outstanding allocations: 37047K, retained: 3444K
glibc malloc tunables: (default)

/proc/sys/kernel/threads-max (system-wide limit on the number of threads): 255281
/proc/sys/vm/max_map_count (maximum number of memory map areas a process may have): 65530
/proc/sys/kernel/pid_max (system-wide limit on number of process identifiers): 4194304

container (cgroup) information:
container_type: cgroupv2
cpu_cpuset_cpus: not supported
cpu_memory_nodes: not supported
active_processor_count: 12
cpu_quota: not supported
cpu_period: not supported
cpu_shares: not supported
memory_limit_in_bytes: unlimited
memory_and_swap_limit_in_bytes: unlimited
memory_soft_limit_in_bytes: unlimited
memory_usage_in_bytes: 1482896 k
memory_max_usage_in_bytes: not supported
maximum number of tasks: 38292
current number of tasks: 174

Steal ticks since vm start: 0
Steal ticks percentage since vm start:  0,000

CPU: total 12 (initial active 12) (6 cores per cpu, 2 threads per core) family 6 model 158 stepping 10 microcode 0xf0, cx8, cmov, fxsr, ht, mmx, 3dnowpref, sse, sse2, sse3, ssse3, sse4.1, sse4.2, popcnt, lzcnt, tsc, tscinvbit, avx, avx2, aes, erms, clmul, bmi1, bmi2, adx, fma, vzeroupper, clflush, clflushopt
CPU Model and flags from /proc/cpuinfo:
model name	: Intel(R) Core(TM) i7-8750H CPU @ 2.20GHz
flags		: fpu vme de pse tsc msr pae mce cx8 apic sep mtrr pge mca cmov pat pse36 clflush dts acpi mmx fxsr sse sse2 ss ht tm pbe syscall nx pdpe1gb rdtscp lm constant_tsc art arch_perfmon pebs bts rep_good nopl xtopology nonstop_tsc cpuid aperfmperf pni pclmulqdq dtes64 monitor ds_cpl vmx est tm2 ssse3 sdbg fma cx16 xtpr pdcm pcid sse4_1 sse4_2 x2apic movbe popcnt tsc_deadline_timer aes xsave avx f16c rdrand lahf_lm abm 3dnowprefetch cpuid_fault epb invpcid_single pti ssbd ibrs ibpb stibp tpr_shadow vnmi flexpriority ept vpid ept_ad fsgsbase tsc_adjust bmi1 avx2 smep bmi2 erms invpcid mpx rdseed adx smap clflushopt intel_pt xsaveopt xsavec xgetbv1 xsaves dtherm ida arat pln pts hwp hwp_notify hwp_act_window hwp_epp md_clear flush_l1d arch_capabilities

Online cpus: 0-11
Offline cpus: 
BIOS frequency limitation: <Not Available>
Frequency switch latency (ns): 0
Available cpu frequencies: <Not Available>
Current governor: powersave
Core performance/turbo boost: <Not Available>

Memory: 4k page, physical 32746760k(25684740k free), swap 2097148k(2097148k free)
Page Sizes: 4k

vm_info: OpenJDK 64-Bit Server VM (17.0.4.1+1) for linux-amd64 JRE (17.0.4.1+1), built on Aug 12 2022 00:00:00 by "temurin" with gcc 10.3.0

END.
