#
# A fatal error has been detected by the Java Runtime Environment:
#
#  SIGSEGV (0xb) at pc=0x00007fcf2f25c9c0, pid=10338, tid=10344
#
# JRE version: OpenJDK Runtime Environment Temurin-17.0.4.1+1 (17.0.4.1+1) (build 17.0.4.1+1)
# Java VM: OpenJDK 64-Bit Server VM Temurin-17.0.4.1+1 (17.0.4.1+1, mixed mode, tiered, compressed oops, compressed class ptrs, g1 gc, linux-amd64)
# Problematic frame:
# V  [libjvm.so+0x28a9c0]  AccessInternal::PostRuntimeDispatch<G1BarrierSet::AccessBarrier<548964ul, G1BarrierSet>, (AccessInternal::BarrierType)2, 548964ul>::oop_access_barrier(void*)+0x0
#
# Core dump will be written. Default location: Core dumps may be processed with "/usr/share/apport/apport -p%p -s%s -c%c -d%d -P%P -u%u -g%g -- %E" (or dumping to /home/fabian/Dokumente/Github/Background-Worker/backgroundworker/core.10338)
#
# If you would like to submit a bug report, please visit:
#   https://github.com/adoptium/adoptium-support/issues
#

---------------  S U M M A R Y ------------

Command Line: -Dfile.encoding=UTF-8 -XX:+ShowCodeDetailsInExceptionMessages com.fabian.backgroundworker.App

Host: Intel(R) Core(TM) i7-8750H CPU @ 2.20GHz, 12 cores, 31G, Ubuntu 22.04.1 LTS
Time: Tue Nov  8 15:37:51 2022 CET elapsed time: 1.732153 seconds (0d 0h 0m 1s)

---------------  T H R E A D  ---------------

Current thread (0x00007fcf28024630):  JavaThread "main" [_thread_in_vm, id=10344, stack(0x00007fcf2ede6000,0x00007fcf2eee6000)]

Stack: [0x00007fcf2ede6000,0x00007fcf2eee6000],  sp=0x00007fcf2eee4608,  free space=1017k
Native frames: (J=compiled Java code, j=interpreted, Vv=VM code, C=native code)
V  [libjvm.so+0x28a9c0]  AccessInternal::PostRuntimeDispatch<G1BarrierSet::AccessBarrier<548964ul, G1BarrierSet>, (AccessInternal::BarrierType)2, 548964ul>::oop_access_barrier(void*)+0x0

Java frames: (J=compiled Java code, j=interpreted, Vv=VM code)
j  com.fazecast.jSerialComm.SerialPort.readBytes(J[BJJII)I+0
j  com.fazecast.jSerialComm.SerialPort.readBytes([BJ)I+25
j  handlers.SerialHandler.setupConnection()V+211
j  com.fabian.backgroundworker.App.main([Ljava/lang/String;)V+59
v  ~StubRoutines::call_stub

siginfo: si_signo: 11 (SIGSEGV), si_code: 1 (SEGV_MAPERR), si_addr: 0x0000000000000000

Register to memory mapping:

RAX=0x0 is NULL
RBX=0x0000000000000001 is an unknown value
RCX=0x0000000000000001 is an unknown value
RDX=0x0 is NULL
RSP=0x00007fcf2eee4608 is pointing into the stack for thread: 0x00007fcf28024630
RBP=0x00007fcf2eee4670 is pointing into the stack for thread: 0x00007fcf28024630
RSI=0x0 is NULL
RDI=0x0 is NULL
R8 =0x00007fcf28475490 points into unknown readable memory: 0x00000007fcf20000 | 00 00 f2 fc 07 00 00 00
R9 =0x0 is NULL
R10=0x00007fcf159b050b is at code_begin+843 in an Interpreter codelet
method entry point (kind = native)  [0x00007fcf159b01c0, 0x00007fcf159b0a20]  2144 bytes
R11=0x0000000000000246 is an unknown value
R12=0x00007fcf28024630 is a thread
R13=0x0 is NULL
R14=0x00007fcf280248d8 points into unknown readable memory: 0x00007fcf302864a0 | a0 64 28 30 cf 7f 00 00
R15=0x0 is NULL


Registers:
RAX=0x0000000000000000, RBX=0x0000000000000001, RCX=0x0000000000000001, RDX=0x0000000000000000
RSP=0x00007fcf2eee4608, RBP=0x00007fcf2eee4670, RSI=0x0000000000000000, RDI=0x0000000000000000
R8 =0x00007fcf28475490, R9 =0x0000000000000000, R10=0x00007fcf159b050b, R11=0x0000000000000246
R12=0x00007fcf28024630, R13=0x0000000000000000, R14=0x00007fcf280248d8, R15=0x0000000000000000
RIP=0x00007fcf2f25c9c0, EFLAGS=0x0000000000010246, CSGSFS=0x002b000000000033, ERR=0x0000000000000004
  TRAPNO=0x000000000000000e

Top of Stack: (sp=0x00007fcf2eee4608)
0x00007fcf2eee4608:   00007fcf2f8989d9 00007fcf2eee4690
0x00007fcf2eee4618:   00007fcf28475490 00007fcf28024630
0x00007fcf2eee4628:   0000000000000000 0000000800041bc8
0x00007fcf2eee4638:   0000000800041bc8 00007fcef580a2f8 

Instructions: (pc=0x00007fcf2f25c9c0)
0x00007fcf2f25c8c0:   85 ff 74 09 ff 15 46 37 02 01 48 89 c7 48 89 7b
0x00007fcf2f25c8d0:   e0 48 83 c4 18 5b 41 5c 41 5d 41 5e 41 5f 5d c3
0x00007fcf2f25c8e0:   49 8b 44 24 20 4c 89 e7 4c 89 45 c8 48 8d 58 10
0x00007fcf2f25c8f0:   e8 5b 92 43 00 4c 8b 45 c8 48 39 c3 75 97 48 8b
0x00007fcf2f25c900:   45 18 4d 63 ed 4c 89 e7 48 8b 00 4a 8d 34 e8 e8
0x00007fcf2f25c910:   4c 92 43 00 4c 8b 45 c8 e9 78 ff ff ff 90 66 90
0x00007fcf2f25c920:   83 ef 04 83 ff 0a 77 10 48 8d 05 71 fd cd 00 8b
0x00007fcf2f25c930:   04 b8 c3 0f 1f 44 00 00 48 8d 05 09 7a 02 01 55
0x00007fcf2f25c940:   be 9c 00 00 00 48 8d 3d 24 fd cd 00 48 8b 00 48
0x00007fcf2f25c950:   89 e5 c6 00 58 e8 36 8f 37 00 e8 51 61 98 00 31
0x00007fcf2f25c960:   c0 5d c3 90 66 66 2e 0f 1f 84 00 00 00 00 00 90
0x00007fcf2f25c970:   48 8b 47 08 0f b7 50 28 0f b7 40 2a 8d 44 02 19
0x00007fcf2f25c980:   c3 66 2e 0f 1f 84 00 00 00 00 00 0f 1f 44 00 00
0x00007fcf2f25c990:   8b 47 08 c1 f8 03 c3 66 0f 1f 84 00 00 00 00 00
0x00007fcf2f25c9a0:   48 8b 07 c3 66 2e 0f 1f 84 00 00 00 00 00 66 90
0x00007fcf2f25c9b0:   48 8b 07 c3 66 2e 0f 1f 84 00 00 00 00 00 66 90
0x00007fcf2f25c9c0:   48 8b 07 c3 66 2e 0f 1f 84 00 00 00 00 00 66 90
0x00007fcf2f25c9d0:   48 8b 07 c3 66 2e 0f 1f 84 00 00 00 00 00 66 90
0x00007fcf2f25c9e0:   48 8b 07 c3 66 2e 0f 1f 84 00 00 00 00 00 66 90
0x00007fcf2f25c9f0:   48 8b 07 c3 66 2e 0f 1f 84 00 00 00 00 00 66 90
0x00007fcf2f25ca00:   55 48 89 e5 41 55 41 54 53 48 83 ec 08 48 8b 1f
0x00007fcf2f25ca10:   4c 8d 2d 69 f4 0a 01 48 89 da 49 23 55 00 48 89
0x00007fcf2f25ca20:   d8 75 0d 48 83 c4 08 5b 41 5c 41 5d 5d c3 66 90
0x00007fcf2f25ca30:   49 89 fc 48 89 df e8 85 6d c8 00 48 89 c2 48 85
0x00007fcf2f25ca40:   c0 74 05 4d 85 e4 75 1e 48 83 c4 08 48 89 d0 5b
0x00007fcf2f25ca50:   41 5c 41 5d 5d c3 66 2e 0f 1f 84 00 00 00 00 00
0x00007fcf2f25ca60:   49 23 45 00 74 e2 48 89 d9 48 89 d8 f0 49 0f b1
0x00007fcf2f25ca70:   14 24 48 89 c3 48 39 c8 75 e6 eb cc 0f 1f 40 00
0x00007fcf2f25ca80:   55 48 89 e5 41 54 49 89 fc 48 83 ec 08 48 8d 05
0x00007fcf2f25ca90:   dc c5 05 01 48 8d 15 93 e5 06 01 48 8b 00 80 3a
0x00007fcf2f25caa0:   00 8b 40 10 74 1a 83 f8 05 0f 87 dd 00 00 00 48
0x00007fcf2f25cab0:   8d 15 3e fb cd 00 48 63 04 82 48 01 d0 ff e0 90 


Stack slot to memory mapping:
stack at sp + 0 slots: 0x00007fcf2f8989d9: <offset 0x00000000008c69d9> in /home/fabian/.p2/pool/plugins/org.eclipse.justj.openjdk.hotspot.jre.full.linux.x86_64_17.0.4.v20220903-1038/jre/lib/server/libjvm.so at 0x00007fcf2efd2000
stack at sp + 1 slots: 0x00007fcf2eee4690 is pointing into the stack for thread: 0x00007fcf28024630
stack at sp + 2 slots: 0x00007fcf28475490 points into unknown readable memory: 0x00000007fcf20000 | 00 00 f2 fc 07 00 00 00
stack at sp + 3 slots: 0x00007fcf28024630 is a thread
stack at sp + 4 slots: 0x0 is NULL
stack at sp + 5 slots: 0x0000000800041bc8 is a pointer to class: 
java.lang.String {0x0000000800041bc8}
 - instance size:     3
 - klass size:        84
 - access:            public final synchronized 
 - state:             fully_initialized
 - name:              'java/lang/String'
 - super:             'java/lang/Object'
 - sub:               
 - arrays:            'java/lang/String'[]
 - methods:           Array<T>(0x00007fcef5805688)
 - method ordering:   Array<T>(0x00007fcef5800018)
 - default_methods:   Array<T>(0x0000000000000000)
 - local interfaces:  Array<T>(0x00007fcef5804160)
 - trans. interfaces: Array<T>(0x00007fcef5804160)
 - constants:         constant pool [1396]/operands[28] {0x00007fcef58012f0} for 'java/lang/String' cache=0x00007fcef59356e8
 - class loader data:  loader data: 0x00007fcf28137040 of 'bootstrap'
 - source file:       'String.java'
 - class annotations:       Array<T>(0x0000000000000000)
 - class type annotations:  Array<T>(0x0000000000000000)
 - field annotations:       Array<T>(0x00007fcef5805590)
 - field type annotations:  Array<T>(0x0000000000000000)
 - generic signature: 'Ljava/lang/Object;Ljava/io/Serializable;Ljava/lang/Comparable<Ljava/lang/String;>;Ljava/lang/CharSequence;Ljava/lang/constant/Constable;Ljava/lang/constant/ConstantDesc;'
 - inner classes:     Array<T>(0x00007fcef580fdd0)
 - nest members:     Array<T>(0x00007fcef580fe10)
 - permitted subclasses:     Array<T>(0x00007fcef5800028)
 - java mirror:       a 'java/lang/Class'{0x000000062b400a70} = 'java/lang/String'
 - vtable length      5  (start addr: 0x0000000800041d98)
 - itable length      20 (start addr: 0x0000000800041dc0)
 - ---- static fields (3 words):
 - private static final 'serialVersionUID' 'J' @120 
 - static final 'COMPACT_STRINGS' 'Z' @130 
 - private static final 'serialPersistentFields' '[Ljava/io/ObjectStreamField;' @112 
 - private static final 'REPL' 'C' @128 
 - public static final 'CASE_INSENSITIVE_ORDER' 'Ljava/util/Comparator;' @116 
 - static final 'LATIN1' 'B' @131 
 - static final 'UTF16' 'B' @132 
 - ---- non-static fields (3 words):
 - private 'hash' 'I' @12 
 - private final 'coder' 'B' @16 
 - private 'hashIsZero' 'Z' @17 
 - private final synchronized 'value' '[B' @20 
 - non-static oop maps: 20-20 
stack at sp + 6 slots: 0x0000000800041bc8 is a pointer to class: 
java.lang.String {0x0000000800041bc8}
 - instance size:     3
 - klass size:        84
 - access:            public final synchronized 
 - state:             fully_initialized
 - name:              'java/lang/String'
 - super:             'java/lang/Object'
 - sub:               
 - arrays:            'java/lang/String'[]
 - methods:           Array<T>(0x00007fcef5805688)
 - method ordering:   Array<T>(0x00007fcef5800018)
 - default_methods:   Array<T>(0x0000000000000000)
 - local interfaces:  Array<T>(0x00007fcef5804160)
 - trans. interfaces: Array<T>(0x00007fcef5804160)
 - constants:         constant pool [1396]/operands[28] {0x00007fcef58012f0} for 'java/lang/String' cache=0x00007fcef59356e8
 - class loader data:  loader data: 0x00007fcf28137040 of 'bootstrap'
 - source file:       'String.java'
 - class annotations:       Array<T>(0x0000000000000000)
 - class type annotations:  Array<T>(0x0000000000000000)
 - field annotations:       Array<T>(0x00007fcef5805590)
 - field type annotations:  Array<T>(0x0000000000000000)
 - generic signature: 'Ljava/lang/Object;Ljava/io/Serializable;Ljava/lang/Comparable<Ljava/lang/String;>;Ljava/lang/CharSequence;Ljava/lang/constant/Constable;Ljava/lang/constant/ConstantDesc;'
 - inner classes:     Array<T>(0x00007fcef580fdd0)
 - nest members:     Array<T>(0x00007fcef580fe10)
 - permitted subclasses:     Array<T>(0x00007fcef5800028)
 - java mirror:       a 'java/lang/Class'{0x000000062b400a70} = 'java/lang/String'
 - vtable length      5  (start addr: 0x0000000800041d98)
 - itable length      20 (start addr: 0x0000000800041dc0)
 - ---- static fields (3 words):
 - private static final 'serialVersionUID' 'J' @120 
 - static final 'COMPACT_STRINGS' 'Z' @130 
 - private static final 'serialPersistentFields' '[Ljava/io/ObjectStreamField;' @112 
 - private static final 'REPL' 'C' @128 
 - public static final 'CASE_INSENSITIVE_ORDER' 'Ljava/util/Comparator;' @116 
 - static final 'LATIN1' 'B' @131 
 - static final 'UTF16' 'B' @132 
 - ---- non-static fields (3 words):
 - private 'hash' 'I' @12 
 - private final 'coder' 'B' @16 
 - private 'hashIsZero' 'Z' @17 
 - private final synchronized 'value' '[B' @20 
 - non-static oop maps: 20-20 
stack at sp + 7 slots: {method} {0x00007fcef580a2f8} 'equals' '(Ljava/lang/Object;)Z' in 'java/lang/String'


---------------  P R O C E S S  ---------------

Threads class SMR info:
_java_thread_list=0x00007fcea8003690, length=16, elements={
0x00007fcf28024630, 0x00007fcf281b9f50, 0x00007fcf281bb5a0, 0x00007fcf281e02c0,
0x00007fcf281e1670, 0x00007fcf281e2a80, 0x00007fcf281e4100, 0x00007fcf281e55e0,
0x00007fcf281e6a50, 0x00007fcf28280260, 0x00007fcf28288410, 0x00007fcec8218c90,
0x00007fceb40185a0, 0x00007fceb401ac80, 0x00007fceb401beb0, 0x00007fcea8002cd0
}

Java Threads: ( => current thread )
=>0x00007fcf28024630 JavaThread "main" [_thread_in_vm, id=10344, stack(0x00007fcf2ede6000,0x00007fcf2eee6000)]
  0x00007fcf281b9f50 JavaThread "Reference Handler" daemon [_thread_blocked, id=10351, stack(0x00007fcef5700000,0x00007fcef5800000)]
  0x00007fcf281bb5a0 JavaThread "Finalizer" daemon [_thread_blocked, id=10352, stack(0x00007fcef5600000,0x00007fcef5700000)]
  0x00007fcf281e02c0 JavaThread "Signal Dispatcher" daemon [_thread_blocked, id=10353, stack(0x00007fcef4719000,0x00007fcef4819000)]
  0x00007fcf281e1670 JavaThread "Service Thread" daemon [_thread_blocked, id=10354, stack(0x00007fcef4619000,0x00007fcef4719000)]
  0x00007fcf281e2a80 JavaThread "Monitor Deflation Thread" daemon [_thread_blocked, id=10355, stack(0x00007fcef4519000,0x00007fcef4619000)]
  0x00007fcf281e4100 JavaThread "C2 CompilerThread0" daemon [_thread_blocked, id=10356, stack(0x00007fcef4419000,0x00007fcef4519000)]
  0x00007fcf281e55e0 JavaThread "C1 CompilerThread0" daemon [_thread_blocked, id=10357, stack(0x00007fcef4319000,0x00007fcef4419000)]
  0x00007fcf281e6a50 JavaThread "Sweeper thread" daemon [_thread_blocked, id=10358, stack(0x00007fcef4219000,0x00007fcef4319000)]
  0x00007fcf28280260 JavaThread "Notification Thread" daemon [_thread_blocked, id=10359, stack(0x00007fcef4119000,0x00007fcef4219000)]
  0x00007fcf28288410 JavaThread "Common-Cleaner" daemon [_thread_blocked, id=10361, stack(0x00007fcebff00000,0x00007fcec0000000)]
  0x00007fcec8218c90 JavaThread "C2 CompilerThread1" daemon [_thread_blocked, id=10362, stack(0x00007fcebfe00000,0x00007fcebff00000)]
  0x00007fceb40185a0 JavaThread "MQTT Rec: backgroundworker" [_thread_in_native, id=10364, stack(0x00007fcebfc00000,0x00007fcebfd00000)]
  0x00007fceb401ac80 JavaThread "MQTT Snd: backgroundworker" [_thread_blocked, id=10365, stack(0x00007fcebf300000,0x00007fcebf400000)]
  0x00007fceb401beb0 JavaThread "MQTT Call: backgroundworker" [_thread_blocked, id=10366, stack(0x00007fcebf200000,0x00007fcebf300000)]
  0x00007fcea8002cd0 JavaThread "MQTT Ping: backgroundworker" [_thread_blocked, id=10367, stack(0x00007fcebfd00000,0x00007fcebfe00000)]

Other Threads:
  0x00007fcf2816a560 VMThread "VM Thread" [stack: 0x00007fcf04037000,0x00007fcf04137000] [id=10350]
  0x00007fcf282142a0 WatcherThread [stack: 0x00007fcef4019000,0x00007fcef4119000] [id=10360]
  0x00007fcf28053150 GCTaskThread "GC Thread#0" [stack: 0x00007fcf2c076000,0x00007fcf2c176000] [id=10345]
  0x00007fcf280640c0 ConcurrentGCThread "G1 Main Marker" [stack: 0x00007fcf04f25000,0x00007fcf05025000] [id=10346]
  0x00007fcf28064fb0 ConcurrentGCThread "G1 Conc#0" [stack: 0x00007fcf04e23000,0x00007fcf04f23000] [id=10347]
  0x00007fcf281224c0 ConcurrentGCThread "G1 Refine#0" [stack: 0x00007fcf04317000,0x00007fcf04417000] [id=10348]
  0x00007fcf281233b0 ConcurrentGCThread "G1 Service" [stack: 0x00007fcf04215000,0x00007fcf04315000] [id=10349]

Threads with active compile tasks:

VM state: not at safepoint (normal execution)

VM Mutex/Monitor currently owned by a thread: None

Heap address: 0x000000060c400000, size: 7996 MB, Compressed Oops mode: Zero based, Oop shift amount: 3

CDS archive(s) not mapped
Compressed class space mapped at: 0x0000000800000000-0x0000000840000000, reserved size: 1073741824
Narrow klass base: 0x0000000800000000, Narrow klass shift: 0, Narrow klass range: 0x40000000

GC Precious Log:
 CPUs: 12 total, 12 available
 Memory: 31979M
 Large Page Support: Disabled
 NUMA Support: Disabled
 Compressed Oops: Enabled (Zero based)
 Heap Region Size: 4M
 Heap Min Capacity: 8M
 Heap Initial Capacity: 500M
 Heap Max Capacity: 7996M
 Pre-touch: Disabled
 Parallel Workers: 10
 Concurrent Workers: 3
 Concurrent Refinement Workers: 10
 Periodic GC: Disabled

Heap:
 garbage-first heap   total 512000K, used 8192K [0x000000060c400000, 0x0000000800000000)
  region size 4096K, 3 young (12288K), 0 survivors (0K)
 Metaspace       used 12022K, committed 12160K, reserved 1064960K
  class space    used 1130K, committed 1216K, reserved 1048576K

Heap Regions: E=young(eden), S=young(survivor), O=old, HS=humongous(starts), HC=humongous(continues), CS=collection set, F=free, OA=open archive, CA=closed archive, TAMS=top-at-mark-start (previous, next)
|   0|0x000000060c400000, 0x000000060c400000, 0x000000060c800000|  0%| F|  |TAMS 0x000000060c400000, 0x000000060c400000| Untracked 
|   1|0x000000060c800000, 0x000000060c800000, 0x000000060cc00000|  0%| F|  |TAMS 0x000000060c800000, 0x000000060c800000| Untracked 
|   2|0x000000060cc00000, 0x000000060cc00000, 0x000000060d000000|  0%| F|  |TAMS 0x000000060cc00000, 0x000000060cc00000| Untracked 
|   3|0x000000060d000000, 0x000000060d000000, 0x000000060d400000|  0%| F|  |TAMS 0x000000060d000000, 0x000000060d000000| Untracked 
|   4|0x000000060d400000, 0x000000060d400000, 0x000000060d800000|  0%| F|  |TAMS 0x000000060d400000, 0x000000060d400000| Untracked 
|   5|0x000000060d800000, 0x000000060d800000, 0x000000060dc00000|  0%| F|  |TAMS 0x000000060d800000, 0x000000060d800000| Untracked 
|   6|0x000000060dc00000, 0x000000060dc00000, 0x000000060e000000|  0%| F|  |TAMS 0x000000060dc00000, 0x000000060dc00000| Untracked 
|   7|0x000000060e000000, 0x000000060e000000, 0x000000060e400000|  0%| F|  |TAMS 0x000000060e000000, 0x000000060e000000| Untracked 
|   8|0x000000060e400000, 0x000000060e400000, 0x000000060e800000|  0%| F|  |TAMS 0x000000060e400000, 0x000000060e400000| Untracked 
|   9|0x000000060e800000, 0x000000060e800000, 0x000000060ec00000|  0%| F|  |TAMS 0x000000060e800000, 0x000000060e800000| Untracked 
|  10|0x000000060ec00000, 0x000000060ec00000, 0x000000060f000000|  0%| F|  |TAMS 0x000000060ec00000, 0x000000060ec00000| Untracked 
|  11|0x000000060f000000, 0x000000060f000000, 0x000000060f400000|  0%| F|  |TAMS 0x000000060f000000, 0x000000060f000000| Untracked 
|  12|0x000000060f400000, 0x000000060f400000, 0x000000060f800000|  0%| F|  |TAMS 0x000000060f400000, 0x000000060f400000| Untracked 
|  13|0x000000060f800000, 0x000000060f800000, 0x000000060fc00000|  0%| F|  |TAMS 0x000000060f800000, 0x000000060f800000| Untracked 
|  14|0x000000060fc00000, 0x000000060fc00000, 0x0000000610000000|  0%| F|  |TAMS 0x000000060fc00000, 0x000000060fc00000| Untracked 
|  15|0x0000000610000000, 0x0000000610000000, 0x0000000610400000|  0%| F|  |TAMS 0x0000000610000000, 0x0000000610000000| Untracked 
|  16|0x0000000610400000, 0x0000000610400000, 0x0000000610800000|  0%| F|  |TAMS 0x0000000610400000, 0x0000000610400000| Untracked 
|  17|0x0000000610800000, 0x0000000610800000, 0x0000000610c00000|  0%| F|  |TAMS 0x0000000610800000, 0x0000000610800000| Untracked 
|  18|0x0000000610c00000, 0x0000000610c00000, 0x0000000611000000|  0%| F|  |TAMS 0x0000000610c00000, 0x0000000610c00000| Untracked 
|  19|0x0000000611000000, 0x0000000611000000, 0x0000000611400000|  0%| F|  |TAMS 0x0000000611000000, 0x0000000611000000| Untracked 
|  20|0x0000000611400000, 0x0000000611400000, 0x0000000611800000|  0%| F|  |TAMS 0x0000000611400000, 0x0000000611400000| Untracked 
|  21|0x0000000611800000, 0x0000000611800000, 0x0000000611c00000|  0%| F|  |TAMS 0x0000000611800000, 0x0000000611800000| Untracked 
|  22|0x0000000611c00000, 0x0000000611c00000, 0x0000000612000000|  0%| F|  |TAMS 0x0000000611c00000, 0x0000000611c00000| Untracked 
|  23|0x0000000612000000, 0x0000000612000000, 0x0000000612400000|  0%| F|  |TAMS 0x0000000612000000, 0x0000000612000000| Untracked 
|  24|0x0000000612400000, 0x0000000612400000, 0x0000000612800000|  0%| F|  |TAMS 0x0000000612400000, 0x0000000612400000| Untracked 
|  25|0x0000000612800000, 0x0000000612800000, 0x0000000612c00000|  0%| F|  |TAMS 0x0000000612800000, 0x0000000612800000| Untracked 
|  26|0x0000000612c00000, 0x0000000612c00000, 0x0000000613000000|  0%| F|  |TAMS 0x0000000612c00000, 0x0000000612c00000| Untracked 
|  27|0x0000000613000000, 0x0000000613000000, 0x0000000613400000|  0%| F|  |TAMS 0x0000000613000000, 0x0000000613000000| Untracked 
|  28|0x0000000613400000, 0x0000000613400000, 0x0000000613800000|  0%| F|  |TAMS 0x0000000613400000, 0x0000000613400000| Untracked 
|  29|0x0000000613800000, 0x0000000613800000, 0x0000000613c00000|  0%| F|  |TAMS 0x0000000613800000, 0x0000000613800000| Untracked 
|  30|0x0000000613c00000, 0x0000000613c00000, 0x0000000614000000|  0%| F|  |TAMS 0x0000000613c00000, 0x0000000613c00000| Untracked 
|  31|0x0000000614000000, 0x0000000614000000, 0x0000000614400000|  0%| F|  |TAMS 0x0000000614000000, 0x0000000614000000| Untracked 
|  32|0x0000000614400000, 0x0000000614400000, 0x0000000614800000|  0%| F|  |TAMS 0x0000000614400000, 0x0000000614400000| Untracked 
|  33|0x0000000614800000, 0x0000000614800000, 0x0000000614c00000|  0%| F|  |TAMS 0x0000000614800000, 0x0000000614800000| Untracked 
|  34|0x0000000614c00000, 0x0000000614c00000, 0x0000000615000000|  0%| F|  |TAMS 0x0000000614c00000, 0x0000000614c00000| Untracked 
|  35|0x0000000615000000, 0x0000000615000000, 0x0000000615400000|  0%| F|  |TAMS 0x0000000615000000, 0x0000000615000000| Untracked 
|  36|0x0000000615400000, 0x0000000615400000, 0x0000000615800000|  0%| F|  |TAMS 0x0000000615400000, 0x0000000615400000| Untracked 
|  37|0x0000000615800000, 0x0000000615800000, 0x0000000615c00000|  0%| F|  |TAMS 0x0000000615800000, 0x0000000615800000| Untracked 
|  38|0x0000000615c00000, 0x0000000615c00000, 0x0000000616000000|  0%| F|  |TAMS 0x0000000615c00000, 0x0000000615c00000| Untracked 
|  39|0x0000000616000000, 0x0000000616000000, 0x0000000616400000|  0%| F|  |TAMS 0x0000000616000000, 0x0000000616000000| Untracked 
|  40|0x0000000616400000, 0x0000000616400000, 0x0000000616800000|  0%| F|  |TAMS 0x0000000616400000, 0x0000000616400000| Untracked 
|  41|0x0000000616800000, 0x0000000616800000, 0x0000000616c00000|  0%| F|  |TAMS 0x0000000616800000, 0x0000000616800000| Untracked 
|  42|0x0000000616c00000, 0x0000000616c00000, 0x0000000617000000|  0%| F|  |TAMS 0x0000000616c00000, 0x0000000616c00000| Untracked 
|  43|0x0000000617000000, 0x0000000617000000, 0x0000000617400000|  0%| F|  |TAMS 0x0000000617000000, 0x0000000617000000| Untracked 
|  44|0x0000000617400000, 0x0000000617400000, 0x0000000617800000|  0%| F|  |TAMS 0x0000000617400000, 0x0000000617400000| Untracked 
|  45|0x0000000617800000, 0x0000000617800000, 0x0000000617c00000|  0%| F|  |TAMS 0x0000000617800000, 0x0000000617800000| Untracked 
|  46|0x0000000617c00000, 0x0000000617c00000, 0x0000000618000000|  0%| F|  |TAMS 0x0000000617c00000, 0x0000000617c00000| Untracked 
|  47|0x0000000618000000, 0x0000000618000000, 0x0000000618400000|  0%| F|  |TAMS 0x0000000618000000, 0x0000000618000000| Untracked 
|  48|0x0000000618400000, 0x0000000618400000, 0x0000000618800000|  0%| F|  |TAMS 0x0000000618400000, 0x0000000618400000| Untracked 
|  49|0x0000000618800000, 0x0000000618800000, 0x0000000618c00000|  0%| F|  |TAMS 0x0000000618800000, 0x0000000618800000| Untracked 
|  50|0x0000000618c00000, 0x0000000618c00000, 0x0000000619000000|  0%| F|  |TAMS 0x0000000618c00000, 0x0000000618c00000| Untracked 
|  51|0x0000000619000000, 0x0000000619000000, 0x0000000619400000|  0%| F|  |TAMS 0x0000000619000000, 0x0000000619000000| Untracked 
|  52|0x0000000619400000, 0x0000000619400000, 0x0000000619800000|  0%| F|  |TAMS 0x0000000619400000, 0x0000000619400000| Untracked 
|  53|0x0000000619800000, 0x0000000619800000, 0x0000000619c00000|  0%| F|  |TAMS 0x0000000619800000, 0x0000000619800000| Untracked 
|  54|0x0000000619c00000, 0x0000000619c00000, 0x000000061a000000|  0%| F|  |TAMS 0x0000000619c00000, 0x0000000619c00000| Untracked 
|  55|0x000000061a000000, 0x000000061a000000, 0x000000061a400000|  0%| F|  |TAMS 0x000000061a000000, 0x000000061a000000| Untracked 
|  56|0x000000061a400000, 0x000000061a400000, 0x000000061a800000|  0%| F|  |TAMS 0x000000061a400000, 0x000000061a400000| Untracked 
|  57|0x000000061a800000, 0x000000061a800000, 0x000000061ac00000|  0%| F|  |TAMS 0x000000061a800000, 0x000000061a800000| Untracked 
|  58|0x000000061ac00000, 0x000000061ac00000, 0x000000061b000000|  0%| F|  |TAMS 0x000000061ac00000, 0x000000061ac00000| Untracked 
|  59|0x000000061b000000, 0x000000061b000000, 0x000000061b400000|  0%| F|  |TAMS 0x000000061b000000, 0x000000061b000000| Untracked 
|  60|0x000000061b400000, 0x000000061b400000, 0x000000061b800000|  0%| F|  |TAMS 0x000000061b400000, 0x000000061b400000| Untracked 
|  61|0x000000061b800000, 0x000000061b800000, 0x000000061bc00000|  0%| F|  |TAMS 0x000000061b800000, 0x000000061b800000| Untracked 
|  62|0x000000061bc00000, 0x000000061bc00000, 0x000000061c000000|  0%| F|  |TAMS 0x000000061bc00000, 0x000000061bc00000| Untracked 
|  63|0x000000061c000000, 0x000000061c000000, 0x000000061c400000|  0%| F|  |TAMS 0x000000061c000000, 0x000000061c000000| Untracked 
|  64|0x000000061c400000, 0x000000061c400000, 0x000000061c800000|  0%| F|  |TAMS 0x000000061c400000, 0x000000061c400000| Untracked 
|  65|0x000000061c800000, 0x000000061c800000, 0x000000061cc00000|  0%| F|  |TAMS 0x000000061c800000, 0x000000061c800000| Untracked 
|  66|0x000000061cc00000, 0x000000061cc00000, 0x000000061d000000|  0%| F|  |TAMS 0x000000061cc00000, 0x000000061cc00000| Untracked 
|  67|0x000000061d000000, 0x000000061d000000, 0x000000061d400000|  0%| F|  |TAMS 0x000000061d000000, 0x000000061d000000| Untracked 
|  68|0x000000061d400000, 0x000000061d400000, 0x000000061d800000|  0%| F|  |TAMS 0x000000061d400000, 0x000000061d400000| Untracked 
|  69|0x000000061d800000, 0x000000061d800000, 0x000000061dc00000|  0%| F|  |TAMS 0x000000061d800000, 0x000000061d800000| Untracked 
|  70|0x000000061dc00000, 0x000000061dc00000, 0x000000061e000000|  0%| F|  |TAMS 0x000000061dc00000, 0x000000061dc00000| Untracked 
|  71|0x000000061e000000, 0x000000061e000000, 0x000000061e400000|  0%| F|  |TAMS 0x000000061e000000, 0x000000061e000000| Untracked 
|  72|0x000000061e400000, 0x000000061e400000, 0x000000061e800000|  0%| F|  |TAMS 0x000000061e400000, 0x000000061e400000| Untracked 
|  73|0x000000061e800000, 0x000000061e800000, 0x000000061ec00000|  0%| F|  |TAMS 0x000000061e800000, 0x000000061e800000| Untracked 
|  74|0x000000061ec00000, 0x000000061ec00000, 0x000000061f000000|  0%| F|  |TAMS 0x000000061ec00000, 0x000000061ec00000| Untracked 
|  75|0x000000061f000000, 0x000000061f000000, 0x000000061f400000|  0%| F|  |TAMS 0x000000061f000000, 0x000000061f000000| Untracked 
|  76|0x000000061f400000, 0x000000061f400000, 0x000000061f800000|  0%| F|  |TAMS 0x000000061f400000, 0x000000061f400000| Untracked 
|  77|0x000000061f800000, 0x000000061f800000, 0x000000061fc00000|  0%| F|  |TAMS 0x000000061f800000, 0x000000061f800000| Untracked 
|  78|0x000000061fc00000, 0x000000061fc00000, 0x0000000620000000|  0%| F|  |TAMS 0x000000061fc00000, 0x000000061fc00000| Untracked 
|  79|0x0000000620000000, 0x0000000620000000, 0x0000000620400000|  0%| F|  |TAMS 0x0000000620000000, 0x0000000620000000| Untracked 
|  80|0x0000000620400000, 0x0000000620400000, 0x0000000620800000|  0%| F|  |TAMS 0x0000000620400000, 0x0000000620400000| Untracked 
|  81|0x0000000620800000, 0x0000000620800000, 0x0000000620c00000|  0%| F|  |TAMS 0x0000000620800000, 0x0000000620800000| Untracked 
|  82|0x0000000620c00000, 0x0000000620c00000, 0x0000000621000000|  0%| F|  |TAMS 0x0000000620c00000, 0x0000000620c00000| Untracked 
|  83|0x0000000621000000, 0x0000000621000000, 0x0000000621400000|  0%| F|  |TAMS 0x0000000621000000, 0x0000000621000000| Untracked 
|  84|0x0000000621400000, 0x0000000621400000, 0x0000000621800000|  0%| F|  |TAMS 0x0000000621400000, 0x0000000621400000| Untracked 
|  85|0x0000000621800000, 0x0000000621800000, 0x0000000621c00000|  0%| F|  |TAMS 0x0000000621800000, 0x0000000621800000| Untracked 
|  86|0x0000000621c00000, 0x0000000621c00000, 0x0000000622000000|  0%| F|  |TAMS 0x0000000621c00000, 0x0000000621c00000| Untracked 
|  87|0x0000000622000000, 0x0000000622000000, 0x0000000622400000|  0%| F|  |TAMS 0x0000000622000000, 0x0000000622000000| Untracked 
|  88|0x0000000622400000, 0x0000000622400000, 0x0000000622800000|  0%| F|  |TAMS 0x0000000622400000, 0x0000000622400000| Untracked 
|  89|0x0000000622800000, 0x0000000622800000, 0x0000000622c00000|  0%| F|  |TAMS 0x0000000622800000, 0x0000000622800000| Untracked 
|  90|0x0000000622c00000, 0x0000000622c00000, 0x0000000623000000|  0%| F|  |TAMS 0x0000000622c00000, 0x0000000622c00000| Untracked 
|  91|0x0000000623000000, 0x0000000623000000, 0x0000000623400000|  0%| F|  |TAMS 0x0000000623000000, 0x0000000623000000| Untracked 
|  92|0x0000000623400000, 0x0000000623400000, 0x0000000623800000|  0%| F|  |TAMS 0x0000000623400000, 0x0000000623400000| Untracked 
|  93|0x0000000623800000, 0x0000000623800000, 0x0000000623c00000|  0%| F|  |TAMS 0x0000000623800000, 0x0000000623800000| Untracked 
|  94|0x0000000623c00000, 0x0000000623c00000, 0x0000000624000000|  0%| F|  |TAMS 0x0000000623c00000, 0x0000000623c00000| Untracked 
|  95|0x0000000624000000, 0x0000000624000000, 0x0000000624400000|  0%| F|  |TAMS 0x0000000624000000, 0x0000000624000000| Untracked 
|  96|0x0000000624400000, 0x0000000624400000, 0x0000000624800000|  0%| F|  |TAMS 0x0000000624400000, 0x0000000624400000| Untracked 
|  97|0x0000000624800000, 0x0000000624800000, 0x0000000624c00000|  0%| F|  |TAMS 0x0000000624800000, 0x0000000624800000| Untracked 
|  98|0x0000000624c00000, 0x0000000624c00000, 0x0000000625000000|  0%| F|  |TAMS 0x0000000624c00000, 0x0000000624c00000| Untracked 
|  99|0x0000000625000000, 0x0000000625000000, 0x0000000625400000|  0%| F|  |TAMS 0x0000000625000000, 0x0000000625000000| Untracked 
| 100|0x0000000625400000, 0x0000000625400000, 0x0000000625800000|  0%| F|  |TAMS 0x0000000625400000, 0x0000000625400000| Untracked 
| 101|0x0000000625800000, 0x0000000625800000, 0x0000000625c00000|  0%| F|  |TAMS 0x0000000625800000, 0x0000000625800000| Untracked 
| 102|0x0000000625c00000, 0x0000000625c00000, 0x0000000626000000|  0%| F|  |TAMS 0x0000000625c00000, 0x0000000625c00000| Untracked 
| 103|0x0000000626000000, 0x0000000626000000, 0x0000000626400000|  0%| F|  |TAMS 0x0000000626000000, 0x0000000626000000| Untracked 
| 104|0x0000000626400000, 0x0000000626400000, 0x0000000626800000|  0%| F|  |TAMS 0x0000000626400000, 0x0000000626400000| Untracked 
| 105|0x0000000626800000, 0x0000000626800000, 0x0000000626c00000|  0%| F|  |TAMS 0x0000000626800000, 0x0000000626800000| Untracked 
| 106|0x0000000626c00000, 0x0000000626c00000, 0x0000000627000000|  0%| F|  |TAMS 0x0000000626c00000, 0x0000000626c00000| Untracked 
| 107|0x0000000627000000, 0x0000000627000000, 0x0000000627400000|  0%| F|  |TAMS 0x0000000627000000, 0x0000000627000000| Untracked 
| 108|0x0000000627400000, 0x0000000627400000, 0x0000000627800000|  0%| F|  |TAMS 0x0000000627400000, 0x0000000627400000| Untracked 
| 109|0x0000000627800000, 0x0000000627800000, 0x0000000627c00000|  0%| F|  |TAMS 0x0000000627800000, 0x0000000627800000| Untracked 
| 110|0x0000000627c00000, 0x0000000627c00000, 0x0000000628000000|  0%| F|  |TAMS 0x0000000627c00000, 0x0000000627c00000| Untracked 
| 111|0x0000000628000000, 0x0000000628000000, 0x0000000628400000|  0%| F|  |TAMS 0x0000000628000000, 0x0000000628000000| Untracked 
| 112|0x0000000628400000, 0x0000000628400000, 0x0000000628800000|  0%| F|  |TAMS 0x0000000628400000, 0x0000000628400000| Untracked 
| 113|0x0000000628800000, 0x0000000628800000, 0x0000000628c00000|  0%| F|  |TAMS 0x0000000628800000, 0x0000000628800000| Untracked 
| 114|0x0000000628c00000, 0x0000000628c00000, 0x0000000629000000|  0%| F|  |TAMS 0x0000000628c00000, 0x0000000628c00000| Untracked 
| 115|0x0000000629000000, 0x0000000629000000, 0x0000000629400000|  0%| F|  |TAMS 0x0000000629000000, 0x0000000629000000| Untracked 
| 116|0x0000000629400000, 0x0000000629400000, 0x0000000629800000|  0%| F|  |TAMS 0x0000000629400000, 0x0000000629400000| Untracked 
| 117|0x0000000629800000, 0x0000000629800000, 0x0000000629c00000|  0%| F|  |TAMS 0x0000000629800000, 0x0000000629800000| Untracked 
| 118|0x0000000629c00000, 0x0000000629c00000, 0x000000062a000000|  0%| F|  |TAMS 0x0000000629c00000, 0x0000000629c00000| Untracked 
| 119|0x000000062a000000, 0x000000062a000000, 0x000000062a400000|  0%| F|  |TAMS 0x000000062a000000, 0x000000062a000000| Untracked 
| 120|0x000000062a400000, 0x000000062a400000, 0x000000062a800000|  0%| F|  |TAMS 0x000000062a400000, 0x000000062a400000| Untracked 
| 121|0x000000062a800000, 0x000000062a800000, 0x000000062ac00000|  0%| F|  |TAMS 0x000000062a800000, 0x000000062a800000| Untracked 
| 122|0x000000062ac00000, 0x000000062adefbc8, 0x000000062b000000| 48%| E|  |TAMS 0x000000062ac00000, 0x000000062ac00000| Complete 
| 123|0x000000062b000000, 0x000000062b400000, 0x000000062b400000|100%| E|CS|TAMS 0x000000062b000000, 0x000000062b000000| Complete 
| 124|0x000000062b400000, 0x000000062b800000, 0x000000062b800000|100%| E|CS|TAMS 0x000000062b400000, 0x000000062b400000| Complete 

Card table byte_map: [0x00007fcf2c236000,0x00007fcf2d1d4000] _byte_map_base: 0x00007fcf291d4000

Marking Bits (Prev, Next): (CMBitMap*) 0x00007fcf28053b60, (CMBitMap*) 0x00007fcf28053ba0
 Prev Bits: [0x00007fcf0cd15000, 0x00007fcf14a05000)
 Next Bits: [0x00007fcf05025000, 0x00007fcf0cd15000)

Polling page: 0x00007fcf30586000

Metaspace:

Usage:
  Non-class:     10,64 MB used.
      Class:      1,10 MB used.
       Both:     11,74 MB used.

Virtual space:
  Non-class space:       16,00 MB reserved,      10,69 MB ( 67%) committed,  2 nodes.
      Class space:        1,00 GB reserved,       1,19 MB ( <1%) committed,  1 nodes.
             Both:        1,02 GB reserved,      11,88 MB (  1%) committed. 

Chunk freelists:
   Non-Class:  672,00 KB
       Class:  2,67 MB
        Both:  3,33 MB

MaxMetaspaceSize: unlimited
CompressedClassSpaceSize: 1,00 GB
Initial GC threshold: 21,00 MB
Current GC threshold: 21,00 MB
CDS: off
MetaspaceReclaimPolicy: balanced
 - commit_granule_bytes: 65536.
 - commit_granule_words: 8192.
 - virtual_space_node_default_size: 1048576.
 - enlarge_chunks_in_place: 1.
 - new_chunks_are_fully_committed: 0.
 - uncommit_free_chunks: 1.
 - use_allocation_guard: 0.
 - handle_deallocations: 1.


Internal statistics:

num_allocs_failed_limit: 0.
num_arena_births: 18.
num_arena_deaths: 0.
num_vsnodes_births: 3.
num_vsnodes_deaths: 0.
num_space_committed: 190.
num_space_uncommitted: 0.
num_chunks_returned_to_freelist: 0.
num_chunks_taken_from_freelist: 96.
num_chunk_merges: 0.
num_chunk_splits: 48.
num_chunks_enlarged: 37.
num_purges: 0.
num_inconsistent_stats: 0.

CodeHeap 'non-profiled nmethods': size=120028Kb used=193Kb max_used=193Kb free=119834Kb
 bounds [0x00007fcf1d46c000, 0x00007fcf1d6dc000, 0x00007fcf249a3000]
CodeHeap 'profiled nmethods': size=120028Kb used=1074Kb max_used=1074Kb free=118953Kb
 bounds [0x00007fcf15f35000, 0x00007fcf161a5000, 0x00007fcf1d46c000]
CodeHeap 'non-nmethods': size=5704Kb used=1141Kb max_used=1153Kb free=4562Kb
 bounds [0x00007fcf159a3000, 0x00007fcf15c13000, 0x00007fcf15f35000]
 total_blobs=1038 nmethods=606 adapters=346
 compilation: enabled
              stopped_count=0, restarted_count=0
 full_count=0

Compilation events (20 events):
Event: 0,699 Thread 0x00007fcf281e55e0  592       3       java.util.ArrayList::<init> (61 bytes)
Event: 0,699 Thread 0x00007fcf281e55e0 nmethod 592 0x00007fcf1603cf90 code [0x00007fcf1603d200, 0x00007fcf1603db70]
Event: 0,699 Thread 0x00007fcf281e55e0  597       3       sun.net.www.ParseUtil::encodePath (41 bytes)
Event: 0,699 Thread 0x00007fcf281e55e0 nmethod 597 0x00007fcf1603de90 code [0x00007fcf1603e060, 0x00007fcf1603e270]
Event: 0,700 Thread 0x00007fcf281e55e0  598       3       java.security.CodeSource::getCertificates (98 bytes)
Event: 0,700 Thread 0x00007fcf281e55e0 nmethod 598 0x00007fcf1603e310 code [0x00007fcf1603e580, 0x00007fcf1603f130]
Event: 0,700 Thread 0x00007fcf281e55e0  600       3       java.util.HashSet::<init> (16 bytes)
Event: 0,700 Thread 0x00007fcf281e55e0 nmethod 600 0x00007fcf1603f410 code [0x00007fcf1603f5e0, 0x00007fcf1603f9f0]
Event: 0,701 Thread 0x00007fcf281e55e0  601       3       java.io.UnixFileSystem::prefixLength (15 bytes)
Event: 0,701 Thread 0x00007fcf281e55e0 nmethod 601 0x00007fcf1603fb90 code [0x00007fcf1603fd40, 0x00007fcf1603ff60]
Event: 0,701 Thread 0x00007fcf281e55e0  602       1       com.google.gson.reflect.TypeToken::getRawType (5 bytes)
Event: 0,701 Thread 0x00007fcf281e55e0 nmethod 602 0x00007fcf1d49c190 code [0x00007fcf1d49c320, 0x00007fcf1d49c3f0]
Event: 0,701 Thread 0x00007fcf281e55e0  603       3       java.util.Collections$UnmodifiableCollection$1::hasNext (10 bytes)
Event: 0,701 Thread 0x00007fcf281e55e0 nmethod 603 0x00007fcf16040090 code [0x00007fcf16040240, 0x00007fcf16040420]
Event: 0,701 Thread 0x00007fcf281e55e0  604       3       java.util.Collections$UnmodifiableCollection$1::next (10 bytes)
Event: 0,701 Thread 0x00007fcf281e55e0 nmethod 604 0x00007fcf16040510 code [0x00007fcf160406c0, 0x00007fcf160408a0]
Event: 0,702 Thread 0x00007fcf281e55e0  605  s    3       jdk.internal.loader.Resource::cachedInputStream (20 bytes)
Event: 0,702 Thread 0x00007fcf281e55e0 nmethod 605 0x00007fcf16040990 code [0x00007fcf16040b40, 0x00007fcf16040e60]
Event: 0,702 Thread 0x00007fcf281e55e0  606       3       java.io.UnixFileSystem::normalize (41 bytes)
Event: 0,702 Thread 0x00007fcf281e55e0 nmethod 606 0x00007fcf16040f10 code [0x00007fcf16041140, 0x00007fcf16041770]

GC Heap History (0 events):
No events

Deoptimization events (20 events):
Event: 0,308 Thread 0x00007fcf28024630 DEOPT PACKING pc=0x00007fcf15f4d555 sp=0x00007fcf2eee3da0
Event: 0,308 Thread 0x00007fcf28024630 DEOPT UNPACKING pc=0x00007fcf159f582f sp=0x00007fcf2eee3260 mode 0
Event: 0,316 Thread 0x00007fcf28024630 DEOPT PACKING pc=0x00007fcf15f611da sp=0x00007fcf2eee3920
Event: 0,316 Thread 0x00007fcf28024630 DEOPT UNPACKING pc=0x00007fcf159f582f sp=0x00007fcf2eee2d60 mode 0
Event: 0,323 Thread 0x00007fcf28024630 DEOPT PACKING pc=0x00007fcf15f48a4e sp=0x00007fcf2eedff20
Event: 0,323 Thread 0x00007fcf28024630 DEOPT UNPACKING pc=0x00007fcf159f582f sp=0x00007fcf2eedf3b8 mode 0
Event: 0,665 Thread 0x00007fcf28024630 DEOPT PACKING pc=0x00007fcf15fa136e sp=0x00007fcf2eee0400
Event: 0,665 Thread 0x00007fcf28024630 DEOPT UNPACKING pc=0x00007fcf159f582f sp=0x00007fcf2eedf870 mode 0
Event: 0,670 Thread 0x00007fcf28024630 DEOPT PACKING pc=0x00007fcf15fa136e sp=0x00007fcf2eedfe60
Event: 0,670 Thread 0x00007fcf28024630 DEOPT UNPACKING pc=0x00007fcf159f582f sp=0x00007fcf2eedf2f8 mode 0
Event: 0,673 Thread 0x00007fcf28024630 DEOPT PACKING pc=0x00007fcf15fa136e sp=0x00007fcf2eedff00
Event: 0,673 Thread 0x00007fcf28024630 DEOPT UNPACKING pc=0x00007fcf159f582f sp=0x00007fcf2eedf370 mode 0
Event: 0,686 Thread 0x00007fcf28024630 Uncommon trap: trap_request=0xffffff45 fr.pc=0x00007fcf1d47d494 relative=0x0000000000000074
Event: 0,686 Thread 0x00007fcf28024630 Uncommon trap: reason=unstable_if action=reinterpret pc=0x00007fcf1d47d494 method=jdk.internal.misc.Unsafe.convEndian(ZI)I @ 4 c2
Event: 0,686 Thread 0x00007fcf28024630 DEOPT PACKING pc=0x00007fcf1d47d494 sp=0x00007fcf2eedfcf0
Event: 0,686 Thread 0x00007fcf28024630 DEOPT UNPACKING pc=0x00007fcf159f5099 sp=0x00007fcf2eedfc40 mode 2
Event: 0,686 Thread 0x00007fcf28024630 Uncommon trap: trap_request=0xffffff45 fr.pc=0x00007fcf1d47f7b8 relative=0x0000000000000038
Event: 0,686 Thread 0x00007fcf28024630 Uncommon trap: reason=unstable_if action=reinterpret pc=0x00007fcf1d47f7b8 method=jdk.internal.misc.Unsafe.convEndian(ZI)I @ 4 c2
Event: 0,686 Thread 0x00007fcf28024630 DEOPT PACKING pc=0x00007fcf1d47f7b8 sp=0x00007fcf2eedfc80
Event: 0,686 Thread 0x00007fcf28024630 DEOPT UNPACKING pc=0x00007fcf159f5099 sp=0x00007fcf2eedfc38 mode 2

Classes unloaded (0 events):
No events

Classes redefined (0 events):
No events

Internal exceptions (3 events):
Event: 0,258 Thread 0x00007fcf28024630 Exception <a 'java/lang/NoSuchMethodError'{0x000000062b0519a0}: 'java.lang.Object java.lang.invoke.DirectMethodHandle$Holder.invokeStaticInit(java.lang.Object)'> (0x000000062b0519a0) 
thrown [src/hotspot/share/interpreter/linkResolver.cpp, line 758]
Event: 0,264 Thread 0x00007fcf28024630 Exception <a 'java/lang/NoSuchMethodError'{0x000000062b05d100}: 'java.lang.Object java.lang.invoke.DirectMethodHandle$Holder.invokeInterface(java.lang.Object, java.lang.Object)'> (0x000000062b05d100) 
thrown [src/hotspot/share/interpreter/linkResolver.cpp, line 758]
Event: 0,343 Thread 0x00007fcf283def50 Exception <a 'java/lang/NoSuchMethodError'{0x000000062b2fc090}: 'void java.lang.invoke.DirectMethodHandle$Holder.invokeStatic(java.lang.Object, java.lang.Object)'> (0x000000062b2fc090) 
thrown [src/hotspot/share/interpreter/linkResolver.cpp, line 758]

VM Operations (6 events):
Event: 0,119 Executing VM operation: HandshakeAllThreads
Event: 0,119 Executing VM operation: HandshakeAllThreads done
Event: 0,333 Executing VM operation: HandshakeAllThreads
Event: 0,333 Executing VM operation: HandshakeAllThreads done
Event: 1,334 Executing VM operation: Cleanup
Event: 1,334 Executing VM operation: Cleanup done

Events (20 events):
Event: 0,698 loading class java/time/temporal/TemporalAdjuster
Event: 0,698 loading class java/time/temporal/TemporalAdjuster done
Event: 0,698 loading class java/time/chrono/ChronoLocalDate
Event: 0,698 loading class java/time/chrono/ChronoLocalDate done
Event: 0,698 loading class java/time/LocalDate done
Event: 0,698 loading class java/time/LocalTime
Event: 0,698 loading class java/time/LocalTime done
Event: 0,698 loading class java/time/Duration
Event: 0,699 loading class java/time/temporal/TemporalAmount
Event: 0,699 loading class java/time/temporal/TemporalAmount done
Event: 0,699 loading class java/time/Duration done
Event: 0,699 loading class java/lang/reflect/InvocationTargetException
Event: 0,699 loading class java/lang/reflect/InvocationTargetException done
Event: 0,699 loading class java/util/Collections$SingletonList
Event: 0,700 loading class java/util/Collections$SingletonList done
Event: 0,701 loading class sun/reflect/generics/repository/FieldRepository
Event: 0,701 loading class sun/reflect/generics/repository/FieldRepository done
Event: 0,703 loading class java/lang/UnsatisfiedLinkError
Event: 0,703 loading class java/lang/UnsatisfiedLinkError done
Event: 0,704 Loaded shared library /tmp/jSerialComm/2.9.2/libjSerialComm.so


Dynamic libraries:
60c400000-62b800000 rw-p 00000000 00:00 0 
62b800000-800000000 ---p 00000000 00:00 0 
800000000-800020000 rw-p 00000000 00:00 0 
800020000-800040000 rw-p 00000000 00:00 0 
800040000-8000e0000 rw-p 00000000 00:00 0 
8000e0000-800120000 rw-p 00000000 00:00 0 
800120000-800140000 ---p 00000000 00:00 0 
800140000-800150000 rw-p 00000000 00:00 0 
800150000-840000000 ---p 00000000 00:00 0 
558e5db3e000-558e5db3f000 r--p 00000000 08:04 13634073                   /home/fabian/.p2/pool/plugins/org.eclipse.justj.openjdk.hotspot.jre.full.linux.x86_64_17.0.4.v20220903-1038/jre/bin/java
558e5db3f000-558e5db40000 r-xp 00001000 08:04 13634073                   /home/fabian/.p2/pool/plugins/org.eclipse.justj.openjdk.hotspot.jre.full.linux.x86_64_17.0.4.v20220903-1038/jre/bin/java
558e5db40000-558e5db41000 r--p 00002000 08:04 13634073                   /home/fabian/.p2/pool/plugins/org.eclipse.justj.openjdk.hotspot.jre.full.linux.x86_64_17.0.4.v20220903-1038/jre/bin/java
558e5db41000-558e5db42000 r--p 00002000 08:04 13634073                   /home/fabian/.p2/pool/plugins/org.eclipse.justj.openjdk.hotspot.jre.full.linux.x86_64_17.0.4.v20220903-1038/jre/bin/java
558e5db42000-558e5db43000 rw-p 00003000 08:04 13634073                   /home/fabian/.p2/pool/plugins/org.eclipse.justj.openjdk.hotspot.jre.full.linux.x86_64_17.0.4.v20220903-1038/jre/bin/java
558e5dfe8000-558e5e009000 rw-p 00000000 00:00 0                          [heap]
7fcea0000000-7fcea0021000 rw-p 00000000 00:00 0 
7fcea0021000-7fcea4000000 ---p 00000000 00:00 0 
7fcea8000000-7fcea8021000 rw-p 00000000 00:00 0 
7fcea8021000-7fceac000000 ---p 00000000 00:00 0 
7fceac000000-7fceac021000 rw-p 00000000 00:00 0 
7fceac021000-7fceb0000000 ---p 00000000 00:00 0 
7fceb0000000-7fceb00a4000 rw-p 00000000 00:00 0 
7fceb00a4000-7fceb4000000 ---p 00000000 00:00 0 
7fceb4000000-7fceb4021000 rw-p 00000000 00:00 0 
7fceb4021000-7fceb8000000 ---p 00000000 00:00 0 
7fceb8000000-7fceb8021000 rw-p 00000000 00:00 0 
7fceb8021000-7fcebc000000 ---p 00000000 00:00 0 
7fcebee0e000-7fcebee15000 r--s 00000000 08:04 4329321                    /usr/lib/x86_64-linux-gnu/gconv/gconv-modules.cache
7fcebee15000-7fcebf200000 rw-p 00000000 00:00 0 
7fcebf200000-7fcebf204000 ---p 00000000 00:00 0 
7fcebf204000-7fcebf300000 rw-p 00000000 00:00 0 
7fcebf300000-7fcebf304000 ---p 00000000 00:00 0 
7fcebf304000-7fcebf480000 rw-p 00000000 00:00 0 
7fcebf480000-7fcebf500000 rw-p 00000000 00:00 0 
7fcebf500000-7fcebf660000 rw-p 00000000 00:00 0 
7fcebf660000-7fcebf700000 ---p 00000000 00:00 0 
7fcebf700000-7fcebf750000 rw-p 00000000 00:00 0 
7fcebf750000-7fcebfc00000 ---p 00000000 00:00 0 
7fcebfc00000-7fcebfc04000 ---p 00000000 00:00 0 
7fcebfc04000-7fcebfd00000 rw-p 00000000 00:00 0 
7fcebfd00000-7fcebfd04000 ---p 00000000 00:00 0 
7fcebfd04000-7fcebfe00000 rw-p 00000000 00:00 0 
7fcebfe00000-7fcebfe04000 ---p 00000000 00:00 0 
7fcebfe04000-7fcebff00000 rw-p 00000000 00:00 0 
7fcebff00000-7fcebff04000 ---p 00000000 00:00 0 
7fcebff04000-7fcec0000000 rw-p 00000000 00:00 0 
7fcec0000000-7fcec0021000 rw-p 00000000 00:00 0 
7fcec0021000-7fcec4000000 ---p 00000000 00:00 0 
7fcec4000000-7fcec4021000 rw-p 00000000 00:00 0 
7fcec4021000-7fcec8000000 ---p 00000000 00:00 0 
7fcec8000000-7fcec838f000 rw-p 00000000 00:00 0 
7fcec838f000-7fcecc000000 ---p 00000000 00:00 0 
7fcecc000000-7fcecc021000 rw-p 00000000 00:00 0 
7fcecc021000-7fced0000000 ---p 00000000 00:00 0 
7fced0000000-7fced0021000 rw-p 00000000 00:00 0 
7fced0021000-7fced4000000 ---p 00000000 00:00 0 
7fced4000000-7fced426d000 rw-p 00000000 00:00 0 
7fced426d000-7fced8000000 ---p 00000000 00:00 0 
7fced8000000-7fced8021000 rw-p 00000000 00:00 0 
7fced8021000-7fcedc000000 ---p 00000000 00:00 0 
7fcedc000000-7fcedc021000 rw-p 00000000 00:00 0 
7fcedc021000-7fcee0000000 ---p 00000000 00:00 0 
7fcee0000000-7fcee0021000 rw-p 00000000 00:00 0 
7fcee0021000-7fcee4000000 ---p 00000000 00:00 0 
7fcee4000000-7fcee4021000 rw-p 00000000 00:00 0 
7fcee4021000-7fcee8000000 ---p 00000000 00:00 0 
7fcee8000000-7fcee8021000 rw-p 00000000 00:00 0 
7fcee8021000-7fceec000000 ---p 00000000 00:00 0 
7fceec000000-7fceec021000 rw-p 00000000 00:00 0 
7fceec021000-7fcef0000000 ---p 00000000 00:00 0 
7fcef0000000-7fcef0021000 rw-p 00000000 00:00 0 
7fcef0021000-7fcef4000000 ---p 00000000 00:00 0 
7fcef4005000-7fcef4009000 r--p 00000000 08:04 11010325                   /tmp/jSerialComm/2.9.2/libjSerialComm.so
7fcef4009000-7fcef400e000 r-xp 00004000 08:04 11010325                   /tmp/jSerialComm/2.9.2/libjSerialComm.so
7fcef400e000-7fcef400f000 r--p 00009000 08:04 11010325                   /tmp/jSerialComm/2.9.2/libjSerialComm.so
7fcef400f000-7fcef4010000 ---p 0000a000 08:04 11010325                   /tmp/jSerialComm/2.9.2/libjSerialComm.so
7fcef4010000-7fcef4011000 r--p 0000a000 08:04 11010325                   /tmp/jSerialComm/2.9.2/libjSerialComm.so
7fcef4011000-7fcef4012000 rw-p 0000b000 08:04 11010325                   /tmp/jSerialComm/2.9.2/libjSerialComm.so
7fcef4012000-7fcef4013000 r--p 00000000 08:04 13634489                   /home/fabian/.p2/pool/plugins/org.eclipse.justj.openjdk.hotspot.jre.full.linux.x86_64_17.0.4.v20220903-1038/jre/lib/libextnet.so
7fcef4013000-7fcef4014000 r-xp 00001000 08:04 13634489                   /home/fabian/.p2/pool/plugins/org.eclipse.justj.openjdk.hotspot.jre.full.linux.x86_64_17.0.4.v20220903-1038/jre/lib/libextnet.so
7fcef4014000-7fcef4015000 r--p 00002000 08:04 13634489                   /home/fabian/.p2/pool/plugins/org.eclipse.justj.openjdk.hotspot.jre.full.linux.x86_64_17.0.4.v20220903-1038/jre/lib/libextnet.so
7fcef4015000-7fcef4016000 r--p 00002000 08:04 13634489                   /home/fabian/.p2/pool/plugins/org.eclipse.justj.openjdk.hotspot.jre.full.linux.x86_64_17.0.4.v20220903-1038/jre/lib/libextnet.so
7fcef4016000-7fcef4017000 rw-p 00003000 08:04 13634489                   /home/fabian/.p2/pool/plugins/org.eclipse.justj.openjdk.hotspot.jre.full.linux.x86_64_17.0.4.v20220903-1038/jre/lib/libextnet.so
7fcef4017000-7fcef4018000 ---p 00000000 00:00 0 
7fcef4018000-7fcef4119000 rw-p 00000000 00:00 0 
7fcef4119000-7fcef411d000 ---p 00000000 00:00 0 
7fcef411d000-7fcef4219000 rw-p 00000000 00:00 0 
7fcef4219000-7fcef421d000 ---p 00000000 00:00 0 
7fcef421d000-7fcef4319000 rw-p 00000000 00:00 0 
7fcef4319000-7fcef431d000 ---p 00000000 00:00 0 
7fcef431d000-7fcef4419000 rw-p 00000000 00:00 0 
7fcef4419000-7fcef441d000 ---p 00000000 00:00 0 
7fcef441d000-7fcef4519000 rw-p 00000000 00:00 0 
7fcef4519000-7fcef451d000 ---p 00000000 00:00 0 
7fcef451d000-7fcef4619000 rw-p 00000000 00:00 0 
7fcef4619000-7fcef461d000 ---p 00000000 00:00 0 
7fcef461d000-7fcef4719000 rw-p 00000000 00:00 0 
7fcef4719000-7fcef471d000 ---p 00000000 00:00 0 
7fcef471d000-7fcef4819000 rw-p 00000000 00:00 0 
7fcef4819000-7fcef5600000 r--p 00000000 08:04 3675468                    /usr/lib/locale/locale-archive
7fcef5600000-7fcef5604000 ---p 00000000 00:00 0 
7fcef5604000-7fcef5700000 rw-p 00000000 00:00 0 
7fcef5700000-7fcef5704000 ---p 00000000 00:00 0 
7fcef5704000-7fcef5c00000 rw-p 00000000 00:00 0 
7fcef5c00000-7fcef5c20000 rw-p 00000000 00:00 0 
7fcef5c20000-7fcef5c40000 rw-p 00000000 00:00 0 
7fcef5c40000-7fcef5c80000 rw-p 00000000 00:00 0 
7fcef5c80000-7fcef5d00000 rw-p 00000000 00:00 0 
7fcef5d00000-7fcef8000000 rw-p 00000000 00:00 0 
7fcef8000000-7fcef8021000 rw-p 00000000 00:00 0 
7fcef8021000-7fcefc000000 ---p 00000000 00:00 0 
7fcefc000000-7fcefc021000 rw-p 00000000 00:00 0 
7fcefc021000-7fcf00000000 ---p 00000000 00:00 0 
7fcf00000000-7fcf00021000 rw-p 00000000 00:00 0 
7fcf00021000-7fcf04000000 ---p 00000000 00:00 0 
7fcf04004000-7fcf04035000 rw-p 00000000 00:00 0 
7fcf04035000-7fcf04036000 ---p 00000000 00:00 0 
7fcf04036000-7fcf04213000 rw-p 00000000 00:00 0 
7fcf04213000-7fcf04214000 ---p 00000000 00:00 0 
7fcf04214000-7fcf04315000 rw-p 00000000 00:00 0 
7fcf04315000-7fcf04316000 ---p 00000000 00:00 0 
7fcf04316000-7fcf04e21000 rw-p 00000000 00:00 0 
7fcf04e21000-7fcf04e22000 ---p 00000000 00:00 0 
7fcf04e22000-7fcf04f23000 rw-p 00000000 00:00 0 
7fcf04f23000-7fcf04f24000 ---p 00000000 00:00 0 
7fcf04f24000-7fcf057f5000 rw-p 00000000 00:00 0 
7fcf057f5000-7fcf0cd15000 ---p 00000000 00:00 0 
7fcf0cd15000-7fcf0d4e5000 rw-p 00000000 00:00 0 
7fcf0d4e5000-7fcf14a05000 ---p 00000000 00:00 0 
7fcf14a05000-7fcf14aff000 rw-p 00000000 00:00 0 
7fcf14aff000-7fcf159a3000 ---p 00000000 00:00 0 
7fcf159a3000-7fcf15c13000 rwxp 00000000 00:00 0 
7fcf15c13000-7fcf15f35000 ---p 00000000 00:00 0 
7fcf15f35000-7fcf161a5000 rwxp 00000000 00:00 0 
7fcf161a5000-7fcf1d46c000 ---p 00000000 00:00 0 
7fcf1d46c000-7fcf1d6dc000 rwxp 00000000 00:00 0 
7fcf1d6dc000-7fcf249a3000 ---p 00000000 00:00 0 
7fcf249a3000-7fcf28000000 r--s 00000000 08:04 13634449                   /home/fabian/.p2/pool/plugins/org.eclipse.justj.openjdk.hotspot.jre.full.linux.x86_64_17.0.4.v20220903-1038/jre/lib/modules
7fcf28000000-7fcf28486000 rw-p 00000000 00:00 0 
7fcf28486000-7fcf2c000000 ---p 00000000 00:00 0 
7fcf2c004000-7fcf2c008000 r--p 00000000 08:04 13634458                   /home/fabian/.p2/pool/plugins/org.eclipse.justj.openjdk.hotspot.jre.full.linux.x86_64_17.0.4.v20220903-1038/jre/lib/libnet.so
7fcf2c008000-7fcf2c016000 r-xp 00004000 08:04 13634458                   /home/fabian/.p2/pool/plugins/org.eclipse.justj.openjdk.hotspot.jre.full.linux.x86_64_17.0.4.v20220903-1038/jre/lib/libnet.so
7fcf2c016000-7fcf2c01a000 r--p 00012000 08:04 13634458                   /home/fabian/.p2/pool/plugins/org.eclipse.justj.openjdk.hotspot.jre.full.linux.x86_64_17.0.4.v20220903-1038/jre/lib/libnet.so
7fcf2c01a000-7fcf2c01b000 r--p 00015000 08:04 13634458                   /home/fabian/.p2/pool/plugins/org.eclipse.justj.openjdk.hotspot.jre.full.linux.x86_64_17.0.4.v20220903-1038/jre/lib/libnet.so
7fcf2c01b000-7fcf2c01c000 rw-p 00016000 08:04 13634458                   /home/fabian/.p2/pool/plugins/org.eclipse.justj.openjdk.hotspot.jre.full.linux.x86_64_17.0.4.v20220903-1038/jre/lib/libnet.so
7fcf2c01c000-7fcf2c023000 r--p 00000000 08:04 13634459                   /home/fabian/.p2/pool/plugins/org.eclipse.justj.openjdk.hotspot.jre.full.linux.x86_64_17.0.4.v20220903-1038/jre/lib/libnio.so
7fcf2c023000-7fcf2c02c000 r-xp 00007000 08:04 13634459                   /home/fabian/.p2/pool/plugins/org.eclipse.justj.openjdk.hotspot.jre.full.linux.x86_64_17.0.4.v20220903-1038/jre/lib/libnio.so
7fcf2c02c000-7fcf2c030000 r--p 00010000 08:04 13634459                   /home/fabian/.p2/pool/plugins/org.eclipse.justj.openjdk.hotspot.jre.full.linux.x86_64_17.0.4.v20220903-1038/jre/lib/libnio.so
7fcf2c030000-7fcf2c031000 ---p 00014000 08:04 13634459                   /home/fabian/.p2/pool/plugins/org.eclipse.justj.openjdk.hotspot.jre.full.linux.x86_64_17.0.4.v20220903-1038/jre/lib/libnio.so
7fcf2c031000-7fcf2c032000 r--p 00014000 08:04 13634459                   /home/fabian/.p2/pool/plugins/org.eclipse.justj.openjdk.hotspot.jre.full.linux.x86_64_17.0.4.v20220903-1038/jre/lib/libnio.so
7fcf2c032000-7fcf2c033000 rw-p 00015000 08:04 13634459                   /home/fabian/.p2/pool/plugins/org.eclipse.justj.openjdk.hotspot.jre.full.linux.x86_64_17.0.4.v20220903-1038/jre/lib/libnio.so
7fcf2c033000-7fcf2c074000 rw-p 00000000 00:00 0 
7fcf2c074000-7fcf2c075000 ---p 00000000 00:00 0 
7fcf2c075000-7fcf2c330000 rw-p 00000000 00:00 0 
7fcf2c330000-7fcf2d1d4000 ---p 00000000 00:00 0 
7fcf2d1d4000-7fcf2d2ce000 rw-p 00000000 00:00 0 
7fcf2d2ce000-7fcf2e172000 ---p 00000000 00:00 0 
7fcf2e172000-7fcf2ebc0000 rw-p 00000000 00:00 0 
7fcf2ebc0000-7fcf2eca6000 ---p 00000000 00:00 0 
7fcf2eca6000-7fcf2ecab000 rw-p 00000000 00:00 0 
7fcf2ecab000-7fcf2ed91000 ---p 00000000 00:00 0 
7fcf2ed91000-7fcf2ed96000 rw-p 00000000 00:00 0 
7fcf2ed96000-7fcf2ed9d000 ---p 00000000 00:00 0 
7fcf2ed9d000-7fcf2edaa000 r--p 00000000 08:04 13634454                   /home/fabian/.p2/pool/plugins/org.eclipse.justj.openjdk.hotspot.jre.full.linux.x86_64_17.0.4.v20220903-1038/jre/lib/libjava.so
7fcf2edaa000-7fcf2edbc000 r-xp 0000d000 08:04 13634454                   /home/fabian/.p2/pool/plugins/org.eclipse.justj.openjdk.hotspot.jre.full.linux.x86_64_17.0.4.v20220903-1038/jre/lib/libjava.so
7fcf2edbc000-7fcf2edc2000 r--p 0001f000 08:04 13634454                   /home/fabian/.p2/pool/plugins/org.eclipse.justj.openjdk.hotspot.jre.full.linux.x86_64_17.0.4.v20220903-1038/jre/lib/libjava.so
7fcf2edc2000-7fcf2edc3000 ---p 00025000 08:04 13634454                   /home/fabian/.p2/pool/plugins/org.eclipse.justj.openjdk.hotspot.jre.full.linux.x86_64_17.0.4.v20220903-1038/jre/lib/libjava.so
7fcf2edc3000-7fcf2edc4000 r--p 00025000 08:04 13634454                   /home/fabian/.p2/pool/plugins/org.eclipse.justj.openjdk.hotspot.jre.full.linux.x86_64_17.0.4.v20220903-1038/jre/lib/libjava.so
7fcf2edc4000-7fcf2edc5000 rw-p 00026000 08:04 13634454                   /home/fabian/.p2/pool/plugins/org.eclipse.justj.openjdk.hotspot.jre.full.linux.x86_64_17.0.4.v20220903-1038/jre/lib/libjava.so
7fcf2edc5000-7fcf2edc6000 rw-p 00000000 00:00 0 
7fcf2edc6000-7fcf2edca000 r--p 00000000 08:04 13634455                   /home/fabian/.p2/pool/plugins/org.eclipse.justj.openjdk.hotspot.jre.full.linux.x86_64_17.0.4.v20220903-1038/jre/lib/libjimage.so
7fcf2edca000-7fcf2eddd000 r-xp 00004000 08:04 13634455                   /home/fabian/.p2/pool/plugins/org.eclipse.justj.openjdk.hotspot.jre.full.linux.x86_64_17.0.4.v20220903-1038/jre/lib/libjimage.so
7fcf2eddd000-7fcf2ede3000 r--p 00017000 08:04 13634455                   /home/fabian/.p2/pool/plugins/org.eclipse.justj.openjdk.hotspot.jre.full.linux.x86_64_17.0.4.v20220903-1038/jre/lib/libjimage.so
7fcf2ede3000-7fcf2ede5000 r--p 0001c000 08:04 13634455                   /home/fabian/.p2/pool/plugins/org.eclipse.justj.openjdk.hotspot.jre.full.linux.x86_64_17.0.4.v20220903-1038/jre/lib/libjimage.so
7fcf2ede5000-7fcf2ede6000 rw-p 0001e000 08:04 13634455                   /home/fabian/.p2/pool/plugins/org.eclipse.justj.openjdk.hotspot.jre.full.linux.x86_64_17.0.4.v20220903-1038/jre/lib/libjimage.so
7fcf2ede6000-7fcf2edea000 ---p 00000000 00:00 0 
7fcf2edea000-7fcf2eee6000 rw-p 00000000 00:00 0 
7fcf2eee6000-7fcf2eef4000 r--p 00000000 08:04 3677161                    /usr/lib/x86_64-linux-gnu/libm.so.6
7fcf2eef4000-7fcf2ef70000 r-xp 0000e000 08:04 3677161                    /usr/lib/x86_64-linux-gnu/libm.so.6
7fcf2ef70000-7fcf2efcb000 r--p 0008a000 08:04 3677161                    /usr/lib/x86_64-linux-gnu/libm.so.6
7fcf2efcb000-7fcf2efcc000 r--p 000e4000 08:04 3677161                    /usr/lib/x86_64-linux-gnu/libm.so.6
7fcf2efcc000-7fcf2efcd000 rw-p 000e5000 08:04 3677161                    /usr/lib/x86_64-linux-gnu/libm.so.6
7fcf2efcd000-7fcf2efce000 r--p 00000000 08:04 3677486                    /usr/lib/x86_64-linux-gnu/librt.so.1
7fcf2efce000-7fcf2efcf000 r-xp 00001000 08:04 3677486                    /usr/lib/x86_64-linux-gnu/librt.so.1
7fcf2efcf000-7fcf2efd0000 r--p 00002000 08:04 3677486                    /usr/lib/x86_64-linux-gnu/librt.so.1
7fcf2efd0000-7fcf2efd1000 r--p 00002000 08:04 3677486                    /usr/lib/x86_64-linux-gnu/librt.so.1
7fcf2efd1000-7fcf2efd2000 rw-p 00003000 08:04 3677486                    /usr/lib/x86_64-linux-gnu/librt.so.1
7fcf2efd2000-7fcf2f223000 r--p 00000000 08:04 13634445                   /home/fabian/.p2/pool/plugins/org.eclipse.justj.openjdk.hotspot.jre.full.linux.x86_64_17.0.4.v20220903-1038/jre/lib/server/libjvm.so
7fcf2f223000-7fcf2ff3c000 r-xp 00251000 08:04 13634445                   /home/fabian/.p2/pool/plugins/org.eclipse.justj.openjdk.hotspot.jre.full.linux.x86_64_17.0.4.v20220903-1038/jre/lib/server/libjvm.so
7fcf2ff3c000-7fcf301c7000 r--p 00f6a000 08:04 13634445                   /home/fabian/.p2/pool/plugins/org.eclipse.justj.openjdk.hotspot.jre.full.linux.x86_64_17.0.4.v20220903-1038/jre/lib/server/libjvm.so
7fcf301c7000-7fcf30280000 r--p 011f4000 08:04 13634445                   /home/fabian/.p2/pool/plugins/org.eclipse.justj.openjdk.hotspot.jre.full.linux.x86_64_17.0.4.v20220903-1038/jre/lib/server/libjvm.so
7fcf30280000-7fcf302b5000 rw-p 012ad000 08:04 13634445                   /home/fabian/.p2/pool/plugins/org.eclipse.justj.openjdk.hotspot.jre.full.linux.x86_64_17.0.4.v20220903-1038/jre/lib/server/libjvm.so
7fcf302b5000-7fcf30312000 rw-p 00000000 00:00 0 
7fcf30312000-7fcf3033a000 r--p 00000000 08:04 3676510                    /usr/lib/x86_64-linux-gnu/libc.so.6
7fcf3033a000-7fcf304cf000 r-xp 00028000 08:04 3676510                    /usr/lib/x86_64-linux-gnu/libc.so.6
7fcf304cf000-7fcf30527000 r--p 001bd000 08:04 3676510                    /usr/lib/x86_64-linux-gnu/libc.so.6
7fcf30527000-7fcf3052b000 r--p 00214000 08:04 3676510                    /usr/lib/x86_64-linux-gnu/libc.so.6
7fcf3052b000-7fcf3052d000 rw-p 00218000 08:04 3676510                    /usr/lib/x86_64-linux-gnu/libc.so.6
7fcf3052d000-7fcf3053a000 rw-p 00000000 00:00 0 
7fcf3053a000-7fcf3053b000 r--p 00000000 08:04 3676652                    /usr/lib/x86_64-linux-gnu/libdl.so.2
7fcf3053b000-7fcf3053c000 r-xp 00001000 08:04 3676652                    /usr/lib/x86_64-linux-gnu/libdl.so.2
7fcf3053c000-7fcf3053d000 r--p 00002000 08:04 3676652                    /usr/lib/x86_64-linux-gnu/libdl.so.2
7fcf3053d000-7fcf3053e000 r--p 00002000 08:04 3676652                    /usr/lib/x86_64-linux-gnu/libdl.so.2
7fcf3053e000-7fcf3053f000 rw-p 00003000 08:04 3676652                    /usr/lib/x86_64-linux-gnu/libdl.so.2
7fcf3053f000-7fcf30540000 r--p 00000000 08:04 3677430                    /usr/lib/x86_64-linux-gnu/libpthread.so.0
7fcf30540000-7fcf30541000 r-xp 00001000 08:04 3677430                    /usr/lib/x86_64-linux-gnu/libpthread.so.0
7fcf30541000-7fcf30542000 r--p 00002000 08:04 3677430                    /usr/lib/x86_64-linux-gnu/libpthread.so.0
7fcf30542000-7fcf30543000 r--p 00002000 08:04 3677430                    /usr/lib/x86_64-linux-gnu/libpthread.so.0
7fcf30543000-7fcf30544000 rw-p 00003000 08:04 3677430                    /usr/lib/x86_64-linux-gnu/libpthread.so.0
7fcf30544000-7fcf30547000 r--p 00000000 08:04 13634456                   /home/fabian/.p2/pool/plugins/org.eclipse.justj.openjdk.hotspot.jre.full.linux.x86_64_17.0.4.v20220903-1038/jre/lib/libjli.so
7fcf30547000-7fcf30551000 r-xp 00003000 08:04 13634456                   /home/fabian/.p2/pool/plugins/org.eclipse.justj.openjdk.hotspot.jre.full.linux.x86_64_17.0.4.v20220903-1038/jre/lib/libjli.so
7fcf30551000-7fcf30554000 r--p 0000d000 08:04 13634456                   /home/fabian/.p2/pool/plugins/org.eclipse.justj.openjdk.hotspot.jre.full.linux.x86_64_17.0.4.v20220903-1038/jre/lib/libjli.so
7fcf30554000-7fcf30555000 ---p 00010000 08:04 13634456                   /home/fabian/.p2/pool/plugins/org.eclipse.justj.openjdk.hotspot.jre.full.linux.x86_64_17.0.4.v20220903-1038/jre/lib/libjli.so
7fcf30555000-7fcf30556000 r--p 00010000 08:04 13634456                   /home/fabian/.p2/pool/plugins/org.eclipse.justj.openjdk.hotspot.jre.full.linux.x86_64_17.0.4.v20220903-1038/jre/lib/libjli.so
7fcf30556000-7fcf30557000 rw-p 00011000 08:04 13634456                   /home/fabian/.p2/pool/plugins/org.eclipse.justj.openjdk.hotspot.jre.full.linux.x86_64_17.0.4.v20220903-1038/jre/lib/libjli.so
7fcf30557000-7fcf30559000 r--p 00000000 08:04 3699171                    /usr/lib/x86_64-linux-gnu/libz.so.1.2.11
7fcf30559000-7fcf3056a000 r-xp 00002000 08:04 3699171                    /usr/lib/x86_64-linux-gnu/libz.so.1.2.11
7fcf3056a000-7fcf30570000 r--p 00013000 08:04 3699171                    /usr/lib/x86_64-linux-gnu/libz.so.1.2.11
7fcf30570000-7fcf30571000 ---p 00019000 08:04 3699171                    /usr/lib/x86_64-linux-gnu/libz.so.1.2.11
7fcf30571000-7fcf30572000 r--p 00019000 08:04 3699171                    /usr/lib/x86_64-linux-gnu/libz.so.1.2.11
7fcf30572000-7fcf30573000 rw-p 0001a000 08:04 3699171                    /usr/lib/x86_64-linux-gnu/libz.so.1.2.11
7fcf30574000-7fcf30576000 r--p 00000000 08:04 13634461                   /home/fabian/.p2/pool/plugins/org.eclipse.justj.openjdk.hotspot.jre.full.linux.x86_64_17.0.4.v20220903-1038/jre/lib/libzip.so
7fcf30576000-7fcf3057a000 r-xp 00002000 08:04 13634461                   /home/fabian/.p2/pool/plugins/org.eclipse.justj.openjdk.hotspot.jre.full.linux.x86_64_17.0.4.v20220903-1038/jre/lib/libzip.so
7fcf3057a000-7fcf3057c000 r--p 00006000 08:04 13634461                   /home/fabian/.p2/pool/plugins/org.eclipse.justj.openjdk.hotspot.jre.full.linux.x86_64_17.0.4.v20220903-1038/jre/lib/libzip.so
7fcf3057c000-7fcf3057d000 r--p 00007000 08:04 13634461                   /home/fabian/.p2/pool/plugins/org.eclipse.justj.openjdk.hotspot.jre.full.linux.x86_64_17.0.4.v20220903-1038/jre/lib/libzip.so
7fcf3057d000-7fcf3057e000 rw-p 00008000 08:04 13634461                   /home/fabian/.p2/pool/plugins/org.eclipse.justj.openjdk.hotspot.jre.full.linux.x86_64_17.0.4.v20220903-1038/jre/lib/libzip.so
7fcf3057e000-7fcf30586000 rw-s 00000000 08:04 11010500                   /tmp/hsperfdata_fabian/10338
7fcf30586000-7fcf30587000 ---p 00000000 00:00 0 
7fcf30587000-7fcf30588000 r--p 00000000 00:00 0 
7fcf30588000-7fcf3058a000 rw-p 00000000 00:00 0 
7fcf3058a000-7fcf3058c000 r--p 00000000 08:04 3676173                    /usr/lib/x86_64-linux-gnu/ld-linux-x86-64.so.2
7fcf3058c000-7fcf305b6000 r-xp 00002000 08:04 3676173                    /usr/lib/x86_64-linux-gnu/ld-linux-x86-64.so.2
7fcf305b6000-7fcf305c1000 r--p 0002c000 08:04 3676173                    /usr/lib/x86_64-linux-gnu/ld-linux-x86-64.so.2
7fcf305c1000-7fcf305c2000 ---p 00000000 00:00 0 
7fcf305c2000-7fcf305c4000 r--p 00037000 08:04 3676173                    /usr/lib/x86_64-linux-gnu/ld-linux-x86-64.so.2
7fcf305c4000-7fcf305c6000 rw-p 00039000 08:04 3676173                    /usr/lib/x86_64-linux-gnu/ld-linux-x86-64.so.2
7ffd731fc000-7ffd7321d000 rw-p 00000000 00:00 0                          [stack]
7ffd7330d000-7ffd73311000 r--p 00000000 00:00 0                          [vvar]
7ffd73311000-7ffd73313000 r-xp 00000000 00:00 0                          [vdso]
ffffffffff600000-ffffffffff601000 --xp 00000000 00:00 0                  [vsyscall]


VM Arguments:
jvm_args: -Dfile.encoding=UTF-8 -XX:+ShowCodeDetailsInExceptionMessages 
java_command: com.fabian.backgroundworker.App
java_class_path (initial): /home/fabian/Dokumente/Github/Background-Worker/backgroundworker/target/classes:/home/fabian/.m2/repository/org/eclipse/paho/org.eclipse.paho.client.mqttv3/1.2.2/org.eclipse.paho.client.mqttv3-1.2.2.jar:/home/fabian/.m2/repository/com/google/code/gson/gson/2.8.7/gson-2.8.7.jar:/home/fabian/.m2/repository/com/fazecast/jSerialComm/2.9.2/jSerialComm-2.9.2.jar
Launcher Type: SUN_STANDARD

[Global flags]
     intx CICompilerCount                          = 4                                         {product} {ergonomic}
     uint ConcGCThreads                            = 3                                         {product} {ergonomic}
     uint G1ConcRefinementThreads                  = 10                                        {product} {ergonomic}
   size_t G1HeapRegionSize                         = 4194304                                   {product} {ergonomic}
    uintx GCDrainStackTargetSize                   = 64                                        {product} {ergonomic}
   size_t InitialHeapSize                          = 524288000                                 {product} {ergonomic}
   size_t MarkStackSize                            = 4194304                                   {product} {ergonomic}
   size_t MaxHeapSize                              = 8384413696                                {product} {ergonomic}
   size_t MaxNewSize                               = 5028970496                                {product} {ergonomic}
   size_t MinHeapDeltaBytes                        = 4194304                                   {product} {ergonomic}
   size_t MinHeapSize                              = 8388608                                   {product} {ergonomic}
    uintx NonNMethodCodeHeapSize                   = 5839372                                {pd product} {ergonomic}
    uintx NonProfiledCodeHeapSize                  = 122909434                              {pd product} {ergonomic}
    uintx ProfiledCodeHeapSize                     = 122909434                              {pd product} {ergonomic}
    uintx ReservedCodeCacheSize                    = 251658240                              {pd product} {ergonomic}
     bool SegmentedCodeCache                       = true                                      {product} {ergonomic}
     bool ShowCodeDetailsInExceptionMessages       = true                                   {manageable} {command line}
   size_t SoftMaxHeapSize                          = 8384413696                             {manageable} {ergonomic}
     bool UseCompressedClassPointers               = true                           {product lp64_product} {ergonomic}
     bool UseCompressedOops                        = true                           {product lp64_product} {ergonomic}
     bool UseG1GC                                  = true                                      {product} {ergonomic}

Logging:
Log output configuration:
 #0: stdout all=warning uptime,level,tags
 #1: stderr all=off uptime,level,tags

Environment Variables:
PATH=/usr/local/sbin:/usr/local/bin:/usr/sbin:/usr/bin:/sbin:/bin:/usr/games:/usr/local/games:/snap/bin:/snap/bin
USERNAME=fabian
SHELL=/bin/bash
DISPLAY=:1
LANG=de_AT.UTF-8

Signal Handlers:
   SIGSEGV: crash_handler in libjvm.so, mask=11100100010111111101111111111110, flags=SA_RESTART|SA_SIGINFO
    SIGBUS: crash_handler in libjvm.so, mask=11100100010111111101111111111110, flags=SA_RESTART|SA_SIGINFO
    SIGFPE: crash_handler in libjvm.so, mask=11100100010111111101111111111110, flags=SA_RESTART|SA_SIGINFO
   SIGPIPE: javaSignalHandler in libjvm.so, mask=11100100010111111101111111111110, flags=SA_RESTART|SA_SIGINFO
   SIGXFSZ: javaSignalHandler in libjvm.so, mask=11100100010111111101111111111110, flags=SA_RESTART|SA_SIGINFO
    SIGILL: crash_handler in libjvm.so, mask=11100100010111111101111111111110, flags=SA_RESTART|SA_SIGINFO
   SIGUSR2: SIG_IGN, mask=00000000000000000000000000000000, flags=none
  *** Handler was modified!
  *** Expected: SR_handler in libjvm.so, mask=00100000000000000000000000000000, flags=SA_RESTART|SA_SIGINFO
    SIGHUP: SIG_IGN, mask=00000000000000000000000000000000, flags=none
    SIGINT: UserHandler in libjvm.so, mask=11100100010111111101111111111110, flags=SA_RESTART|SA_SIGINFO
   SIGTERM: UserHandler in libjvm.so, mask=11100100010111111101111111111110, flags=SA_RESTART|SA_SIGINFO
   SIGQUIT: UserHandler in libjvm.so, mask=11100100010111111101111111111110, flags=SA_RESTART|SA_SIGINFO
  *** Handler was modified!
  *** Expected: javaSignalHandler in libjvm.so, mask=11100100110111111111111111111110, flags=SA_RESTART|SA_SIGINFO
   SIGTRAP: crash_handler in libjvm.so, mask=11100100010111111101111111111110, flags=SA_RESTART|SA_SIGINFO


---------------  S Y S T E M  ---------------

OS:
DISTRIB_ID=Ubuntu
DISTRIB_RELEASE=22.04
DISTRIB_CODENAME=jammy
DISTRIB_DESCRIPTION="Ubuntu 22.04.1 LTS"
uname: Linux 5.15.0-52-generic #58-Ubuntu SMP Thu Oct 13 08:03:55 UTC 2022 x86_64
OS uptime: 0 days 0:38 hours
libc: glibc 2.35 NPTL 2.35 
rlimit (soft/hard): STACK 8192k/infinity , CORE 0k/infinity , NPROC 127640/127640 , NOFILE 1048576/1048576 , AS infinity/infinity , CPU infinity/infinity , DATA infinity/infinity , FSIZE infinity/infinity , MEMLOCK 4093344k/4093344k
load average: 2,71 2,74 2,39

/proc/meminfo:
MemTotal:       32746760 kB
MemFree:        23730620 kB
MemAvailable:   26502104 kB
Buffers:          132972 kB
Cached:          2982660 kB
SwapCached:            0 kB
Active:          1175912 kB
Inactive:        7012328 kB
Active(anon):       3392 kB
Inactive(anon):  5126808 kB
Active(file):    1172520 kB
Inactive(file):  1885520 kB
Unevictable:          96 kB
Mlocked:              96 kB
SwapTotal:       2097148 kB
SwapFree:        2097148 kB
Dirty:               384 kB
Writeback:             0 kB
AnonPages:       5072804 kB
Mapped:          1199228 kB
Shmem:             77672 kB
KReclaimable:     168904 kB
Slab:             380768 kB
SReclaimable:     168904 kB
SUnreclaim:       211864 kB
KernelStack:       24464 kB
PageTables:        56100 kB
NFS_Unstable:          0 kB
Bounce:                0 kB
WritebackTmp:          0 kB
CommitLimit:    18470528 kB
Committed_AS:   15410916 kB
VmallocTotal:   34359738367 kB
VmallocUsed:       97136 kB
VmallocChunk:          0 kB
Percpu:            19008 kB
HardwareCorrupted:     0 kB
AnonHugePages:     40960 kB
ShmemHugePages:        0 kB
ShmemPmdMapped:        0 kB
FileHugePages:         0 kB
FilePmdMapped:         0 kB
HugePages_Total:       0
HugePages_Free:        0
HugePages_Rsvd:        0
HugePages_Surp:        0
Hugepagesize:       2048 kB
Hugetlb:               0 kB
DirectMap4k:      702820 kB
DirectMap2M:    10704896 kB
DirectMap1G:    23068672 kB

/sys/kernel/mm/transparent_hugepage/enabled: always [madvise] never
/sys/kernel/mm/transparent_hugepage/defrag (defrag/compaction efforts parameter): always defer defer+madvise [madvise] never

Process Memory:
Virtual Size: 11489244K (peak: 11550688K)
Resident Set Size: 69452K (peak: 69452K) (anon: 41768K, file: 27684K, shmem: 0K)
Swapped out: 0K
C-Heap outstanding allocations: 37057K, retained: 3190K
glibc malloc tunables: (default)

/proc/sys/kernel/threads-max (system-wide limit on the number of threads): 255281
/proc/sys/vm/max_map_count (maximum number of memory map areas a process may have): 65530
/proc/sys/kernel/pid_max (system-wide limit on number of process identifiers): 4194304

container (cgroup) information:
container_type: cgroupv2
cpu_cpuset_cpus: not supported
cpu_memory_nodes: not supported
active_processor_count: 12
cpu_quota: not supported
cpu_period: not supported
cpu_shares: not supported
memory_limit_in_bytes: unlimited
memory_and_swap_limit_in_bytes: unlimited
memory_soft_limit_in_bytes: unlimited
memory_usage_in_bytes: 2284884 k
memory_max_usage_in_bytes: not supported
maximum number of tasks: 38292
current number of tasks: 210

Steal ticks since vm start: 0
Steal ticks percentage since vm start:  0,000

CPU: total 12 (initial active 12) (6 cores per cpu, 2 threads per core) family 6 model 158 stepping 10 microcode 0xf0, cx8, cmov, fxsr, ht, mmx, 3dnowpref, sse, sse2, sse3, ssse3, sse4.1, sse4.2, popcnt, lzcnt, tsc, tscinvbit, avx, avx2, aes, erms, clmul, bmi1, bmi2, adx, fma, vzeroupper, clflush, clflushopt
CPU Model and flags from /proc/cpuinfo:
model name	: Intel(R) Core(TM) i7-8750H CPU @ 2.20GHz
flags		: fpu vme de pse tsc msr pae mce cx8 apic sep mtrr pge mca cmov pat pse36 clflush dts acpi mmx fxsr sse sse2 ss ht tm pbe syscall nx pdpe1gb rdtscp lm constant_tsc art arch_perfmon pebs bts rep_good nopl xtopology nonstop_tsc cpuid aperfmperf pni pclmulqdq dtes64 monitor ds_cpl vmx est tm2 ssse3 sdbg fma cx16 xtpr pdcm pcid sse4_1 sse4_2 x2apic movbe popcnt tsc_deadline_timer aes xsave avx f16c rdrand lahf_lm abm 3dnowprefetch cpuid_fault epb invpcid_single pti ssbd ibrs ibpb stibp tpr_shadow vnmi flexpriority ept vpid ept_ad fsgsbase tsc_adjust bmi1 avx2 smep bmi2 erms invpcid mpx rdseed adx smap clflushopt intel_pt xsaveopt xsavec xgetbv1 xsaves dtherm ida arat pln pts hwp hwp_notify hwp_act_window hwp_epp md_clear flush_l1d arch_capabilities

Online cpus: 0-11
Offline cpus: 
BIOS frequency limitation: <Not Available>
Frequency switch latency (ns): 0
Available cpu frequencies: <Not Available>
Current governor: powersave
Core performance/turbo boost: <Not Available>

Memory: 4k page, physical 32746760k(23730620k free), swap 2097148k(2097148k free)
Page Sizes: 4k

vm_info: OpenJDK 64-Bit Server VM (17.0.4.1+1) for linux-amd64 JRE (17.0.4.1+1), built on Aug 12 2022 00:00:00 by "temurin" with gcc 10.3.0

END.
