#
# A fatal error has been detected by the Java Runtime Environment:
#
#  SIGSEGV (0xb) at pc=0x00007f0c5b8d19c0, pid=7341, tid=7347
#
# JRE version: OpenJDK Runtime Environment Temurin-17.0.4.1+1 (17.0.4.1+1) (build 17.0.4.1+1)
# Java VM: OpenJDK 64-Bit Server VM Temurin-17.0.4.1+1 (17.0.4.1+1, mixed mode, tiered, compressed oops, compressed class ptrs, g1 gc, linux-amd64)
# Problematic frame:
# V  [libjvm.so+0x28a9c0]  AccessInternal::PostRuntimeDispatch<G1BarrierSet::AccessBarrier<548964ul, G1BarrierSet>, (AccessInternal::BarrierType)2, 548964ul>::oop_access_barrier(void*)+0x0
#
# Core dump will be written. Default location: Core dumps may be processed with "/usr/share/apport/apport -p%p -s%s -c%c -d%d -P%P -u%u -g%g -- %E" (or dumping to /home/fabian/Dokumente/Github/Background-Worker/backgroundworker/core.7341)
#
# If you would like to submit a bug report, please visit:
#   https://github.com/adoptium/adoptium-support/issues
#

---------------  S U M M A R Y ------------

Command Line: -Dfile.encoding=UTF-8 -XX:+ShowCodeDetailsInExceptionMessages com.fabian.backgroundworker.App

Host: Intel(R) Core(TM) i7-8750H CPU @ 2.20GHz, 12 cores, 31G, Ubuntu 22.04.1 LTS
Time: Tue Nov  8 15:13:51 2022 CET elapsed time: 1.658417 seconds (0d 0h 0m 1s)

---------------  T H R E A D  ---------------

Current thread (0x00007f0c54024630):  JavaThread "main" [_thread_in_vm, id=7347, stack(0x00007f0c5b45b000,0x00007f0c5b55b000)]

Stack: [0x00007f0c5b45b000,0x00007f0c5b55b000],  sp=0x00007f0c5b559618,  free space=1017k
Native frames: (J=compiled Java code, j=interpreted, Vv=VM code, C=native code)
V  [libjvm.so+0x28a9c0]  AccessInternal::PostRuntimeDispatch<G1BarrierSet::AccessBarrier<548964ul, G1BarrierSet>, (AccessInternal::BarrierType)2, 548964ul>::oop_access_barrier(void*)+0x0

Java frames: (J=compiled Java code, j=interpreted, Vv=VM code)
j  com.fazecast.jSerialComm.SerialPort.readBytes(J[BJJII)I+0
j  com.fazecast.jSerialComm.SerialPort.readBytes([BJ)I+25
j  handlers.SerialHandler.setupConnection()V+203
j  com.fabian.backgroundworker.App.main([Ljava/lang/String;)V+59
v  ~StubRoutines::call_stub

siginfo: si_signo: 11 (SIGSEGV), si_code: 1 (SEGV_MAPERR), si_addr: 0x0000000000000000

Register to memory mapping:

RAX=0x0 is NULL
RBX=0x0000000000000001 is an unknown value
RCX=0x0000000000000001 is an unknown value
RDX=0x0 is NULL
RSP=0x00007f0c5b559618 is pointing into the stack for thread: 0x00007f0c54024630
RBP=0x00007f0c5b559680 is pointing into the stack for thread: 0x00007f0c54024630
RSI=0x0 is NULL
RDI=0x0 is NULL
R8 =0x00007f0c544acc40 points into unknown readable memory: 0x00000007f0c55445 | 45 54 c5 f0 07 00 00 00
R9 =0x0 is NULL
R10=0x00007f0c419b050b is at code_begin+843 in an Interpreter codelet
method entry point (kind = native)  [0x00007f0c419b01c0, 0x00007f0c419b0a20]  2144 bytes
R11=0x0000000000000246 is an unknown value
R12=0x00007f0c54024630 is a thread
R13=0x0 is NULL
R14=0x00007f0c540248d8 points into unknown readable memory: 0x00007f0c5c8fb4a0 | a0 b4 8f 5c 0c 7f 00 00
R15=0x0 is NULL


Registers:
RAX=0x0000000000000000, RBX=0x0000000000000001, RCX=0x0000000000000001, RDX=0x0000000000000000
RSP=0x00007f0c5b559618, RBP=0x00007f0c5b559680, RSI=0x0000000000000000, RDI=0x0000000000000000
R8 =0x00007f0c544acc40, R9 =0x0000000000000000, R10=0x00007f0c419b050b, R11=0x0000000000000246
R12=0x00007f0c54024630, R13=0x0000000000000000, R14=0x00007f0c540248d8, R15=0x0000000000000000
RIP=0x00007f0c5b8d19c0, EFLAGS=0x0000000000010246, CSGSFS=0x002b000000000033, ERR=0x0000000000000004
  TRAPNO=0x000000000000000e

Top of Stack: (sp=0x00007f0c5b559618)
0x00007f0c5b559618:   00007f0c5bf0d9d9 00007f0c5b559658
0x00007f0c5b559628:   00007f0c544acc40 00007f0c54024630
0x00007f0c5b559638:   0000000000000000 00007f0c2180a2f8
0x00007f0c5b559648:   00007f0c54024630 00007f0c2180a2f8 

Instructions: (pc=0x00007f0c5b8d19c0)
0x00007f0c5b8d18c0:   85 ff 74 09 ff 15 46 37 02 01 48 89 c7 48 89 7b
0x00007f0c5b8d18d0:   e0 48 83 c4 18 5b 41 5c 41 5d 41 5e 41 5f 5d c3
0x00007f0c5b8d18e0:   49 8b 44 24 20 4c 89 e7 4c 89 45 c8 48 8d 58 10
0x00007f0c5b8d18f0:   e8 5b 92 43 00 4c 8b 45 c8 48 39 c3 75 97 48 8b
0x00007f0c5b8d1900:   45 18 4d 63 ed 4c 89 e7 48 8b 00 4a 8d 34 e8 e8
0x00007f0c5b8d1910:   4c 92 43 00 4c 8b 45 c8 e9 78 ff ff ff 90 66 90
0x00007f0c5b8d1920:   83 ef 04 83 ff 0a 77 10 48 8d 05 71 fd cd 00 8b
0x00007f0c5b8d1930:   04 b8 c3 0f 1f 44 00 00 48 8d 05 09 7a 02 01 55
0x00007f0c5b8d1940:   be 9c 00 00 00 48 8d 3d 24 fd cd 00 48 8b 00 48
0x00007f0c5b8d1950:   89 e5 c6 00 58 e8 36 8f 37 00 e8 51 61 98 00 31
0x00007f0c5b8d1960:   c0 5d c3 90 66 66 2e 0f 1f 84 00 00 00 00 00 90
0x00007f0c5b8d1970:   48 8b 47 08 0f b7 50 28 0f b7 40 2a 8d 44 02 19
0x00007f0c5b8d1980:   c3 66 2e 0f 1f 84 00 00 00 00 00 0f 1f 44 00 00
0x00007f0c5b8d1990:   8b 47 08 c1 f8 03 c3 66 0f 1f 84 00 00 00 00 00
0x00007f0c5b8d19a0:   48 8b 07 c3 66 2e 0f 1f 84 00 00 00 00 00 66 90
0x00007f0c5b8d19b0:   48 8b 07 c3 66 2e 0f 1f 84 00 00 00 00 00 66 90
0x00007f0c5b8d19c0:   48 8b 07 c3 66 2e 0f 1f 84 00 00 00 00 00 66 90
0x00007f0c5b8d19d0:   48 8b 07 c3 66 2e 0f 1f 84 00 00 00 00 00 66 90
0x00007f0c5b8d19e0:   48 8b 07 c3 66 2e 0f 1f 84 00 00 00 00 00 66 90
0x00007f0c5b8d19f0:   48 8b 07 c3 66 2e 0f 1f 84 00 00 00 00 00 66 90
0x00007f0c5b8d1a00:   55 48 89 e5 41 55 41 54 53 48 83 ec 08 48 8b 1f
0x00007f0c5b8d1a10:   4c 8d 2d 69 f4 0a 01 48 89 da 49 23 55 00 48 89
0x00007f0c5b8d1a20:   d8 75 0d 48 83 c4 08 5b 41 5c 41 5d 5d c3 66 90
0x00007f0c5b8d1a30:   49 89 fc 48 89 df e8 85 6d c8 00 48 89 c2 48 85
0x00007f0c5b8d1a40:   c0 74 05 4d 85 e4 75 1e 48 83 c4 08 48 89 d0 5b
0x00007f0c5b8d1a50:   41 5c 41 5d 5d c3 66 2e 0f 1f 84 00 00 00 00 00
0x00007f0c5b8d1a60:   49 23 45 00 74 e2 48 89 d9 48 89 d8 f0 49 0f b1
0x00007f0c5b8d1a70:   14 24 48 89 c3 48 39 c8 75 e6 eb cc 0f 1f 40 00
0x00007f0c5b8d1a80:   55 48 89 e5 41 54 49 89 fc 48 83 ec 08 48 8d 05
0x00007f0c5b8d1a90:   dc c5 05 01 48 8d 15 93 e5 06 01 48 8b 00 80 3a
0x00007f0c5b8d1aa0:   00 8b 40 10 74 1a 83 f8 05 0f 87 dd 00 00 00 48
0x00007f0c5b8d1ab0:   8d 15 3e fb cd 00 48 63 04 82 48 01 d0 ff e0 90 


Stack slot to memory mapping:
stack at sp + 0 slots: 0x00007f0c5bf0d9d9: <offset 0x00000000008c69d9> in /home/fabian/.p2/pool/plugins/org.eclipse.justj.openjdk.hotspot.jre.full.linux.x86_64_17.0.4.v20220903-1038/jre/lib/server/libjvm.so at 0x00007f0c5b647000
stack at sp + 1 slots: 0x00007f0c5b559658 is pointing into the stack for thread: 0x00007f0c54024630
stack at sp + 2 slots: 0x00007f0c544acc40 points into unknown readable memory: 0x00000007f0c55445 | 45 54 c5 f0 07 00 00 00
stack at sp + 3 slots: 0x00007f0c54024630 is a thread
stack at sp + 4 slots: 0x0 is NULL
stack at sp + 5 slots: {method} {0x00007f0c2180a2f8} 'equals' '(Ljava/lang/Object;)Z' in 'java/lang/String'
stack at sp + 6 slots: 0x00007f0c54024630 is a thread
stack at sp + 7 slots: {method} {0x00007f0c2180a2f8} 'equals' '(Ljava/lang/Object;)Z' in 'java/lang/String'


---------------  P R O C E S S  ---------------

Threads class SMR info:
_java_thread_list=0x00007f0bdc003410, length=15, elements={
0x00007f0c54024630, 0x00007f0c541b9f50, 0x00007f0c541bb5a0, 0x00007f0c541e02c0,
0x00007f0c541e1670, 0x00007f0c541e2a80, 0x00007f0c541e4100, 0x00007f0c541e55e0,
0x00007f0c541e6a50, 0x00007f0c542901c0, 0x00007f0c542980c0, 0x00007f0bd80186a0,
0x00007f0bd801ace0, 0x00007f0bd801b250, 0x00007f0bdc002a50
}

Java Threads: ( => current thread )
=>0x00007f0c54024630 JavaThread "main" [_thread_in_vm, id=7347, stack(0x00007f0c5b45b000,0x00007f0c5b55b000)]
  0x00007f0c541b9f50 JavaThread "Reference Handler" daemon [_thread_blocked, id=7354, stack(0x00007f0c30598000,0x00007f0c30698000)]
  0x00007f0c541bb5a0 JavaThread "Finalizer" daemon [_thread_blocked, id=7355, stack(0x00007f0c30498000,0x00007f0c30598000)]
  0x00007f0c541e02c0 JavaThread "Signal Dispatcher" daemon [_thread_blocked, id=7356, stack(0x00007f0c30398000,0x00007f0c30498000)]
  0x00007f0c541e1670 JavaThread "Service Thread" daemon [_thread_blocked, id=7357, stack(0x00007f0c30298000,0x00007f0c30398000)]
  0x00007f0c541e2a80 JavaThread "Monitor Deflation Thread" daemon [_thread_blocked, id=7358, stack(0x00007f0c30198000,0x00007f0c30298000)]
  0x00007f0c541e4100 JavaThread "C2 CompilerThread0" daemon [_thread_blocked, id=7359, stack(0x00007f0c30098000,0x00007f0c30198000)]
  0x00007f0c541e55e0 JavaThread "C1 CompilerThread0" daemon [_thread_blocked, id=7360, stack(0x00007f0c20919000,0x00007f0c20a19000)]
  0x00007f0c541e6a50 JavaThread "Sweeper thread" daemon [_thread_blocked, id=7361, stack(0x00007f0c20819000,0x00007f0c20919000)]
  0x00007f0c542901c0 JavaThread "Notification Thread" daemon [_thread_blocked, id=7362, stack(0x00007f0c20719000,0x00007f0c20819000)]
  0x00007f0c542980c0 JavaThread "Common-Cleaner" daemon [_thread_blocked, id=7364, stack(0x00007f0c20517000,0x00007f0c20617000)]
  0x00007f0bd80186a0 JavaThread "MQTT Rec: backgroundworker" [_thread_in_native, id=7367, stack(0x00007f0c20217000,0x00007f0c20317000)]
  0x00007f0bd801ace0 JavaThread "MQTT Snd: backgroundworker" [_thread_blocked, id=7368, stack(0x00007f0c20417000,0x00007f0c20517000)]
  0x00007f0bd801b250 JavaThread "MQTT Call: backgroundworker" [_thread_blocked, id=7369, stack(0x00007f0c20117000,0x00007f0c20217000)]
  0x00007f0bdc002a50 JavaThread "MQTT Ping: backgroundworker" [_thread_blocked, id=7370, stack(0x00007f0c20317000,0x00007f0c20417000)]

Other Threads:
  0x00007f0c5416a560 VMThread "VM Thread" [stack: 0x00007f0c3069a000,0x00007f0c3079a000] [id=7353]
  0x00007f0c542142a0 WatcherThread [stack: 0x00007f0c20619000,0x00007f0c20719000] [id=7363]
  0x00007f0c54053150 GCTaskThread "GC Thread#0" [stack: 0x00007f0c586eb000,0x00007f0c587eb000] [id=7348]
  0x00007f0c540640c0 ConcurrentGCThread "G1 Main Marker" [stack: 0x00007f0c585e9000,0x00007f0c586e9000] [id=7349]
  0x00007f0c54064fb0 ConcurrentGCThread "G1 Conc#0" [stack: 0x00007f0c584e7000,0x00007f0c585e7000] [id=7350]
  0x00007f0c541224c0 ConcurrentGCThread "G1 Refine#0" [stack: 0x00007f0c3091f000,0x00007f0c30a1f000] [id=7351]
  0x00007f0c541233b0 ConcurrentGCThread "G1 Service" [stack: 0x00007f0c3081d000,0x00007f0c3091d000] [id=7352]

Threads with active compile tasks:

VM state: not at safepoint (normal execution)

VM Mutex/Monitor currently owned by a thread: None

Heap address: 0x000000060c400000, size: 7996 MB, Compressed Oops mode: Zero based, Oop shift amount: 3

CDS archive(s) not mapped
Compressed class space mapped at: 0x0000000800000000-0x0000000840000000, reserved size: 1073741824
Narrow klass base: 0x0000000800000000, Narrow klass shift: 0, Narrow klass range: 0x40000000

GC Precious Log:
 CPUs: 12 total, 12 available
 Memory: 31979M
 Large Page Support: Disabled
 NUMA Support: Disabled
 Compressed Oops: Enabled (Zero based)
 Heap Region Size: 4M
 Heap Min Capacity: 8M
 Heap Initial Capacity: 500M
 Heap Max Capacity: 7996M
 Pre-touch: Disabled
 Parallel Workers: 10
 Concurrent Workers: 3
 Concurrent Refinement Workers: 10
 Periodic GC: Disabled

Heap:
 garbage-first heap   total 512000K, used 8192K [0x000000060c400000, 0x0000000800000000)
  region size 4096K, 3 young (12288K), 0 survivors (0K)
 Metaspace       used 12013K, committed 12160K, reserved 1064960K
  class space    used 1130K, committed 1216K, reserved 1048576K

Heap Regions: E=young(eden), S=young(survivor), O=old, HS=humongous(starts), HC=humongous(continues), CS=collection set, F=free, OA=open archive, CA=closed archive, TAMS=top-at-mark-start (previous, next)
|   0|0x000000060c400000, 0x000000060c400000, 0x000000060c800000|  0%| F|  |TAMS 0x000000060c400000, 0x000000060c400000| Untracked 
|   1|0x000000060c800000, 0x000000060c800000, 0x000000060cc00000|  0%| F|  |TAMS 0x000000060c800000, 0x000000060c800000| Untracked 
|   2|0x000000060cc00000, 0x000000060cc00000, 0x000000060d000000|  0%| F|  |TAMS 0x000000060cc00000, 0x000000060cc00000| Untracked 
|   3|0x000000060d000000, 0x000000060d000000, 0x000000060d400000|  0%| F|  |TAMS 0x000000060d000000, 0x000000060d000000| Untracked 
|   4|0x000000060d400000, 0x000000060d400000, 0x000000060d800000|  0%| F|  |TAMS 0x000000060d400000, 0x000000060d400000| Untracked 
|   5|0x000000060d800000, 0x000000060d800000, 0x000000060dc00000|  0%| F|  |TAMS 0x000000060d800000, 0x000000060d800000| Untracked 
|   6|0x000000060dc00000, 0x000000060dc00000, 0x000000060e000000|  0%| F|  |TAMS 0x000000060dc00000, 0x000000060dc00000| Untracked 
|   7|0x000000060e000000, 0x000000060e000000, 0x000000060e400000|  0%| F|  |TAMS 0x000000060e000000, 0x000000060e000000| Untracked 
|   8|0x000000060e400000, 0x000000060e400000, 0x000000060e800000|  0%| F|  |TAMS 0x000000060e400000, 0x000000060e400000| Untracked 
|   9|0x000000060e800000, 0x000000060e800000, 0x000000060ec00000|  0%| F|  |TAMS 0x000000060e800000, 0x000000060e800000| Untracked 
|  10|0x000000060ec00000, 0x000000060ec00000, 0x000000060f000000|  0%| F|  |TAMS 0x000000060ec00000, 0x000000060ec00000| Untracked 
|  11|0x000000060f000000, 0x000000060f000000, 0x000000060f400000|  0%| F|  |TAMS 0x000000060f000000, 0x000000060f000000| Untracked 
|  12|0x000000060f400000, 0x000000060f400000, 0x000000060f800000|  0%| F|  |TAMS 0x000000060f400000, 0x000000060f400000| Untracked 
|  13|0x000000060f800000, 0x000000060f800000, 0x000000060fc00000|  0%| F|  |TAMS 0x000000060f800000, 0x000000060f800000| Untracked 
|  14|0x000000060fc00000, 0x000000060fc00000, 0x0000000610000000|  0%| F|  |TAMS 0x000000060fc00000, 0x000000060fc00000| Untracked 
|  15|0x0000000610000000, 0x0000000610000000, 0x0000000610400000|  0%| F|  |TAMS 0x0000000610000000, 0x0000000610000000| Untracked 
|  16|0x0000000610400000, 0x0000000610400000, 0x0000000610800000|  0%| F|  |TAMS 0x0000000610400000, 0x0000000610400000| Untracked 
|  17|0x0000000610800000, 0x0000000610800000, 0x0000000610c00000|  0%| F|  |TAMS 0x0000000610800000, 0x0000000610800000| Untracked 
|  18|0x0000000610c00000, 0x0000000610c00000, 0x0000000611000000|  0%| F|  |TAMS 0x0000000610c00000, 0x0000000610c00000| Untracked 
|  19|0x0000000611000000, 0x0000000611000000, 0x0000000611400000|  0%| F|  |TAMS 0x0000000611000000, 0x0000000611000000| Untracked 
|  20|0x0000000611400000, 0x0000000611400000, 0x0000000611800000|  0%| F|  |TAMS 0x0000000611400000, 0x0000000611400000| Untracked 
|  21|0x0000000611800000, 0x0000000611800000, 0x0000000611c00000|  0%| F|  |TAMS 0x0000000611800000, 0x0000000611800000| Untracked 
|  22|0x0000000611c00000, 0x0000000611c00000, 0x0000000612000000|  0%| F|  |TAMS 0x0000000611c00000, 0x0000000611c00000| Untracked 
|  23|0x0000000612000000, 0x0000000612000000, 0x0000000612400000|  0%| F|  |TAMS 0x0000000612000000, 0x0000000612000000| Untracked 
|  24|0x0000000612400000, 0x0000000612400000, 0x0000000612800000|  0%| F|  |TAMS 0x0000000612400000, 0x0000000612400000| Untracked 
|  25|0x0000000612800000, 0x0000000612800000, 0x0000000612c00000|  0%| F|  |TAMS 0x0000000612800000, 0x0000000612800000| Untracked 
|  26|0x0000000612c00000, 0x0000000612c00000, 0x0000000613000000|  0%| F|  |TAMS 0x0000000612c00000, 0x0000000612c00000| Untracked 
|  27|0x0000000613000000, 0x0000000613000000, 0x0000000613400000|  0%| F|  |TAMS 0x0000000613000000, 0x0000000613000000| Untracked 
|  28|0x0000000613400000, 0x0000000613400000, 0x0000000613800000|  0%| F|  |TAMS 0x0000000613400000, 0x0000000613400000| Untracked 
|  29|0x0000000613800000, 0x0000000613800000, 0x0000000613c00000|  0%| F|  |TAMS 0x0000000613800000, 0x0000000613800000| Untracked 
|  30|0x0000000613c00000, 0x0000000613c00000, 0x0000000614000000|  0%| F|  |TAMS 0x0000000613c00000, 0x0000000613c00000| Untracked 
|  31|0x0000000614000000, 0x0000000614000000, 0x0000000614400000|  0%| F|  |TAMS 0x0000000614000000, 0x0000000614000000| Untracked 
|  32|0x0000000614400000, 0x0000000614400000, 0x0000000614800000|  0%| F|  |TAMS 0x0000000614400000, 0x0000000614400000| Untracked 
|  33|0x0000000614800000, 0x0000000614800000, 0x0000000614c00000|  0%| F|  |TAMS 0x0000000614800000, 0x0000000614800000| Untracked 
|  34|0x0000000614c00000, 0x0000000614c00000, 0x0000000615000000|  0%| F|  |TAMS 0x0000000614c00000, 0x0000000614c00000| Untracked 
|  35|0x0000000615000000, 0x0000000615000000, 0x0000000615400000|  0%| F|  |TAMS 0x0000000615000000, 0x0000000615000000| Untracked 
|  36|0x0000000615400000, 0x0000000615400000, 0x0000000615800000|  0%| F|  |TAMS 0x0000000615400000, 0x0000000615400000| Untracked 
|  37|0x0000000615800000, 0x0000000615800000, 0x0000000615c00000|  0%| F|  |TAMS 0x0000000615800000, 0x0000000615800000| Untracked 
|  38|0x0000000615c00000, 0x0000000615c00000, 0x0000000616000000|  0%| F|  |TAMS 0x0000000615c00000, 0x0000000615c00000| Untracked 
|  39|0x0000000616000000, 0x0000000616000000, 0x0000000616400000|  0%| F|  |TAMS 0x0000000616000000, 0x0000000616000000| Untracked 
|  40|0x0000000616400000, 0x0000000616400000, 0x0000000616800000|  0%| F|  |TAMS 0x0000000616400000, 0x0000000616400000| Untracked 
|  41|0x0000000616800000, 0x0000000616800000, 0x0000000616c00000|  0%| F|  |TAMS 0x0000000616800000, 0x0000000616800000| Untracked 
|  42|0x0000000616c00000, 0x0000000616c00000, 0x0000000617000000|  0%| F|  |TAMS 0x0000000616c00000, 0x0000000616c00000| Untracked 
|  43|0x0000000617000000, 0x0000000617000000, 0x0000000617400000|  0%| F|  |TAMS 0x0000000617000000, 0x0000000617000000| Untracked 
|  44|0x0000000617400000, 0x0000000617400000, 0x0000000617800000|  0%| F|  |TAMS 0x0000000617400000, 0x0000000617400000| Untracked 
|  45|0x0000000617800000, 0x0000000617800000, 0x0000000617c00000|  0%| F|  |TAMS 0x0000000617800000, 0x0000000617800000| Untracked 
|  46|0x0000000617c00000, 0x0000000617c00000, 0x0000000618000000|  0%| F|  |TAMS 0x0000000617c00000, 0x0000000617c00000| Untracked 
|  47|0x0000000618000000, 0x0000000618000000, 0x0000000618400000|  0%| F|  |TAMS 0x0000000618000000, 0x0000000618000000| Untracked 
|  48|0x0000000618400000, 0x0000000618400000, 0x0000000618800000|  0%| F|  |TAMS 0x0000000618400000, 0x0000000618400000| Untracked 
|  49|0x0000000618800000, 0x0000000618800000, 0x0000000618c00000|  0%| F|  |TAMS 0x0000000618800000, 0x0000000618800000| Untracked 
|  50|0x0000000618c00000, 0x0000000618c00000, 0x0000000619000000|  0%| F|  |TAMS 0x0000000618c00000, 0x0000000618c00000| Untracked 
|  51|0x0000000619000000, 0x0000000619000000, 0x0000000619400000|  0%| F|  |TAMS 0x0000000619000000, 0x0000000619000000| Untracked 
|  52|0x0000000619400000, 0x0000000619400000, 0x0000000619800000|  0%| F|  |TAMS 0x0000000619400000, 0x0000000619400000| Untracked 
|  53|0x0000000619800000, 0x0000000619800000, 0x0000000619c00000|  0%| F|  |TAMS 0x0000000619800000, 0x0000000619800000| Untracked 
|  54|0x0000000619c00000, 0x0000000619c00000, 0x000000061a000000|  0%| F|  |TAMS 0x0000000619c00000, 0x0000000619c00000| Untracked 
|  55|0x000000061a000000, 0x000000061a000000, 0x000000061a400000|  0%| F|  |TAMS 0x000000061a000000, 0x000000061a000000| Untracked 
|  56|0x000000061a400000, 0x000000061a400000, 0x000000061a800000|  0%| F|  |TAMS 0x000000061a400000, 0x000000061a400000| Untracked 
|  57|0x000000061a800000, 0x000000061a800000, 0x000000061ac00000|  0%| F|  |TAMS 0x000000061a800000, 0x000000061a800000| Untracked 
|  58|0x000000061ac00000, 0x000000061ac00000, 0x000000061b000000|  0%| F|  |TAMS 0x000000061ac00000, 0x000000061ac00000| Untracked 
|  59|0x000000061b000000, 0x000000061b000000, 0x000000061b400000|  0%| F|  |TAMS 0x000000061b000000, 0x000000061b000000| Untracked 
|  60|0x000000061b400000, 0x000000061b400000, 0x000000061b800000|  0%| F|  |TAMS 0x000000061b400000, 0x000000061b400000| Untracked 
|  61|0x000000061b800000, 0x000000061b800000, 0x000000061bc00000|  0%| F|  |TAMS 0x000000061b800000, 0x000000061b800000| Untracked 
|  62|0x000000061bc00000, 0x000000061bc00000, 0x000000061c000000|  0%| F|  |TAMS 0x000000061bc00000, 0x000000061bc00000| Untracked 
|  63|0x000000061c000000, 0x000000061c000000, 0x000000061c400000|  0%| F|  |TAMS 0x000000061c000000, 0x000000061c000000| Untracked 
|  64|0x000000061c400000, 0x000000061c400000, 0x000000061c800000|  0%| F|  |TAMS 0x000000061c400000, 0x000000061c400000| Untracked 
|  65|0x000000061c800000, 0x000000061c800000, 0x000000061cc00000|  0%| F|  |TAMS 0x000000061c800000, 0x000000061c800000| Untracked 
|  66|0x000000061cc00000, 0x000000061cc00000, 0x000000061d000000|  0%| F|  |TAMS 0x000000061cc00000, 0x000000061cc00000| Untracked 
|  67|0x000000061d000000, 0x000000061d000000, 0x000000061d400000|  0%| F|  |TAMS 0x000000061d000000, 0x000000061d000000| Untracked 
|  68|0x000000061d400000, 0x000000061d400000, 0x000000061d800000|  0%| F|  |TAMS 0x000000061d400000, 0x000000061d400000| Untracked 
|  69|0x000000061d800000, 0x000000061d800000, 0x000000061dc00000|  0%| F|  |TAMS 0x000000061d800000, 0x000000061d800000| Untracked 
|  70|0x000000061dc00000, 0x000000061dc00000, 0x000000061e000000|  0%| F|  |TAMS 0x000000061dc00000, 0x000000061dc00000| Untracked 
|  71|0x000000061e000000, 0x000000061e000000, 0x000000061e400000|  0%| F|  |TAMS 0x000000061e000000, 0x000000061e000000| Untracked 
|  72|0x000000061e400000, 0x000000061e400000, 0x000000061e800000|  0%| F|  |TAMS 0x000000061e400000, 0x000000061e400000| Untracked 
|  73|0x000000061e800000, 0x000000061e800000, 0x000000061ec00000|  0%| F|  |TAMS 0x000000061e800000, 0x000000061e800000| Untracked 
|  74|0x000000061ec00000, 0x000000061ec00000, 0x000000061f000000|  0%| F|  |TAMS 0x000000061ec00000, 0x000000061ec00000| Untracked 
|  75|0x000000061f000000, 0x000000061f000000, 0x000000061f400000|  0%| F|  |TAMS 0x000000061f000000, 0x000000061f000000| Untracked 
|  76|0x000000061f400000, 0x000000061f400000, 0x000000061f800000|  0%| F|  |TAMS 0x000000061f400000, 0x000000061f400000| Untracked 
|  77|0x000000061f800000, 0x000000061f800000, 0x000000061fc00000|  0%| F|  |TAMS 0x000000061f800000, 0x000000061f800000| Untracked 
|  78|0x000000061fc00000, 0x000000061fc00000, 0x0000000620000000|  0%| F|  |TAMS 0x000000061fc00000, 0x000000061fc00000| Untracked 
|  79|0x0000000620000000, 0x0000000620000000, 0x0000000620400000|  0%| F|  |TAMS 0x0000000620000000, 0x0000000620000000| Untracked 
|  80|0x0000000620400000, 0x0000000620400000, 0x0000000620800000|  0%| F|  |TAMS 0x0000000620400000, 0x0000000620400000| Untracked 
|  81|0x0000000620800000, 0x0000000620800000, 0x0000000620c00000|  0%| F|  |TAMS 0x0000000620800000, 0x0000000620800000| Untracked 
|  82|0x0000000620c00000, 0x0000000620c00000, 0x0000000621000000|  0%| F|  |TAMS 0x0000000620c00000, 0x0000000620c00000| Untracked 
|  83|0x0000000621000000, 0x0000000621000000, 0x0000000621400000|  0%| F|  |TAMS 0x0000000621000000, 0x0000000621000000| Untracked 
|  84|0x0000000621400000, 0x0000000621400000, 0x0000000621800000|  0%| F|  |TAMS 0x0000000621400000, 0x0000000621400000| Untracked 
|  85|0x0000000621800000, 0x0000000621800000, 0x0000000621c00000|  0%| F|  |TAMS 0x0000000621800000, 0x0000000621800000| Untracked 
|  86|0x0000000621c00000, 0x0000000621c00000, 0x0000000622000000|  0%| F|  |TAMS 0x0000000621c00000, 0x0000000621c00000| Untracked 
|  87|0x0000000622000000, 0x0000000622000000, 0x0000000622400000|  0%| F|  |TAMS 0x0000000622000000, 0x0000000622000000| Untracked 
|  88|0x0000000622400000, 0x0000000622400000, 0x0000000622800000|  0%| F|  |TAMS 0x0000000622400000, 0x0000000622400000| Untracked 
|  89|0x0000000622800000, 0x0000000622800000, 0x0000000622c00000|  0%| F|  |TAMS 0x0000000622800000, 0x0000000622800000| Untracked 
|  90|0x0000000622c00000, 0x0000000622c00000, 0x0000000623000000|  0%| F|  |TAMS 0x0000000622c00000, 0x0000000622c00000| Untracked 
|  91|0x0000000623000000, 0x0000000623000000, 0x0000000623400000|  0%| F|  |TAMS 0x0000000623000000, 0x0000000623000000| Untracked 
|  92|0x0000000623400000, 0x0000000623400000, 0x0000000623800000|  0%| F|  |TAMS 0x0000000623400000, 0x0000000623400000| Untracked 
|  93|0x0000000623800000, 0x0000000623800000, 0x0000000623c00000|  0%| F|  |TAMS 0x0000000623800000, 0x0000000623800000| Untracked 
|  94|0x0000000623c00000, 0x0000000623c00000, 0x0000000624000000|  0%| F|  |TAMS 0x0000000623c00000, 0x0000000623c00000| Untracked 
|  95|0x0000000624000000, 0x0000000624000000, 0x0000000624400000|  0%| F|  |TAMS 0x0000000624000000, 0x0000000624000000| Untracked 
|  96|0x0000000624400000, 0x0000000624400000, 0x0000000624800000|  0%| F|  |TAMS 0x0000000624400000, 0x0000000624400000| Untracked 
|  97|0x0000000624800000, 0x0000000624800000, 0x0000000624c00000|  0%| F|  |TAMS 0x0000000624800000, 0x0000000624800000| Untracked 
|  98|0x0000000624c00000, 0x0000000624c00000, 0x0000000625000000|  0%| F|  |TAMS 0x0000000624c00000, 0x0000000624c00000| Untracked 
|  99|0x0000000625000000, 0x0000000625000000, 0x0000000625400000|  0%| F|  |TAMS 0x0000000625000000, 0x0000000625000000| Untracked 
| 100|0x0000000625400000, 0x0000000625400000, 0x0000000625800000|  0%| F|  |TAMS 0x0000000625400000, 0x0000000625400000| Untracked 
| 101|0x0000000625800000, 0x0000000625800000, 0x0000000625c00000|  0%| F|  |TAMS 0x0000000625800000, 0x0000000625800000| Untracked 
| 102|0x0000000625c00000, 0x0000000625c00000, 0x0000000626000000|  0%| F|  |TAMS 0x0000000625c00000, 0x0000000625c00000| Untracked 
| 103|0x0000000626000000, 0x0000000626000000, 0x0000000626400000|  0%| F|  |TAMS 0x0000000626000000, 0x0000000626000000| Untracked 
| 104|0x0000000626400000, 0x0000000626400000, 0x0000000626800000|  0%| F|  |TAMS 0x0000000626400000, 0x0000000626400000| Untracked 
| 105|0x0000000626800000, 0x0000000626800000, 0x0000000626c00000|  0%| F|  |TAMS 0x0000000626800000, 0x0000000626800000| Untracked 
| 106|0x0000000626c00000, 0x0000000626c00000, 0x0000000627000000|  0%| F|  |TAMS 0x0000000626c00000, 0x0000000626c00000| Untracked 
| 107|0x0000000627000000, 0x0000000627000000, 0x0000000627400000|  0%| F|  |TAMS 0x0000000627000000, 0x0000000627000000| Untracked 
| 108|0x0000000627400000, 0x0000000627400000, 0x0000000627800000|  0%| F|  |TAMS 0x0000000627400000, 0x0000000627400000| Untracked 
| 109|0x0000000627800000, 0x0000000627800000, 0x0000000627c00000|  0%| F|  |TAMS 0x0000000627800000, 0x0000000627800000| Untracked 
| 110|0x0000000627c00000, 0x0000000627c00000, 0x0000000628000000|  0%| F|  |TAMS 0x0000000627c00000, 0x0000000627c00000| Untracked 
| 111|0x0000000628000000, 0x0000000628000000, 0x0000000628400000|  0%| F|  |TAMS 0x0000000628000000, 0x0000000628000000| Untracked 
| 112|0x0000000628400000, 0x0000000628400000, 0x0000000628800000|  0%| F|  |TAMS 0x0000000628400000, 0x0000000628400000| Untracked 
| 113|0x0000000628800000, 0x0000000628800000, 0x0000000628c00000|  0%| F|  |TAMS 0x0000000628800000, 0x0000000628800000| Untracked 
| 114|0x0000000628c00000, 0x0000000628c00000, 0x0000000629000000|  0%| F|  |TAMS 0x0000000628c00000, 0x0000000628c00000| Untracked 
| 115|0x0000000629000000, 0x0000000629000000, 0x0000000629400000|  0%| F|  |TAMS 0x0000000629000000, 0x0000000629000000| Untracked 
| 116|0x0000000629400000, 0x0000000629400000, 0x0000000629800000|  0%| F|  |TAMS 0x0000000629400000, 0x0000000629400000| Untracked 
| 117|0x0000000629800000, 0x0000000629800000, 0x0000000629c00000|  0%| F|  |TAMS 0x0000000629800000, 0x0000000629800000| Untracked 
| 118|0x0000000629c00000, 0x0000000629c00000, 0x000000062a000000|  0%| F|  |TAMS 0x0000000629c00000, 0x0000000629c00000| Untracked 
| 119|0x000000062a000000, 0x000000062a000000, 0x000000062a400000|  0%| F|  |TAMS 0x000000062a000000, 0x000000062a000000| Untracked 
| 120|0x000000062a400000, 0x000000062a400000, 0x000000062a800000|  0%| F|  |TAMS 0x000000062a400000, 0x000000062a400000| Untracked 
| 121|0x000000062a800000, 0x000000062a800000, 0x000000062ac00000|  0%| F|  |TAMS 0x000000062a800000, 0x000000062a800000| Untracked 
| 122|0x000000062ac00000, 0x000000062adefbc8, 0x000000062b000000| 48%| E|  |TAMS 0x000000062ac00000, 0x000000062ac00000| Complete 
| 123|0x000000062b000000, 0x000000062b400000, 0x000000062b400000|100%| E|CS|TAMS 0x000000062b000000, 0x000000062b000000| Complete 
| 124|0x000000062b400000, 0x000000062b800000, 0x000000062b800000|100%| E|CS|TAMS 0x000000062b400000, 0x000000062b400000| Complete 

Card table byte_map: [0x00007f0c588ab000,0x00007f0c59849000] _byte_map_base: 0x00007f0c55849000

Marking Bits (Prev, Next): (CMBitMap*) 0x00007f0c54053b60, (CMBitMap*) 0x00007f0c54053ba0
 Prev Bits: [0x00007f0c38d15000, 0x00007f0c40a05000)
 Next Bits: [0x00007f0c31025000, 0x00007f0c38d15000)

Polling page: 0x00007f0c5cbfb000

Metaspace:

Usage:
  Non-class:     10,63 MB used.
      Class:      1,10 MB used.
       Both:     11,73 MB used.

Virtual space:
  Non-class space:       16,00 MB reserved,      10,69 MB ( 67%) committed,  2 nodes.
      Class space:        1,00 GB reserved,       1,19 MB ( <1%) committed,  1 nodes.
             Both:        1,02 GB reserved,      11,88 MB (  1%) committed. 

Chunk freelists:
   Non-Class:  672,00 KB
       Class:  2,67 MB
        Both:  3,33 MB

MaxMetaspaceSize: unlimited
CompressedClassSpaceSize: 1,00 GB
Initial GC threshold: 21,00 MB
Current GC threshold: 21,00 MB
CDS: off
MetaspaceReclaimPolicy: balanced
 - commit_granule_bytes: 65536.
 - commit_granule_words: 8192.
 - virtual_space_node_default_size: 1048576.
 - enlarge_chunks_in_place: 1.
 - new_chunks_are_fully_committed: 0.
 - uncommit_free_chunks: 1.
 - use_allocation_guard: 0.
 - handle_deallocations: 1.


Internal statistics:

num_allocs_failed_limit: 0.
num_arena_births: 18.
num_arena_deaths: 0.
num_vsnodes_births: 3.
num_vsnodes_deaths: 0.
num_space_committed: 190.
num_space_uncommitted: 0.
num_chunks_returned_to_freelist: 0.
num_chunks_taken_from_freelist: 97.
num_chunk_merges: 0.
num_chunk_splits: 50.
num_chunks_enlarged: 37.
num_purges: 0.
num_inconsistent_stats: 0.

CodeHeap 'non-profiled nmethods': size=120028Kb used=194Kb max_used=194Kb free=119833Kb
 bounds [0x00007f0c4946c000, 0x00007f0c496dc000, 0x00007f0c509a3000]
CodeHeap 'profiled nmethods': size=120028Kb used=1045Kb max_used=1045Kb free=118982Kb
 bounds [0x00007f0c41f35000, 0x00007f0c421a5000, 0x00007f0c4946c000]
CodeHeap 'non-nmethods': size=5704Kb used=1141Kb max_used=1156Kb free=4562Kb
 bounds [0x00007f0c419a3000, 0x00007f0c41c13000, 0x00007f0c41f35000]
 total_blobs=1040 nmethods=608 adapters=346
 compilation: enabled
              stopped_count=0, restarted_count=0
 full_count=0

Compilation events (20 events):
Event: 0,621 Thread 0x00007f0c541e55e0 nmethod 597 0x00007f0c42034d90 code [0x00007f0c42035000, 0x00007f0c42035970]
Event: 0,621 Thread 0x00007f0c541e4100 nmethod 576 0x00007f0c4949b190 code [0x00007f0c4949b320, 0x00007f0c4949b9d8]
Event: 0,621 Thread 0x00007f0c541e4100  580       4       java.lang.AbstractStringBuilder::putStringAt (34 bytes)
Event: 0,622 Thread 0x00007f0c541e55e0  600       3       sun.net.www.ParseUtil::encodePath (41 bytes)
Event: 0,622 Thread 0x00007f0c541e55e0 nmethod 600 0x00007f0c42035c90 code [0x00007f0c42035e60, 0x00007f0c42036070]
Event: 0,622 Thread 0x00007f0c541e4100 nmethod 580 0x00007f0c4949bd90 code [0x00007f0c4949bf20, 0x00007f0c4949c118]
Event: 0,622 Thread 0x00007f0c541e55e0  601       3       java.net.URLStreamHandler::setURL (73 bytes)
Event: 0,623 Thread 0x00007f0c541e55e0 nmethod 601 0x00007f0c42036110 code [0x00007f0c42036400, 0x00007f0c42037270]
Event: 0,623 Thread 0x00007f0c541e55e0  604       3       java.util.HashSet::<init> (16 bytes)
Event: 0,623 Thread 0x00007f0c541e55e0 nmethod 604 0x00007f0c42037790 code [0x00007f0c42037960, 0x00007f0c42037d70]
Event: 0,623 Thread 0x00007f0c541e55e0  602       3       java.security.CodeSource::getCertificates (98 bytes)
Event: 0,624 Thread 0x00007f0c541e55e0 nmethod 602 0x00007f0c42037f10 code [0x00007f0c42038180, 0x00007f0c42038d30]
Event: 0,624 Thread 0x00007f0c541e55e0  606       1       com.google.gson.reflect.TypeToken::getRawType (5 bytes)
Event: 0,624 Thread 0x00007f0c541e55e0 nmethod 606 0x00007f0c4949c690 code [0x00007f0c4949c820, 0x00007f0c4949c8f0]
Event: 0,624 Thread 0x00007f0c541e55e0  605       3       java.io.UnixFileSystem::prefixLength (15 bytes)
Event: 0,624 Thread 0x00007f0c541e55e0 nmethod 605 0x00007f0c42039010 code [0x00007f0c420391c0, 0x00007f0c420393e0]
Event: 0,624 Thread 0x00007f0c541e55e0  607  s    3       jdk.internal.loader.Resource::cachedInputStream (20 bytes)
Event: 0,624 Thread 0x00007f0c541e55e0 nmethod 607 0x00007f0c42039510 code [0x00007f0c420396c0, 0x00007f0c420399e0]
Event: 0,624 Thread 0x00007f0c541e55e0  608       3       java.io.UnixFileSystem::normalize (41 bytes)
Event: 0,624 Thread 0x00007f0c541e55e0 nmethod 608 0x00007f0c42039a90 code [0x00007f0c42039cc0, 0x00007f0c4203a2f0]

GC Heap History (0 events):
No events

Deoptimization events (20 events):
Event: 0,194 Thread 0x00007f0c54024630 DEOPT PACKING pc=0x00007f0c41f94eb6 sp=0x00007f0c5b557f70
Event: 0,194 Thread 0x00007f0c54024630 DEOPT UNPACKING pc=0x00007f0c419f582f sp=0x00007f0c5b5573e8 mode 0
Event: 0,217 Thread 0x00007f0c54024630 DEOPT PACKING pc=0x00007f0c41f4d255 sp=0x00007f0c5b5586b0
Event: 0,217 Thread 0x00007f0c54024630 DEOPT UNPACKING pc=0x00007f0c419f582f sp=0x00007f0c5b557b70 mode 0
Event: 0,233 Thread 0x00007f0c54024630 DEOPT PACKING pc=0x00007f0c41f54bd4 sp=0x00007f0c5b558cf0
Event: 0,233 Thread 0x00007f0c54024630 DEOPT UNPACKING pc=0x00007f0c419f582f sp=0x00007f0c5b5581c8 mode 0
Event: 0,238 Thread 0x00007f0c54024630 DEOPT PACKING pc=0x00007f0c41f61f5a sp=0x00007f0c5b558920
Event: 0,238 Thread 0x00007f0c54024630 DEOPT UNPACKING pc=0x00007f0c419f582f sp=0x00007f0c5b557d60 mode 0
Event: 0,244 Thread 0x00007f0c54024630 DEOPT PACKING pc=0x00007f0c41f495ce sp=0x00007f0c5b554f20
Event: 0,244 Thread 0x00007f0c54024630 DEOPT UNPACKING pc=0x00007f0c419f582f sp=0x00007f0c5b5543b8 mode 0
Event: 0,592 Thread 0x00007f0c54024630 DEOPT PACKING pc=0x00007f0c41fa43ee sp=0x00007f0c5b555400
Event: 0,592 Thread 0x00007f0c54024630 DEOPT UNPACKING pc=0x00007f0c419f582f sp=0x00007f0c5b554870 mode 0
Event: 0,612 Thread 0x00007f0c54024630 Uncommon trap: trap_request=0xffffff45 fr.pc=0x00007f0c4947d794 relative=0x0000000000000074
Event: 0,612 Thread 0x00007f0c54024630 Uncommon trap: reason=unstable_if action=reinterpret pc=0x00007f0c4947d794 method=jdk.internal.misc.Unsafe.convEndian(ZI)I @ 4 c2
Event: 0,612 Thread 0x00007f0c54024630 DEOPT PACKING pc=0x00007f0c4947d794 sp=0x00007f0c5b554cf0
Event: 0,612 Thread 0x00007f0c54024630 DEOPT UNPACKING pc=0x00007f0c419f5099 sp=0x00007f0c5b554c40 mode 2
Event: 0,612 Thread 0x00007f0c54024630 Uncommon trap: trap_request=0xffffff45 fr.pc=0x00007f0c49484038 relative=0x0000000000000038
Event: 0,612 Thread 0x00007f0c54024630 Uncommon trap: reason=unstable_if action=reinterpret pc=0x00007f0c49484038 method=jdk.internal.misc.Unsafe.convEndian(ZI)I @ 4 c2
Event: 0,612 Thread 0x00007f0c54024630 DEOPT PACKING pc=0x00007f0c49484038 sp=0x00007f0c5b554c80
Event: 0,612 Thread 0x00007f0c54024630 DEOPT UNPACKING pc=0x00007f0c419f5099 sp=0x00007f0c5b554c38 mode 2

Classes unloaded (0 events):
No events

Classes redefined (0 events):
No events

Internal exceptions (3 events):
Event: 0,196 Thread 0x00007f0c54024630 Exception <a 'java/lang/NoSuchMethodError'{0x000000062b051770}: 'java.lang.Object java.lang.invoke.DirectMethodHandle$Holder.invokeStaticInit(java.lang.Object)'> (0x000000062b051770) 
thrown [src/hotspot/share/interpreter/linkResolver.cpp, line 758]
Event: 0,202 Thread 0x00007f0c54024630 Exception <a 'java/lang/NoSuchMethodError'{0x000000062b05ced0}: 'java.lang.Object java.lang.invoke.DirectMethodHandle$Holder.invokeInterface(java.lang.Object, java.lang.Object)'> (0x000000062b05ced0) 
thrown [src/hotspot/share/interpreter/linkResolver.cpp, line 758]
Event: 0,258 Thread 0x00007f0c543fe700 Exception <a 'java/lang/NoSuchMethodError'{0x000000062b2fd1c0}: 'void java.lang.invoke.DirectMethodHandle$Holder.invokeStatic(java.lang.Object, java.lang.Object)'> (0x000000062b2fd1c0) 
thrown [src/hotspot/share/interpreter/linkResolver.cpp, line 758]

VM Operations (6 events):
Event: 0,093 Executing VM operation: HandshakeAllThreads
Event: 0,093 Executing VM operation: HandshakeAllThreads done
Event: 0,251 Executing VM operation: HandshakeAllThreads
Event: 0,251 Executing VM operation: HandshakeAllThreads done
Event: 1,251 Executing VM operation: Cleanup
Event: 1,251 Executing VM operation: Cleanup done

Events (20 events):
Event: 0,621 loading class java/time/temporal/TemporalAdjuster
Event: 0,621 loading class java/time/temporal/TemporalAdjuster done
Event: 0,621 loading class java/time/chrono/ChronoLocalDate
Event: 0,621 loading class java/time/chrono/ChronoLocalDate done
Event: 0,621 loading class java/time/LocalDate done
Event: 0,621 loading class java/time/LocalTime
Event: 0,621 loading class java/time/LocalTime done
Event: 0,621 loading class java/time/Duration
Event: 0,621 loading class java/time/temporal/TemporalAmount
Event: 0,621 loading class java/time/temporal/TemporalAmount done
Event: 0,621 loading class java/time/Duration done
Event: 0,622 loading class java/lang/reflect/InvocationTargetException
Event: 0,622 loading class java/lang/reflect/InvocationTargetException done
Event: 0,622 loading class java/util/Collections$SingletonList
Event: 0,622 loading class java/util/Collections$SingletonList done
Event: 0,623 loading class sun/reflect/generics/repository/FieldRepository
Event: 0,623 loading class sun/reflect/generics/repository/FieldRepository done
Event: 0,625 loading class java/lang/UnsatisfiedLinkError
Event: 0,625 loading class java/lang/UnsatisfiedLinkError done
Event: 0,626 Loaded shared library /tmp/jSerialComm/2.9.2/libjSerialComm.so


Dynamic libraries:
60c400000-62b800000 rw-p 00000000 00:00 0 
62b800000-800000000 ---p 00000000 00:00 0 
800000000-800020000 rw-p 00000000 00:00 0 
800020000-800040000 rw-p 00000000 00:00 0 
800040000-8000e0000 rw-p 00000000 00:00 0 
8000e0000-800120000 rw-p 00000000 00:00 0 
800120000-800140000 ---p 00000000 00:00 0 
800140000-800150000 rw-p 00000000 00:00 0 
800150000-840000000 ---p 00000000 00:00 0 
55a142e60000-55a142e61000 r--p 00000000 08:04 13634073                   /home/fabian/.p2/pool/plugins/org.eclipse.justj.openjdk.hotspot.jre.full.linux.x86_64_17.0.4.v20220903-1038/jre/bin/java
55a142e61000-55a142e62000 r-xp 00001000 08:04 13634073                   /home/fabian/.p2/pool/plugins/org.eclipse.justj.openjdk.hotspot.jre.full.linux.x86_64_17.0.4.v20220903-1038/jre/bin/java
55a142e62000-55a142e63000 r--p 00002000 08:04 13634073                   /home/fabian/.p2/pool/plugins/org.eclipse.justj.openjdk.hotspot.jre.full.linux.x86_64_17.0.4.v20220903-1038/jre/bin/java
55a142e63000-55a142e64000 r--p 00002000 08:04 13634073                   /home/fabian/.p2/pool/plugins/org.eclipse.justj.openjdk.hotspot.jre.full.linux.x86_64_17.0.4.v20220903-1038/jre/bin/java
55a142e64000-55a142e65000 rw-p 00003000 08:04 13634073                   /home/fabian/.p2/pool/plugins/org.eclipse.justj.openjdk.hotspot.jre.full.linux.x86_64_17.0.4.v20220903-1038/jre/bin/java
55a144b37000-55a144b58000 rw-p 00000000 00:00 0                          [heap]
7f0bd0000000-7f0bd0021000 rw-p 00000000 00:00 0 
7f0bd0021000-7f0bd4000000 ---p 00000000 00:00 0 
7f0bd8000000-7f0bd8021000 rw-p 00000000 00:00 0 
7f0bd8021000-7f0bdc000000 ---p 00000000 00:00 0 
7f0bdc000000-7f0bdc021000 rw-p 00000000 00:00 0 
7f0bdc021000-7f0be0000000 ---p 00000000 00:00 0 
7f0be0000000-7f0be0044000 rw-p 00000000 00:00 0 
7f0be0044000-7f0be4000000 ---p 00000000 00:00 0 
7f0be4000000-7f0be4021000 rw-p 00000000 00:00 0 
7f0be4021000-7f0be8000000 ---p 00000000 00:00 0 
7f0beb415000-7f0beb880000 rw-p 00000000 00:00 0 
7f0beb880000-7f0beb900000 rw-p 00000000 00:00 0 
7f0beb900000-7f0beba60000 rw-p 00000000 00:00 0 
7f0beba60000-7f0bebb00000 ---p 00000000 00:00 0 
7f0bebb00000-7f0bebb50000 rw-p 00000000 00:00 0 
7f0bebb50000-7f0bec000000 ---p 00000000 00:00 0 
7f0bec000000-7f0bec021000 rw-p 00000000 00:00 0 
7f0bec021000-7f0bf0000000 ---p 00000000 00:00 0 
7f0bf0000000-7f0bf0021000 rw-p 00000000 00:00 0 
7f0bf0021000-7f0bf4000000 ---p 00000000 00:00 0 
7f0bf4000000-7f0bf43f7000 rw-p 00000000 00:00 0 
7f0bf43f7000-7f0bf8000000 ---p 00000000 00:00 0 
7f0bf8000000-7f0bf8021000 rw-p 00000000 00:00 0 
7f0bf8021000-7f0bfc000000 ---p 00000000 00:00 0 
7f0bfc000000-7f0bfc021000 rw-p 00000000 00:00 0 
7f0bfc021000-7f0c00000000 ---p 00000000 00:00 0 
7f0c00000000-7f0c0026b000 rw-p 00000000 00:00 0 
7f0c0026b000-7f0c04000000 ---p 00000000 00:00 0 
7f0c04000000-7f0c04021000 rw-p 00000000 00:00 0 
7f0c04021000-7f0c08000000 ---p 00000000 00:00 0 
7f0c08000000-7f0c08021000 rw-p 00000000 00:00 0 
7f0c08021000-7f0c0c000000 ---p 00000000 00:00 0 
7f0c0c000000-7f0c0c021000 rw-p 00000000 00:00 0 
7f0c0c021000-7f0c10000000 ---p 00000000 00:00 0 
7f0c10000000-7f0c10021000 rw-p 00000000 00:00 0 
7f0c10021000-7f0c14000000 ---p 00000000 00:00 0 
7f0c14000000-7f0c14021000 rw-p 00000000 00:00 0 
7f0c14021000-7f0c18000000 ---p 00000000 00:00 0 
7f0c18000000-7f0c18021000 rw-p 00000000 00:00 0 
7f0c18021000-7f0c1c000000 ---p 00000000 00:00 0 
7f0c1c000000-7f0c1c021000 rw-p 00000000 00:00 0 
7f0c1c021000-7f0c20000000 ---p 00000000 00:00 0 
7f0c20117000-7f0c2011b000 ---p 00000000 00:00 0 
7f0c2011b000-7f0c20217000 rw-p 00000000 00:00 0 
7f0c20217000-7f0c2021b000 ---p 00000000 00:00 0 
7f0c2021b000-7f0c20317000 rw-p 00000000 00:00 0 
7f0c20317000-7f0c2031b000 ---p 00000000 00:00 0 
7f0c2031b000-7f0c20417000 rw-p 00000000 00:00 0 
7f0c20417000-7f0c2041b000 ---p 00000000 00:00 0 
7f0c2041b000-7f0c20517000 rw-p 00000000 00:00 0 
7f0c20517000-7f0c2051b000 ---p 00000000 00:00 0 
7f0c2051b000-7f0c20617000 rw-p 00000000 00:00 0 
7f0c20617000-7f0c20618000 ---p 00000000 00:00 0 
7f0c20618000-7f0c20719000 rw-p 00000000 00:00 0 
7f0c20719000-7f0c2071d000 ---p 00000000 00:00 0 
7f0c2071d000-7f0c20819000 rw-p 00000000 00:00 0 
7f0c20819000-7f0c2081d000 ---p 00000000 00:00 0 
7f0c2081d000-7f0c20919000 rw-p 00000000 00:00 0 
7f0c20919000-7f0c2091d000 ---p 00000000 00:00 0 
7f0c2091d000-7f0c20a19000 rw-p 00000000 00:00 0 
7f0c20a19000-7f0c21800000 r--p 00000000 08:04 3675468                    /usr/lib/locale/locale-archive
7f0c21800000-7f0c21c00000 rw-p 00000000 00:00 0 
7f0c21c00000-7f0c21c20000 rw-p 00000000 00:00 0 
7f0c21c20000-7f0c21c40000 rw-p 00000000 00:00 0 
7f0c21c40000-7f0c21c80000 rw-p 00000000 00:00 0 
7f0c21c80000-7f0c21d00000 rw-p 00000000 00:00 0 
7f0c21d00000-7f0c24000000 rw-p 00000000 00:00 0 
7f0c24000000-7f0c24021000 rw-p 00000000 00:00 0 
7f0c24021000-7f0c28000000 ---p 00000000 00:00 0 
7f0c28000000-7f0c28021000 rw-p 00000000 00:00 0 
7f0c28021000-7f0c2c000000 ---p 00000000 00:00 0 
7f0c2c000000-7f0c2c021000 rw-p 00000000 00:00 0 
7f0c2c021000-7f0c30000000 ---p 00000000 00:00 0 
7f0c30060000-7f0c30067000 r--s 00000000 08:04 4329321                    /usr/lib/x86_64-linux-gnu/gconv/gconv-modules.cache
7f0c30067000-7f0c30098000 rw-p 00000000 00:00 0 
7f0c30098000-7f0c3009c000 ---p 00000000 00:00 0 
7f0c3009c000-7f0c30198000 rw-p 00000000 00:00 0 
7f0c30198000-7f0c3019c000 ---p 00000000 00:00 0 
7f0c3019c000-7f0c30298000 rw-p 00000000 00:00 0 
7f0c30298000-7f0c3029c000 ---p 00000000 00:00 0 
7f0c3029c000-7f0c30398000 rw-p 00000000 00:00 0 
7f0c30398000-7f0c3039c000 ---p 00000000 00:00 0 
7f0c3039c000-7f0c30498000 rw-p 00000000 00:00 0 
7f0c30498000-7f0c3049c000 ---p 00000000 00:00 0 
7f0c3049c000-7f0c30598000 rw-p 00000000 00:00 0 
7f0c30598000-7f0c3059c000 ---p 00000000 00:00 0 
7f0c3059c000-7f0c30698000 rw-p 00000000 00:00 0 
7f0c30698000-7f0c30699000 ---p 00000000 00:00 0 
7f0c30699000-7f0c3081b000 rw-p 00000000 00:00 0 
7f0c3081b000-7f0c3081c000 ---p 00000000 00:00 0 
7f0c3081c000-7f0c3091d000 rw-p 00000000 00:00 0 
7f0c3091d000-7f0c3091e000 ---p 00000000 00:00 0 
7f0c3091e000-7f0c317f5000 rw-p 00000000 00:00 0 
7f0c317f5000-7f0c38d15000 ---p 00000000 00:00 0 
7f0c38d15000-7f0c394e5000 rw-p 00000000 00:00 0 
7f0c394e5000-7f0c40a05000 ---p 00000000 00:00 0 
7f0c40a05000-7f0c40aff000 rw-p 00000000 00:00 0 
7f0c40aff000-7f0c419a3000 ---p 00000000 00:00 0 
7f0c419a3000-7f0c41c13000 rwxp 00000000 00:00 0 
7f0c41c13000-7f0c41f35000 ---p 00000000 00:00 0 
7f0c41f35000-7f0c421a5000 rwxp 00000000 00:00 0 
7f0c421a5000-7f0c4946c000 ---p 00000000 00:00 0 
7f0c4946c000-7f0c496dc000 rwxp 00000000 00:00 0 
7f0c496dc000-7f0c509a3000 ---p 00000000 00:00 0 
7f0c509a3000-7f0c54000000 r--s 00000000 08:04 13634449                   /home/fabian/.p2/pool/plugins/org.eclipse.justj.openjdk.hotspot.jre.full.linux.x86_64_17.0.4.v20220903-1038/jre/lib/modules
7f0c54000000-7f0c544bd000 rw-p 00000000 00:00 0 
7f0c544bd000-7f0c58000000 ---p 00000000 00:00 0 
7f0c58004000-7f0c58008000 r--p 00000000 08:04 11010325                   /tmp/jSerialComm/2.9.2/libjSerialComm.so
7f0c58008000-7f0c5800d000 r-xp 00004000 08:04 11010325                   /tmp/jSerialComm/2.9.2/libjSerialComm.so
7f0c5800d000-7f0c5800e000 r--p 00009000 08:04 11010325                   /tmp/jSerialComm/2.9.2/libjSerialComm.so
7f0c5800e000-7f0c5800f000 ---p 0000a000 08:04 11010325                   /tmp/jSerialComm/2.9.2/libjSerialComm.so
7f0c5800f000-7f0c58010000 r--p 0000a000 08:04 11010325                   /tmp/jSerialComm/2.9.2/libjSerialComm.so
7f0c58010000-7f0c58011000 rw-p 0000b000 08:04 11010325                   /tmp/jSerialComm/2.9.2/libjSerialComm.so
7f0c58011000-7f0c58012000 r--p 00000000 08:04 13634489                   /home/fabian/.p2/pool/plugins/org.eclipse.justj.openjdk.hotspot.jre.full.linux.x86_64_17.0.4.v20220903-1038/jre/lib/libextnet.so
7f0c58012000-7f0c58013000 r-xp 00001000 08:04 13634489                   /home/fabian/.p2/pool/plugins/org.eclipse.justj.openjdk.hotspot.jre.full.linux.x86_64_17.0.4.v20220903-1038/jre/lib/libextnet.so
7f0c58013000-7f0c58014000 r--p 00002000 08:04 13634489                   /home/fabian/.p2/pool/plugins/org.eclipse.justj.openjdk.hotspot.jre.full.linux.x86_64_17.0.4.v20220903-1038/jre/lib/libextnet.so
7f0c58014000-7f0c58015000 r--p 00002000 08:04 13634489                   /home/fabian/.p2/pool/plugins/org.eclipse.justj.openjdk.hotspot.jre.full.linux.x86_64_17.0.4.v20220903-1038/jre/lib/libextnet.so
7f0c58015000-7f0c58016000 rw-p 00003000 08:04 13634489                   /home/fabian/.p2/pool/plugins/org.eclipse.justj.openjdk.hotspot.jre.full.linux.x86_64_17.0.4.v20220903-1038/jre/lib/libextnet.so
7f0c58016000-7f0c5801a000 r--p 00000000 08:04 13634458                   /home/fabian/.p2/pool/plugins/org.eclipse.justj.openjdk.hotspot.jre.full.linux.x86_64_17.0.4.v20220903-1038/jre/lib/libnet.so
7f0c5801a000-7f0c58028000 r-xp 00004000 08:04 13634458                   /home/fabian/.p2/pool/plugins/org.eclipse.justj.openjdk.hotspot.jre.full.linux.x86_64_17.0.4.v20220903-1038/jre/lib/libnet.so
7f0c58028000-7f0c5802c000 r--p 00012000 08:04 13634458                   /home/fabian/.p2/pool/plugins/org.eclipse.justj.openjdk.hotspot.jre.full.linux.x86_64_17.0.4.v20220903-1038/jre/lib/libnet.so
7f0c5802c000-7f0c5802d000 r--p 00015000 08:04 13634458                   /home/fabian/.p2/pool/plugins/org.eclipse.justj.openjdk.hotspot.jre.full.linux.x86_64_17.0.4.v20220903-1038/jre/lib/libnet.so
7f0c5802d000-7f0c5802e000 rw-p 00016000 08:04 13634458                   /home/fabian/.p2/pool/plugins/org.eclipse.justj.openjdk.hotspot.jre.full.linux.x86_64_17.0.4.v20220903-1038/jre/lib/libnet.so
7f0c5802e000-7f0c58035000 r--p 00000000 08:04 13634459                   /home/fabian/.p2/pool/plugins/org.eclipse.justj.openjdk.hotspot.jre.full.linux.x86_64_17.0.4.v20220903-1038/jre/lib/libnio.so
7f0c58035000-7f0c5803e000 r-xp 00007000 08:04 13634459                   /home/fabian/.p2/pool/plugins/org.eclipse.justj.openjdk.hotspot.jre.full.linux.x86_64_17.0.4.v20220903-1038/jre/lib/libnio.so
7f0c5803e000-7f0c58042000 r--p 00010000 08:04 13634459                   /home/fabian/.p2/pool/plugins/org.eclipse.justj.openjdk.hotspot.jre.full.linux.x86_64_17.0.4.v20220903-1038/jre/lib/libnio.so
7f0c58042000-7f0c58043000 ---p 00014000 08:04 13634459                   /home/fabian/.p2/pool/plugins/org.eclipse.justj.openjdk.hotspot.jre.full.linux.x86_64_17.0.4.v20220903-1038/jre/lib/libnio.so
7f0c58043000-7f0c58044000 r--p 00014000 08:04 13634459                   /home/fabian/.p2/pool/plugins/org.eclipse.justj.openjdk.hotspot.jre.full.linux.x86_64_17.0.4.v20220903-1038/jre/lib/libnio.so
7f0c58044000-7f0c58045000 rw-p 00015000 08:04 13634459                   /home/fabian/.p2/pool/plugins/org.eclipse.justj.openjdk.hotspot.jre.full.linux.x86_64_17.0.4.v20220903-1038/jre/lib/libnio.so
7f0c58045000-7f0c584e5000 rw-p 00000000 00:00 0 
7f0c584e5000-7f0c584e6000 ---p 00000000 00:00 0 
7f0c584e6000-7f0c585e7000 rw-p 00000000 00:00 0 
7f0c585e7000-7f0c585e8000 ---p 00000000 00:00 0 
7f0c585e8000-7f0c586e9000 rw-p 00000000 00:00 0 
7f0c586e9000-7f0c586ea000 ---p 00000000 00:00 0 
7f0c586ea000-7f0c589a5000 rw-p 00000000 00:00 0 
7f0c589a5000-7f0c59849000 ---p 00000000 00:00 0 
7f0c59849000-7f0c59943000 rw-p 00000000 00:00 0 
7f0c59943000-7f0c5a7e7000 ---p 00000000 00:00 0 
7f0c5a7e7000-7f0c5b235000 rw-p 00000000 00:00 0 
7f0c5b235000-7f0c5b31b000 ---p 00000000 00:00 0 
7f0c5b31b000-7f0c5b320000 rw-p 00000000 00:00 0 
7f0c5b320000-7f0c5b406000 ---p 00000000 00:00 0 
7f0c5b406000-7f0c5b40b000 rw-p 00000000 00:00 0 
7f0c5b40b000-7f0c5b412000 ---p 00000000 00:00 0 
7f0c5b412000-7f0c5b41f000 r--p 00000000 08:04 13634454                   /home/fabian/.p2/pool/plugins/org.eclipse.justj.openjdk.hotspot.jre.full.linux.x86_64_17.0.4.v20220903-1038/jre/lib/libjava.so
7f0c5b41f000-7f0c5b431000 r-xp 0000d000 08:04 13634454                   /home/fabian/.p2/pool/plugins/org.eclipse.justj.openjdk.hotspot.jre.full.linux.x86_64_17.0.4.v20220903-1038/jre/lib/libjava.so
7f0c5b431000-7f0c5b437000 r--p 0001f000 08:04 13634454                   /home/fabian/.p2/pool/plugins/org.eclipse.justj.openjdk.hotspot.jre.full.linux.x86_64_17.0.4.v20220903-1038/jre/lib/libjava.so
7f0c5b437000-7f0c5b438000 ---p 00025000 08:04 13634454                   /home/fabian/.p2/pool/plugins/org.eclipse.justj.openjdk.hotspot.jre.full.linux.x86_64_17.0.4.v20220903-1038/jre/lib/libjava.so
7f0c5b438000-7f0c5b439000 r--p 00025000 08:04 13634454                   /home/fabian/.p2/pool/plugins/org.eclipse.justj.openjdk.hotspot.jre.full.linux.x86_64_17.0.4.v20220903-1038/jre/lib/libjava.so
7f0c5b439000-7f0c5b43a000 rw-p 00026000 08:04 13634454                   /home/fabian/.p2/pool/plugins/org.eclipse.justj.openjdk.hotspot.jre.full.linux.x86_64_17.0.4.v20220903-1038/jre/lib/libjava.so
7f0c5b43a000-7f0c5b43b000 rw-p 00000000 00:00 0 
7f0c5b43b000-7f0c5b43f000 r--p 00000000 08:04 13634455                   /home/fabian/.p2/pool/plugins/org.eclipse.justj.openjdk.hotspot.jre.full.linux.x86_64_17.0.4.v20220903-1038/jre/lib/libjimage.so
7f0c5b43f000-7f0c5b452000 r-xp 00004000 08:04 13634455                   /home/fabian/.p2/pool/plugins/org.eclipse.justj.openjdk.hotspot.jre.full.linux.x86_64_17.0.4.v20220903-1038/jre/lib/libjimage.so
7f0c5b452000-7f0c5b458000 r--p 00017000 08:04 13634455                   /home/fabian/.p2/pool/plugins/org.eclipse.justj.openjdk.hotspot.jre.full.linux.x86_64_17.0.4.v20220903-1038/jre/lib/libjimage.so
7f0c5b458000-7f0c5b45a000 r--p 0001c000 08:04 13634455                   /home/fabian/.p2/pool/plugins/org.eclipse.justj.openjdk.hotspot.jre.full.linux.x86_64_17.0.4.v20220903-1038/jre/lib/libjimage.so
7f0c5b45a000-7f0c5b45b000 rw-p 0001e000 08:04 13634455                   /home/fabian/.p2/pool/plugins/org.eclipse.justj.openjdk.hotspot.jre.full.linux.x86_64_17.0.4.v20220903-1038/jre/lib/libjimage.so
7f0c5b45b000-7f0c5b45f000 ---p 00000000 00:00 0 
7f0c5b45f000-7f0c5b55b000 rw-p 00000000 00:00 0 
7f0c5b55b000-7f0c5b569000 r--p 00000000 08:04 3677161                    /usr/lib/x86_64-linux-gnu/libm.so.6
7f0c5b569000-7f0c5b5e5000 r-xp 0000e000 08:04 3677161                    /usr/lib/x86_64-linux-gnu/libm.so.6
7f0c5b5e5000-7f0c5b640000 r--p 0008a000 08:04 3677161                    /usr/lib/x86_64-linux-gnu/libm.so.6
7f0c5b640000-7f0c5b641000 r--p 000e4000 08:04 3677161                    /usr/lib/x86_64-linux-gnu/libm.so.6
7f0c5b641000-7f0c5b642000 rw-p 000e5000 08:04 3677161                    /usr/lib/x86_64-linux-gnu/libm.so.6
7f0c5b642000-7f0c5b643000 r--p 00000000 08:04 3677486                    /usr/lib/x86_64-linux-gnu/librt.so.1
7f0c5b643000-7f0c5b644000 r-xp 00001000 08:04 3677486                    /usr/lib/x86_64-linux-gnu/librt.so.1
7f0c5b644000-7f0c5b645000 r--p 00002000 08:04 3677486                    /usr/lib/x86_64-linux-gnu/librt.so.1
7f0c5b645000-7f0c5b646000 r--p 00002000 08:04 3677486                    /usr/lib/x86_64-linux-gnu/librt.so.1
7f0c5b646000-7f0c5b647000 rw-p 00003000 08:04 3677486                    /usr/lib/x86_64-linux-gnu/librt.so.1
7f0c5b647000-7f0c5b898000 r--p 00000000 08:04 13634445                   /home/fabian/.p2/pool/plugins/org.eclipse.justj.openjdk.hotspot.jre.full.linux.x86_64_17.0.4.v20220903-1038/jre/lib/server/libjvm.so
7f0c5b898000-7f0c5c5b1000 r-xp 00251000 08:04 13634445                   /home/fabian/.p2/pool/plugins/org.eclipse.justj.openjdk.hotspot.jre.full.linux.x86_64_17.0.4.v20220903-1038/jre/lib/server/libjvm.so
7f0c5c5b1000-7f0c5c83c000 r--p 00f6a000 08:04 13634445                   /home/fabian/.p2/pool/plugins/org.eclipse.justj.openjdk.hotspot.jre.full.linux.x86_64_17.0.4.v20220903-1038/jre/lib/server/libjvm.so
7f0c5c83c000-7f0c5c8f5000 r--p 011f4000 08:04 13634445                   /home/fabian/.p2/pool/plugins/org.eclipse.justj.openjdk.hotspot.jre.full.linux.x86_64_17.0.4.v20220903-1038/jre/lib/server/libjvm.so
7f0c5c8f5000-7f0c5c92a000 rw-p 012ad000 08:04 13634445                   /home/fabian/.p2/pool/plugins/org.eclipse.justj.openjdk.hotspot.jre.full.linux.x86_64_17.0.4.v20220903-1038/jre/lib/server/libjvm.so
7f0c5c92a000-7f0c5c987000 rw-p 00000000 00:00 0 
7f0c5c987000-7f0c5c9af000 r--p 00000000 08:04 3676510                    /usr/lib/x86_64-linux-gnu/libc.so.6
7f0c5c9af000-7f0c5cb44000 r-xp 00028000 08:04 3676510                    /usr/lib/x86_64-linux-gnu/libc.so.6
7f0c5cb44000-7f0c5cb9c000 r--p 001bd000 08:04 3676510                    /usr/lib/x86_64-linux-gnu/libc.so.6
7f0c5cb9c000-7f0c5cba0000 r--p 00214000 08:04 3676510                    /usr/lib/x86_64-linux-gnu/libc.so.6
7f0c5cba0000-7f0c5cba2000 rw-p 00218000 08:04 3676510                    /usr/lib/x86_64-linux-gnu/libc.so.6
7f0c5cba2000-7f0c5cbaf000 rw-p 00000000 00:00 0 
7f0c5cbaf000-7f0c5cbb0000 r--p 00000000 08:04 3676652                    /usr/lib/x86_64-linux-gnu/libdl.so.2
7f0c5cbb0000-7f0c5cbb1000 r-xp 00001000 08:04 3676652                    /usr/lib/x86_64-linux-gnu/libdl.so.2
7f0c5cbb1000-7f0c5cbb2000 r--p 00002000 08:04 3676652                    /usr/lib/x86_64-linux-gnu/libdl.so.2
7f0c5cbb2000-7f0c5cbb3000 r--p 00002000 08:04 3676652                    /usr/lib/x86_64-linux-gnu/libdl.so.2
7f0c5cbb3000-7f0c5cbb4000 rw-p 00003000 08:04 3676652                    /usr/lib/x86_64-linux-gnu/libdl.so.2
7f0c5cbb4000-7f0c5cbb5000 r--p 00000000 08:04 3677430                    /usr/lib/x86_64-linux-gnu/libpthread.so.0
7f0c5cbb5000-7f0c5cbb6000 r-xp 00001000 08:04 3677430                    /usr/lib/x86_64-linux-gnu/libpthread.so.0
7f0c5cbb6000-7f0c5cbb7000 r--p 00002000 08:04 3677430                    /usr/lib/x86_64-linux-gnu/libpthread.so.0
7f0c5cbb7000-7f0c5cbb8000 r--p 00002000 08:04 3677430                    /usr/lib/x86_64-linux-gnu/libpthread.so.0
7f0c5cbb8000-7f0c5cbb9000 rw-p 00003000 08:04 3677430                    /usr/lib/x86_64-linux-gnu/libpthread.so.0
7f0c5cbb9000-7f0c5cbbc000 r--p 00000000 08:04 13634456                   /home/fabian/.p2/pool/plugins/org.eclipse.justj.openjdk.hotspot.jre.full.linux.x86_64_17.0.4.v20220903-1038/jre/lib/libjli.so
7f0c5cbbc000-7f0c5cbc6000 r-xp 00003000 08:04 13634456                   /home/fabian/.p2/pool/plugins/org.eclipse.justj.openjdk.hotspot.jre.full.linux.x86_64_17.0.4.v20220903-1038/jre/lib/libjli.so
7f0c5cbc6000-7f0c5cbc9000 r--p 0000d000 08:04 13634456                   /home/fabian/.p2/pool/plugins/org.eclipse.justj.openjdk.hotspot.jre.full.linux.x86_64_17.0.4.v20220903-1038/jre/lib/libjli.so
7f0c5cbc9000-7f0c5cbca000 ---p 00010000 08:04 13634456                   /home/fabian/.p2/pool/plugins/org.eclipse.justj.openjdk.hotspot.jre.full.linux.x86_64_17.0.4.v20220903-1038/jre/lib/libjli.so
7f0c5cbca000-7f0c5cbcb000 r--p 00010000 08:04 13634456                   /home/fabian/.p2/pool/plugins/org.eclipse.justj.openjdk.hotspot.jre.full.linux.x86_64_17.0.4.v20220903-1038/jre/lib/libjli.so
7f0c5cbcb000-7f0c5cbcc000 rw-p 00011000 08:04 13634456                   /home/fabian/.p2/pool/plugins/org.eclipse.justj.openjdk.hotspot.jre.full.linux.x86_64_17.0.4.v20220903-1038/jre/lib/libjli.so
7f0c5cbcc000-7f0c5cbce000 r--p 00000000 08:04 3699171                    /usr/lib/x86_64-linux-gnu/libz.so.1.2.11
7f0c5cbce000-7f0c5cbdf000 r-xp 00002000 08:04 3699171                    /usr/lib/x86_64-linux-gnu/libz.so.1.2.11
7f0c5cbdf000-7f0c5cbe5000 r--p 00013000 08:04 3699171                    /usr/lib/x86_64-linux-gnu/libz.so.1.2.11
7f0c5cbe5000-7f0c5cbe6000 ---p 00019000 08:04 3699171                    /usr/lib/x86_64-linux-gnu/libz.so.1.2.11
7f0c5cbe6000-7f0c5cbe7000 r--p 00019000 08:04 3699171                    /usr/lib/x86_64-linux-gnu/libz.so.1.2.11
7f0c5cbe7000-7f0c5cbe8000 rw-p 0001a000 08:04 3699171                    /usr/lib/x86_64-linux-gnu/libz.so.1.2.11
7f0c5cbe9000-7f0c5cbeb000 r--p 00000000 08:04 13634461                   /home/fabian/.p2/pool/plugins/org.eclipse.justj.openjdk.hotspot.jre.full.linux.x86_64_17.0.4.v20220903-1038/jre/lib/libzip.so
7f0c5cbeb000-7f0c5cbef000 r-xp 00002000 08:04 13634461                   /home/fabian/.p2/pool/plugins/org.eclipse.justj.openjdk.hotspot.jre.full.linux.x86_64_17.0.4.v20220903-1038/jre/lib/libzip.so
7f0c5cbef000-7f0c5cbf1000 r--p 00006000 08:04 13634461                   /home/fabian/.p2/pool/plugins/org.eclipse.justj.openjdk.hotspot.jre.full.linux.x86_64_17.0.4.v20220903-1038/jre/lib/libzip.so
7f0c5cbf1000-7f0c5cbf2000 r--p 00007000 08:04 13634461                   /home/fabian/.p2/pool/plugins/org.eclipse.justj.openjdk.hotspot.jre.full.linux.x86_64_17.0.4.v20220903-1038/jre/lib/libzip.so
7f0c5cbf2000-7f0c5cbf3000 rw-p 00008000 08:04 13634461                   /home/fabian/.p2/pool/plugins/org.eclipse.justj.openjdk.hotspot.jre.full.linux.x86_64_17.0.4.v20220903-1038/jre/lib/libzip.so
7f0c5cbf3000-7f0c5cbfb000 rw-s 00000000 08:04 11010322                   /tmp/hsperfdata_fabian/7341
7f0c5cbfb000-7f0c5cbfc000 ---p 00000000 00:00 0 
7f0c5cbfc000-7f0c5cbfd000 r--p 00000000 00:00 0 
7f0c5cbfd000-7f0c5cbff000 rw-p 00000000 00:00 0 
7f0c5cbff000-7f0c5cc01000 r--p 00000000 08:04 3676173                    /usr/lib/x86_64-linux-gnu/ld-linux-x86-64.so.2
7f0c5cc01000-7f0c5cc2b000 r-xp 00002000 08:04 3676173                    /usr/lib/x86_64-linux-gnu/ld-linux-x86-64.so.2
7f0c5cc2b000-7f0c5cc36000 r--p 0002c000 08:04 3676173                    /usr/lib/x86_64-linux-gnu/ld-linux-x86-64.so.2
7f0c5cc36000-7f0c5cc37000 ---p 00000000 00:00 0 
7f0c5cc37000-7f0c5cc39000 r--p 00037000 08:04 3676173                    /usr/lib/x86_64-linux-gnu/ld-linux-x86-64.so.2
7f0c5cc39000-7f0c5cc3b000 rw-p 00039000 08:04 3676173                    /usr/lib/x86_64-linux-gnu/ld-linux-x86-64.so.2
7ffe08130000-7ffe08151000 rw-p 00000000 00:00 0                          [stack]
7ffe081f1000-7ffe081f5000 r--p 00000000 00:00 0                          [vvar]
7ffe081f5000-7ffe081f7000 r-xp 00000000 00:00 0                          [vdso]
ffffffffff600000-ffffffffff601000 --xp 00000000 00:00 0                  [vsyscall]


VM Arguments:
jvm_args: -Dfile.encoding=UTF-8 -XX:+ShowCodeDetailsInExceptionMessages 
java_command: com.fabian.backgroundworker.App
java_class_path (initial): /home/fabian/Dokumente/Github/Background-Worker/backgroundworker/target/classes:/home/fabian/.m2/repository/org/eclipse/paho/org.eclipse.paho.client.mqttv3/1.2.2/org.eclipse.paho.client.mqttv3-1.2.2.jar:/home/fabian/.m2/repository/com/google/code/gson/gson/2.8.7/gson-2.8.7.jar:/home/fabian/.m2/repository/com/fazecast/jSerialComm/2.9.2/jSerialComm-2.9.2.jar
Launcher Type: SUN_STANDARD

[Global flags]
     intx CICompilerCount                          = 4                                         {product} {ergonomic}
     uint ConcGCThreads                            = 3                                         {product} {ergonomic}
     uint G1ConcRefinementThreads                  = 10                                        {product} {ergonomic}
   size_t G1HeapRegionSize                         = 4194304                                   {product} {ergonomic}
    uintx GCDrainStackTargetSize                   = 64                                        {product} {ergonomic}
   size_t InitialHeapSize                          = 524288000                                 {product} {ergonomic}
   size_t MarkStackSize                            = 4194304                                   {product} {ergonomic}
   size_t MaxHeapSize                              = 8384413696                                {product} {ergonomic}
   size_t MaxNewSize                               = 5028970496                                {product} {ergonomic}
   size_t MinHeapDeltaBytes                        = 4194304                                   {product} {ergonomic}
   size_t MinHeapSize                              = 8388608                                   {product} {ergonomic}
    uintx NonNMethodCodeHeapSize                   = 5839372                                {pd product} {ergonomic}
    uintx NonProfiledCodeHeapSize                  = 122909434                              {pd product} {ergonomic}
    uintx ProfiledCodeHeapSize                     = 122909434                              {pd product} {ergonomic}
    uintx ReservedCodeCacheSize                    = 251658240                              {pd product} {ergonomic}
     bool SegmentedCodeCache                       = true                                      {product} {ergonomic}
     bool ShowCodeDetailsInExceptionMessages       = true                                   {manageable} {command line}
   size_t SoftMaxHeapSize                          = 8384413696                             {manageable} {ergonomic}
     bool UseCompressedClassPointers               = true                           {product lp64_product} {ergonomic}
     bool UseCompressedOops                        = true                           {product lp64_product} {ergonomic}
     bool UseG1GC                                  = true                                      {product} {ergonomic}

Logging:
Log output configuration:
 #0: stdout all=warning uptime,level,tags
 #1: stderr all=off uptime,level,tags

Environment Variables:
PATH=/usr/local/sbin:/usr/local/bin:/usr/sbin:/usr/bin:/sbin:/bin:/usr/games:/usr/local/games:/snap/bin:/snap/bin
USERNAME=fabian
SHELL=/bin/bash
DISPLAY=:1
LANG=de_AT.UTF-8

Signal Handlers:
   SIGSEGV: crash_handler in libjvm.so, mask=11100100010111111101111111111110, flags=SA_RESTART|SA_SIGINFO
    SIGBUS: crash_handler in libjvm.so, mask=11100100010111111101111111111110, flags=SA_RESTART|SA_SIGINFO
    SIGFPE: crash_handler in libjvm.so, mask=11100100010111111101111111111110, flags=SA_RESTART|SA_SIGINFO
   SIGPIPE: javaSignalHandler in libjvm.so, mask=11100100010111111101111111111110, flags=SA_RESTART|SA_SIGINFO
   SIGXFSZ: javaSignalHandler in libjvm.so, mask=11100100010111111101111111111110, flags=SA_RESTART|SA_SIGINFO
    SIGILL: crash_handler in libjvm.so, mask=11100100010111111101111111111110, flags=SA_RESTART|SA_SIGINFO
   SIGUSR2: SIG_IGN, mask=00000000000000000000000000000000, flags=none
  *** Handler was modified!
  *** Expected: SR_handler in libjvm.so, mask=00100000000000000000000000000000, flags=SA_RESTART|SA_SIGINFO
    SIGHUP: SIG_IGN, mask=00000000000000000000000000000000, flags=none
    SIGINT: UserHandler in libjvm.so, mask=11100100010111111101111111111110, flags=SA_RESTART|SA_SIGINFO
   SIGTERM: UserHandler in libjvm.so, mask=11100100010111111101111111111110, flags=SA_RESTART|SA_SIGINFO
   SIGQUIT: UserHandler in libjvm.so, mask=11100100010111111101111111111110, flags=SA_RESTART|SA_SIGINFO
  *** Handler was modified!
  *** Expected: javaSignalHandler in libjvm.so, mask=11100100110111111111111111111110, flags=SA_RESTART|SA_SIGINFO
   SIGTRAP: crash_handler in libjvm.so, mask=11100100010111111101111111111110, flags=SA_RESTART|SA_SIGINFO


---------------  S Y S T E M  ---------------

OS:
DISTRIB_ID=Ubuntu
DISTRIB_RELEASE=22.04
DISTRIB_CODENAME=jammy
DISTRIB_DESCRIPTION="Ubuntu 22.04.1 LTS"
uname: Linux 5.15.0-52-generic #58-Ubuntu SMP Thu Oct 13 08:03:55 UTC 2022 x86_64
OS uptime: 0 days 0:14 hours
libc: glibc 2.35 NPTL 2.35 
rlimit (soft/hard): STACK 8192k/infinity , CORE 0k/infinity , NPROC 127640/127640 , NOFILE 1048576/1048576 , AS infinity/infinity , CPU infinity/infinity , DATA infinity/infinity , FSIZE infinity/infinity , MEMLOCK 4093344k/4093344k
load average: 1,64 1,96 1,81

/proc/meminfo:
MemTotal:       32746760 kB
MemFree:        25413376 kB
MemAvailable:   27765272 kB
Buffers:          104212 kB
Cached:          2592724 kB
SwapCached:            0 kB
Active:          1041912 kB
Inactive:        5604588 kB
Active(anon):       2352 kB
Inactive(anon):  3980744 kB
Active(file):    1039560 kB
Inactive(file):  1623844 kB
Unevictable:          96 kB
Mlocked:              96 kB
SwapTotal:       2097148 kB
SwapFree:        2097148 kB
Dirty:               184 kB
Writeback:             0 kB
AnonPages:       3931300 kB
Mapped:           978384 kB
Shmem:             53560 kB
KReclaimable:     118996 kB
Slab:             310868 kB
SReclaimable:     118996 kB
SUnreclaim:       191872 kB
KernelStack:       19616 kB
PageTables:        47928 kB
NFS_Unstable:          0 kB
Bounce:                0 kB
WritebackTmp:          0 kB
CommitLimit:    18470528 kB
Committed_AS:   13543796 kB
VmallocTotal:   34359738367 kB
VmallocUsed:       92072 kB
VmallocChunk:          0 kB
Percpu:            18432 kB
HardwareCorrupted:     0 kB
AnonHugePages:     18432 kB
ShmemHugePages:        0 kB
ShmemPmdMapped:        0 kB
FileHugePages:         0 kB
FilePmdMapped:         0 kB
HugePages_Total:       0
HugePages_Free:        0
HugePages_Rsvd:        0
HugePages_Surp:        0
Hugepagesize:       2048 kB
Hugetlb:               0 kB
DirectMap4k:      618852 kB
DirectMap2M:     9740288 kB
DirectMap1G:    24117248 kB

/sys/kernel/mm/transparent_hugepage/enabled: always [madvise] never
/sys/kernel/mm/transparent_hugepage/defrag (defrag/compaction efforts parameter): always defer defer+madvise [madvise] never

Process Memory:
Virtual Size: 11422684K (peak: 11484128K)
Resident Set Size: 70212K (peak: 70212K) (anon: 42332K, file: 27880K, shmem: 0K)
Swapped out: 0K
C-Heap outstanding allocations: 37615K, retained: 2964K
glibc malloc tunables: (default)

/proc/sys/kernel/threads-max (system-wide limit on the number of threads): 255281
/proc/sys/vm/max_map_count (maximum number of memory map areas a process may have): 65530
/proc/sys/kernel/pid_max (system-wide limit on number of process identifiers): 4194304

container (cgroup) information:
container_type: cgroupv2
cpu_cpuset_cpus: not supported
cpu_memory_nodes: not supported
active_processor_count: 12
cpu_quota: not supported
cpu_period: not supported
cpu_shares: not supported
memory_limit_in_bytes: unlimited
memory_and_swap_limit_in_bytes: unlimited
memory_soft_limit_in_bytes: unlimited
memory_usage_in_bytes: 1604544 k
memory_max_usage_in_bytes: not supported
maximum number of tasks: 38292
current number of tasks: 166

Steal ticks since vm start: 0
Steal ticks percentage since vm start:  0,000

CPU: total 12 (initial active 12) (6 cores per cpu, 2 threads per core) family 6 model 158 stepping 10 microcode 0xf0, cx8, cmov, fxsr, ht, mmx, 3dnowpref, sse, sse2, sse3, ssse3, sse4.1, sse4.2, popcnt, lzcnt, tsc, tscinvbit, avx, avx2, aes, erms, clmul, bmi1, bmi2, adx, fma, vzeroupper, clflush, clflushopt
CPU Model and flags from /proc/cpuinfo:
model name	: Intel(R) Core(TM) i7-8750H CPU @ 2.20GHz
flags		: fpu vme de pse tsc msr pae mce cx8 apic sep mtrr pge mca cmov pat pse36 clflush dts acpi mmx fxsr sse sse2 ss ht tm pbe syscall nx pdpe1gb rdtscp lm constant_tsc art arch_perfmon pebs bts rep_good nopl xtopology nonstop_tsc cpuid aperfmperf pni pclmulqdq dtes64 monitor ds_cpl vmx est tm2 ssse3 sdbg fma cx16 xtpr pdcm pcid sse4_1 sse4_2 x2apic movbe popcnt tsc_deadline_timer aes xsave avx f16c rdrand lahf_lm abm 3dnowprefetch cpuid_fault epb invpcid_single pti ssbd ibrs ibpb stibp tpr_shadow vnmi flexpriority ept vpid ept_ad fsgsbase tsc_adjust bmi1 avx2 smep bmi2 erms invpcid mpx rdseed adx smap clflushopt intel_pt xsaveopt xsavec xgetbv1 xsaves dtherm ida arat pln pts hwp hwp_notify hwp_act_window hwp_epp md_clear flush_l1d arch_capabilities

Online cpus: 0-11
Offline cpus: 
BIOS frequency limitation: <Not Available>
Frequency switch latency (ns): 0
Available cpu frequencies: <Not Available>
Current governor: powersave
Core performance/turbo boost: <Not Available>

Memory: 4k page, physical 32746760k(25413376k free), swap 2097148k(2097148k free)
Page Sizes: 4k

vm_info: OpenJDK 64-Bit Server VM (17.0.4.1+1) for linux-amd64 JRE (17.0.4.1+1), built on Aug 12 2022 00:00:00 by "temurin" with gcc 10.3.0

END.
